"File: touch-key-3-3.c  Assembler  Version HGASM0202      Page 1


   1  0000              ; Generated by holtek-gcc v3.19, Thu Sep 05 10:48:06 2024
   2  0000              ; 
   3  0000              ; Configuration:
   4  0000              ;       without long instruction
   5  0000              ;       Single ROM, Multi-RAM
   6  0000              ;       bits_per_rom_unit:16
   7  0000              ;       with mp1
   8  0000              ;       with tbhp, address(0x9)
   9  0000              ;          Use tabrd-const
  10  0000              ;       
  11  0000              ;       
  12  0000              ;       
  13  0000              ; use 'tabrdc' instead of 'tabrd'
  14  0000              ;       
  15  0000              
  16  0000              #pragma translator "holtek-gcc 4.6.4" "3.19" "build 20130711"
  17  0000              ; Rebuild 718
  18  0000              
  19  0000              ir equ [2]
  20  0000              mp equ [3]
  21  0000              sbp equ [1]
  22  0000              acc equ [5]
  23  0000              bp equ [4]
  24  0000              tblp equ [7]
  25  0000              tbhp equ [9]
  26  0000              status equ [10]
  27  0000              c equ [10].0
  28  0000              ac equ [10].1
  29  0000              z equ [10].2
  30  0000              ov equ [10].3
  31  0000              intc equ [11]
  32  0000              
  33  0000              extern ra:byte
  34  0000              extern rb:byte
  35  0000              extern rc:byte
  36  0000              extern rd:byte
  37  0000              extern re:byte
  38  0000              extern rf:byte
  39  0000              extern rg:byte
  40  0000              extern rh:byte
  41  0000              extern _Crom2Prom:near
  42  0000              extern _Crom2PromNext:near
  43  0000              
  44  0000              RAMBANK 0 @HCCINIT, @HCCINIT0
  45  0000              
  46  0000              RAMBANK 0 @BITDATASEC, @BITDATASEC1
  47  0000              @HCCINIT	.section 'data'
  48  0000              @HCCINIT0	.section 'data'
  49  0000              @BITDATASEC	 .section 'data'
  50  0000              @BITDATASEC1	 .section 'data'
  51  0000              
  52  0000              #pragma debug scope 1 1
  53  0000              	extern __DELAY3:near
  54  0000              	extern __DELAYX3:near
  55  0000              	extern __DELAYX6:near
  56  0000              	extern __DELAYY5:near
  57  0000              	extern __DELAYY3:near
  58  0000              	extern _builtin_holtek_delay_2:byte
  59  0000              public _delay_10us
"File: touch-key-3-3.ASM  Assembler  Version HGASM0202      Page 2

  60  0000              #pragma debug scope 2 1

  11  0000              #line 11 "E:\hamed\touch2\touch-key-3-3\touch-key-3-3\DELAY.h"
  11  0000              _delay_10us .section 'code'
  11  0000              _delay_10us proc
  11  0000              public _delay_10us_2
  11  0000  0004[           local _delay_10us_2 db 4 dup(?)	; 4,0
            00
            ]
  11  0004              #pragma debug variable 14 2 _delay_10us_2+0 "count_u"
  15  0004              #line 15 "E:\hamed\touch2\touch-key-3-3\touch-key-3-3\DELAY.h"
  15  0000  1F00     E  	clr rd
  15  0001  1F00     E  	clr re
  15  0002  1F00     E  	clr rf
  15  0003  1F00     E  	clr rg
  15  0004  2800     R  	jmp _L2
  15  0005              _L3:
  17  0005              #line 17 "E:\hamed\touch2\touch-key-3-3\touch-key-3-3\DELAY.h"
  17  0005              ;# 17 "E:\hamed\touch2\touch-key-3-3\touch-key-3-3\DELAY.h" 1
  17  0005  0001        	clr wdt
  18  0006              #line 18 "E:\hamed\touch2\touch-key-3-3\touch-key-3-3\DELAY.h"
  18  0006              ;# 18 "E:\hamed\touch2\touch-key-3-3\touch-key-3-3\DELAY.h" 1
  18  0006  0000        	nop
  19  0007              #line 19 "E:\hamed\touch2\touch-key-3-3\touch-key-3-3\DELAY.h"
  19  0007              ;# 19 "E:\hamed\touch2\touch-key-3-3\touch-key-3-3\DELAY.h" 1
  19  0007  0000        	nop
  20  0008              #line 20 "E:\hamed\touch2\touch-key-3-3\touch-key-3-3\DELAY.h"
  20  0008              ;# 20 "E:\hamed\touch2\touch-key-3-3\touch-key-3-3\DELAY.h" 1
  20  0008  0000        	nop
  21  0009              #line 21 "E:\hamed\touch2\touch-key-3-3\touch-key-3-3\DELAY.h"
  21  0009              ;# 21 "E:\hamed\touch2\touch-key-3-3\touch-key-3-3\DELAY.h" 1
  21  0009  0000        	nop
  15  000A              #line 15 "E:\hamed\touch2\touch-key-3-3\touch-key-3-3\DELAY.h"
  15  000A  0F01        	mov a,1
  15  000B  0380     E  	addm a,rd
  15  000C  0F00        	mov a,0
  15  000D  1380     E  	adcm a,re
  15  000E  1380     E  	adcm a,rf
  15  000F  1380     E  	adcm a,rg
  15  0010              _L2:
  15  0010  0700     E  	mov a,rd
  15  0011  0400     R  	xor a,_delay_10us_2[0]
  15  0012  0700     E  	mov a,re
  15  0013  3D0A        	sz z
  15  0014  0400     R  	xor a,_delay_10us_2[1]
  15  0015  0700     E  	mov a,rf
  15  0016  3D0A        	sz z
  15  0017  0400     R  	xor a,_delay_10us_2[2]
  15  0018  0700     E  	mov a,rg
  15  0019  3D0A        	sz z
  15  001A  0400     R  	xor a,_delay_10us_2[3]
  15  001B  390A        	snz z
  15  001C  2800     R  	jmp _L3
  15  001D  0003        	ret
  15  001E              _delay_10us endp
  15  001E              #line 15 "E:\hamed\touch2\touch-key-3-3\touch-key-3-3\DELAY.h"
  15  001E              #pragma debug scope 1 1
  15  001E              public _delay_us
  15  001E              #pragma debug scope 3 1
  28  001E              #line 28 "E:\hamed\touch2\touch-key-3-3\touch-key-3-3\DELAY.h"
"File: DELAY.h       Assembler  Version HGASM0202      Page 3

  28  0000              _delay_us .section 'code'
  28  0000              _delay_us proc
  28  0000              public _delay_us_2
  28  0000  0004[           local _delay_us_2 db 4 dup(?)	; 4,0
            00
            ]
  28  0004              #pragma debug variable 14 3 _delay_us_2+0 "count_u"
  32  0004              #line 32 "E:\hamed\touch2\touch-key-3-3\touch-key-3-3\DELAY.h"
  32  0000  1F00     E  	clr rd
  32  0001  1F00     E  	clr re
  32  0002  1F00     E  	clr rf
  32  0003  1F00     E  	clr rg
  32  0004  2800     R  	jmp _L6
  32  0005              _L7:
  34  0005              #line 34 "E:\hamed\touch2\touch-key-3-3\touch-key-3-3\DELAY.h"
  34  0005              ;# 34 "E:\hamed\touch2\touch-key-3-3\touch-key-3-3\DELAY.h" 1
  34  0005  0001        	clr wdt
  35  0006              #line 35 "E:\hamed\touch2\touch-key-3-3\touch-key-3-3\DELAY.h"
  35  0006              ;# 35 "E:\hamed\touch2\touch-key-3-3\touch-key-3-3\DELAY.h" 1
  35  0006  0000        	nop
  32  0007              #line 32 "E:\hamed\touch2\touch-key-3-3\touch-key-3-3\DELAY.h"
  32  0007  0F01        	mov a,1
  32  0008  0380     E  	addm a,rd
  32  0009  0F00        	mov a,0
  32  000A  1380     E  	adcm a,re
  32  000B  1380     E  	adcm a,rf
  32  000C  1380     E  	adcm a,rg
  32  000D              _L6:
  32  000D  0700     E  	mov a,rd
  32  000E  0400     R  	xor a,_delay_us_2[0]
  32  000F  0700     E  	mov a,re
  32  0010  3D0A        	sz z
  32  0011  0400     R  	xor a,_delay_us_2[1]
  32  0012  0700     E  	mov a,rf
  32  0013  3D0A        	sz z
  32  0014  0400     R  	xor a,_delay_us_2[2]
  32  0015  0700     E  	mov a,rg
  32  0016  3D0A        	sz z
  32  0017  0400     R  	xor a,_delay_us_2[3]
  32  0018  390A        	snz z
  32  0019  2800     R  	jmp _L7
  32  001A  0003        	ret
  32  001B              _delay_us endp
  32  001B              #line 32 "E:\hamed\touch2\touch-key-3-3\touch-key-3-3\DELAY.h"
  32  001B              #pragma debug scope 1 1
  32  001B              public _delay_ms
  32  001B              #pragma debug scope 4 1
  42  001B              #line 42 "E:\hamed\touch2\touch-key-3-3\touch-key-3-3\DELAY.h"
  42  0000              _delay_ms .section 'code'
  42  0000              _delay_ms proc
  42  0000              public _delay_ms_2
  42  0000  0008[           local _delay_ms_2 db 8 dup(?)	; 4,4
            00
            ]
  42  0008              #pragma debug variable 14 4 _delay_ms_2+0 "count_m"
  44  0008              #line 44 "E:\hamed\touch2\touch-key-3-3\touch-key-3-3\DELAY.h"
  44  0000  0700     R  	mov a,_delay_ms_2[0]
  44  0001  0080     E  	mov _builtin_holtek_mulsi3_2[0],a
  44  0002  0700     R  	mov a,_delay_ms_2[1]
  44  0003  0080     E  	mov _builtin_holtek_mulsi3_2[1],a
"File: DELAY.h       Assembler  Version HGASM0202      Page 4

  44  0004  0700     R  	mov a,_delay_ms_2[2]
  44  0005  0080     E  	mov _builtin_holtek_mulsi3_2[2],a
  44  0006  0700     R  	mov a,_delay_ms_2[3]
  44  0007  0080     E  	mov _builtin_holtek_mulsi3_2[3],a
  44  0008  0F64        	mov a,100
  44  0009  0080     E  	mov _builtin_holtek_mulsi3_2[4],a
  44  000A  0F00        	mov a,0
  44  000B  0080     E  	mov _builtin_holtek_mulsi3_2[5],a
  44  000C  0F00        	mov a,0
  44  000D  0080     E  	mov _builtin_holtek_mulsi3_2[6],a
  44  000E  0F00        	mov a,0
  44  000F  0080     E  	mov _builtin_holtek_mulsi3_2[7],a
  44  0010  2000     E  	call _builtin_holtek_mulsi3
  44  0011  0700     E  	mov a,_builtin_holtek_mulsi3_2[8]
  44  0012  0080     R  	mov _delay_ms_2[4],a
  44  0013  0700     E  	mov a,_builtin_holtek_mulsi3_2[9]
  44  0014  0080     R  	mov _delay_ms_2[5],a
  44  0015  0700     E  	mov a,_builtin_holtek_mulsi3_2[10]
  44  0016  0080     R  	mov _delay_ms_2[6],a
  44  0017  0700     E  	mov a,_builtin_holtek_mulsi3_2[11]
  44  0018  0080     R  	mov _delay_ms_2[7],a
  45  0019              #line 45 "E:\hamed\touch2\touch-key-3-3\touch-key-3-3\DELAY.h"
  45  0019  1F00     E  	clr rd
  45  001A  1F00     E  	clr re
  45  001B  1F00     E  	clr rf
  45  001C  1F00     E  	clr rg
  45  001D  2800     R  	jmp _L9
  45  001E              _L10:
  47  001E              #line 47 "E:\hamed\touch2\touch-key-3-3\touch-key-3-3\DELAY.h"
  47  001E              ;# 47 "E:\hamed\touch2\touch-key-3-3\touch-key-3-3\DELAY.h" 1
  47  001E  0001        	clr wdt
  48  001F              #line 48 "E:\hamed\touch2\touch-key-3-3\touch-key-3-3\DELAY.h"
  48  001F              ;# 48 "E:\hamed\touch2\touch-key-3-3\touch-key-3-3\DELAY.h" 1
  48  001F  0000        	nop
  49  0020              #line 49 "E:\hamed\touch2\touch-key-3-3\touch-key-3-3\DELAY.h"
  49  0020              ;# 49 "E:\hamed\touch2\touch-key-3-3\touch-key-3-3\DELAY.h" 1
  49  0020  0000        	nop
  50  0021              #line 50 "E:\hamed\touch2\touch-key-3-3\touch-key-3-3\DELAY.h"
  50  0021              ;# 50 "E:\hamed\touch2\touch-key-3-3\touch-key-3-3\DELAY.h" 1
  50  0021  0000        	nop
  51  0022              #line 51 "E:\hamed\touch2\touch-key-3-3\touch-key-3-3\DELAY.h"
  51  0022              ;# 51 "E:\hamed\touch2\touch-key-3-3\touch-key-3-3\DELAY.h" 1
  51  0022  0000        	nop
  45  0023              #line 45 "E:\hamed\touch2\touch-key-3-3\touch-key-3-3\DELAY.h"
  45  0023  0F01        	mov a,1
  45  0024  0380     E  	addm a,rd
  45  0025  0F00        	mov a,0
  45  0026  1380     E  	adcm a,re
  45  0027  1380     E  	adcm a,rf
  45  0028  1380     E  	adcm a,rg
  45  0029              _L9:
  45  0029  0700     E  	mov a,rd
  45  002A  0400     R  	xor a,_delay_ms_2[4]
  45  002B  0700     E  	mov a,re
  45  002C  3D0A        	sz z
  45  002D  0400     R  	xor a,_delay_ms_2[5]
  45  002E  0700     E  	mov a,rf
  45  002F  3D0A        	sz z
  45  0030  0400     R  	xor a,_delay_ms_2[6]
  45  0031  0700     E  	mov a,rg
"File: DELAY.h       Assembler  Version HGASM0202      Page 5

  45  0032  3D0A        	sz z
  45  0033  0400     R  	xor a,_delay_ms_2[7]
  45  0034  390A        	snz z
  45  0035  2800     R  	jmp _L10
  45  0036  0003        	ret
  45  0037              _delay_ms endp
  45  0037              #line 45 "E:\hamed\touch2\touch-key-3-3\touch-key-3-3\DELAY.h"
  45  0037              #pragma debug scope 1 1
  45  0037              ___intc0 equ [14]
  45  0037              ___tktmr equ [67]
  45  0037              ___tkc0 equ [68]
  45  0037              ___tkc1 equ [71]
  45  0037              ___tkm0c1 equ [77]
  45  0037              ___tkm0rol equ [74]
  45  0037              ___tkm0roh equ [75]
  45  0037              ___tkm0c0 equ [76]
  45  0037              public _TuochKeyInit
  45  0037              #pragma debug scope 5 1

  92  0037              #line 92 "E:\hamed\touch2\touch-key-3-3\touch-key-3-3\3ch-3key.h"
  92  0000              _TuochKeyInit .section 'code'
  92  0000              _TuochKeyInit proc
  94  0000              #line 94 "E:\hamed\touch2\touch-key-3-3\touch-key-3-3\3ch-3key.h"
  94  0000  350E        	clr [14].2
  95  0001              #line 95 "E:\hamed\touch2\touch-key-3-3\touch-key-3-3\3ch-3key.h"
  95  0001  368E        	clr [14].5
  96  0002              #line 96 "E:\hamed\touch2\touch-key-3-3\touch-key-3-3\3ch-3key.h"
  96  0002  1F43        	clr [67]
  97  0003              #line 97 "E:\hamed\touch2\touch-key-3-3\touch-key-3-3\3ch-3key.h"
  97  0003  34C4        	clr [68].1
  97  0004  3444        	clr [68].0
  98  0005              #line 98 "E:\hamed\touch2\touch-key-3-3\touch-key-3-3\3ch-3key.h"
  98  0005  30C7        	set [71].1
  98  0006  3047        	set [71].0
 101  0007              #line 101 "E:\hamed\touch2\touch-key-3-3\touch-key-3-3\3ch-3key.h"
 101  0007  35CD        	clr [77].3
 101  0008  314D        	set [77].2
 101  0009  30CD        	set [77].1
 101  000A  304D        	set [77].0
 102  000B              #line 102 "E:\hamed\touch2\touch-key-3-3\touch-key-3-3\3ch-3key.h"
 102  000B  0FC8        	mov a,200
 102  000C  00CA        	mov [74],a
 102  000D  1F4B        	clr [75]
 103  000E              #line 103 "E:\hamed\touch2\touch-key-3-3\touch-key-3-3\3ch-3key.h"
 103  000E  32CC        	set [76].5
 104  000F              #line 104 "E:\hamed\touch2\touch-key-3-3\touch-key-3-3\3ch-3key.h"
 104  000F  324C        	set [76].4
 105  0010              #line 105 "E:\hamed\touch2\touch-key-3-3\touch-key-3-3\3ch-3key.h"
 105  0010  35CC        	clr [76].3
 106  0011              #line 106 "E:\hamed\touch2\touch-key-3-3\touch-key-3-3\3ch-3key.h"
 106  0011  314C        	set [76].2
 106  0012  30CC        	set [76].1
 106  0013  304C        	set [76].0
 107  0014              #line 107 "E:\hamed\touch2\touch-key-3-3\touch-key-3-3\3ch-3key.h"
 107  0014  37CD        	clr [77].7
 108  0015              #line 108 "E:\hamed\touch2\touch-key-3-3\touch-key-3-3\3ch-3key.h"
 108  0015  32CD        	set [77].5
 109  0016              #line 109 "E:\hamed\touch2\touch-key-3-3\touch-key-3-3\3ch-3key.h"
 109  0016  324D        	set [77].4
 109  0017  0003        	ret
"File: 3ch-3key.h    Assembler  Version HGASM0202      Page 6

 109  0018              _TuochKeyInit endp
 109  0018              #line 109 "E:\hamed\touch2\touch-key-3-3\touch-key-3-3\3ch-3key.h"
 109  0018              #pragma debug scope 1 1
 109  0018              ___pa equ [20]
 109  0018              public _Key_Touch
 109  0018              #pragma debug scope 6 1
 113  0018              #line 113 "E:\hamed\touch2\touch-key-3-3\touch-key-3-3\3ch-3key.h"
 113  0000              _Key_Touch .section 'code'
 113  0000              _Key_Touch proc
 115  0000              #line 115 "E:\hamed\touch2\touch-key-3-3\touch-key-3-3\3ch-3key.h"
 115  0000  0FBA        	mov a,186
 115  0001  0300     R  	add a,_Count_C1[0]
 115  0002  0080     E  	mov rd,a
 115  0003  0FFF        	mov a,255
 115  0004  1300     R  	adc a,_Count_C1[1]
 115  0005  0080     E  	mov re,a
 115  0006  0FFF        	mov a,255
 115  0007  1300     R  	adc a,_Count_C1[2]
 115  0008  0080     E  	mov rf,a
 115  0009  0FFF        	mov a,255
 115  000A  1300     R  	adc a,_Count_C1[3]
 115  000B  0080     E  	mov rg,a
 115  000C  0700     R  	mov a,_Count_S1[0]
 115  000D  0200     E  	sub a,rd
 115  000E  0700     R  	mov a,_Count_S1[1]
 115  000F  1200     E  	sbc a,re
 115  0010  1F05        	clr acc
 115  0011  1200     E  	sbc a,rf
 115  0012  1F05        	clr acc
 115  0013  1200     E  	sbc a,rg
 115  0014  3C0A        	sz c
 115  0015  2800     R  	jmp _L13
 117  0016              #line 117 "E:\hamed\touch2\touch-key-3-3\touch-key-3-3\3ch-3key.h"
 117  0016  1480     R  	inc _Count_T1[0]
 117  0017  3D0A        	sz z
 117  0018  1480     R  	inc _Count_T1[1]
 117  0019  0FE8        	mov a,232
 117  001A  0200     R  	sub a,_Count_T1[0]
 117  001B  0F03        	mov a,3
 117  001C  1200     R  	sbc a,_Count_T1[1]
 117  001D  3C0A        	sz c
 117  001E  2800     R  	jmp _L15
 117  001F  0FE8        	mov a,-24
 117  0020  0080     R  	mov _Count_T1[0],a
 117  0021  0F03        	mov a,3
 117  0022  0080     R  	mov _Count_T1[1],a
 117  0023  2800     R  	jmp _L15
 117  0024              _L13:
 119  0024              #line 119 "E:\hamed\touch2\touch-key-3-3\touch-key-3-3\3ch-3key.h"
 119  0024  0FF6        	mov a,246
 119  0025  0300     R  	add a,_Count_C1[0]
 119  0026  0080     E  	mov rd,a
 119  0027  0FFF        	mov a,255
 119  0028  1300     R  	adc a,_Count_C1[1]
 119  0029  0080     E  	mov re,a
 119  002A  0FFF        	mov a,255
 119  002B  1300     R  	adc a,_Count_C1[2]
 119  002C  0080     E  	mov rf,a
 119  002D  0FFF        	mov a,255
 119  002E  1300     R  	adc a,_Count_C1[3]
"File: 3ch-3key.h    Assembler  Version HGASM0202      Page 7

 119  002F  0080     E  	mov rg,a
 119  0030  1080     E  	sz rg
 119  0031  2800     R  	jmp _L15
 119  0032  1080     E  	sz rf
 119  0033  2800     R  	jmp _L15
 119  0034  0700     E  	mov a,rd
 119  0035  0200     R  	sub a,_Count_S1[0]
 119  0036  0700     E  	mov a,re
 119  0037  1200     R  	sbc a,_Count_S1[1]
 119  0038  3C0A        	sz c
 119  0039  2800     R  	jmp _L15
 121  003A              #line 121 "E:\hamed\touch2\touch-key-3-3\touch-key-3-3\3ch-3key.h"
 121  003A  1F00     R  	clr _Count_T1[0]
 121  003B  1F00     R  	clr _Count_T1[1]
 121  003C              _L15:
 123  003C              #line 123 "E:\hamed\touch2\touch-key-3-3\touch-key-3-3\3ch-3key.h"
 123  003C  0700     R  	mov a,_Count_T1[0]
 123  003D  0C50        	xor a,80
 123  003E  0500     R  	or a,_Count_T1[1]
 123  003F  390A        	snz z
 123  0040  2800     R  	jmp _L17
 125  0041              #line 125 "E:\hamed\touch2\touch-key-3-3\touch-key-3-3\3ch-3key.h"
 125  0041  3800     R  	snz _q2
 125  0042  2800     R  	jmp _L18
 125  0043  3400     R  	clr _q2
 125  0044  2800     R  	jmp _L19
 125  0045              _L18:
 126  0045              #line 126 "E:\hamed\touch2\touch-key-3-3\touch-key-3-3\3ch-3key.h"
 126  0045  3000     R  	set _q2
 126  0046              _L19:
 128  0046              #line 128 "E:\hamed\touch2\touch-key-3-3\touch-key-3-3\3ch-3key.h"
 128  0046  1F00     E  	clr rb
 128  0047  3C00     R  	sz _q2
 128  0048  3000     E  	set rb.0
 128  0049  1F00     E  	clr ra
 128  004A  1080     E  	sz rb
 128  004B  3000     E  	set ra.2
 128  004C  3514        	clr [20].2
 128  004D  0700     E  	mov a,ra
 128  004E  0594        	orm a,[20]
 133  004F              #line 133 "E:\hamed\touch2\touch-key-3-3\touch-key-3-3\3ch-3key.h"
 133  004F  1F00     R  	clr _CalibrCount1[0]
 134  0050              #line 134 "E:\hamed\touch2\touch-key-3-3\touch-key-3-3\3ch-3key.h"
 134  0050  1F00     R  	clr _CalibrSample1[0]
 135  0051              #line 135 "E:\hamed\touch2\touch-key-3-3\touch-key-3-3\3ch-3key.h"
 135  0051  1F00     R  	clr _Count_C1_Backup[0]
 135  0052  1F00     R  	clr _Count_C1_Backup[1]
 135  0053  1F00     R  	clr _Count_C1_Backup[2]
 135  0054  1F00     R  	clr _Count_C1_Backup[3]
 135  0055              _L17:
 139  0055              #line 139 "E:\hamed\touch2\touch-key-3-3\touch-key-3-3\3ch-3key.h"
 139  0055  0FBA        	mov a,186
 139  0056  0300     R  	add a,_Count_C2[0]
 139  0057  0080     E  	mov rd,a
 139  0058  0FFF        	mov a,255
 139  0059  1300     R  	adc a,_Count_C2[1]
 139  005A  0080     E  	mov re,a
 139  005B  0FFF        	mov a,255
 139  005C  1300     R  	adc a,_Count_C2[2]
 139  005D  0080     E  	mov rf,a
"File: 3ch-3key.h    Assembler  Version HGASM0202      Page 8

 139  005E  0FFF        	mov a,255
 139  005F  1300     R  	adc a,_Count_C2[3]
 139  0060  0080     E  	mov rg,a
 139  0061  0700     R  	mov a,_Count_S2[0]
 139  0062  0200     E  	sub a,rd
 139  0063  0700     R  	mov a,_Count_S2[1]
 139  0064  1200     E  	sbc a,re
 139  0065  1F05        	clr acc
 139  0066  1200     E  	sbc a,rf
 139  0067  1F05        	clr acc
 139  0068  1200     E  	sbc a,rg
 139  0069  3C0A        	sz c
 139  006A  2800     R  	jmp _L20
 141  006B              #line 141 "E:\hamed\touch2\touch-key-3-3\touch-key-3-3\3ch-3key.h"
 141  006B  1480     R  	inc _Count_T2[0]
 141  006C  3D0A        	sz z
 141  006D  1480     R  	inc _Count_T2[1]
 141  006E  0FE8        	mov a,232
 141  006F  0200     R  	sub a,_Count_T2[0]
 141  0070  0F03        	mov a,3
 141  0071  1200     R  	sbc a,_Count_T2[1]
 141  0072  3C0A        	sz c
 141  0073  2800     R  	jmp _L22
 141  0074  0FE8        	mov a,-24
 141  0075  0080     R  	mov _Count_T2[0],a
 141  0076  0F03        	mov a,3
 141  0077  0080     R  	mov _Count_T2[1],a
 141  0078  2800     R  	jmp _L22
 141  0079              _L20:
 143  0079              #line 143 "E:\hamed\touch2\touch-key-3-3\touch-key-3-3\3ch-3key.h"
 143  0079  0FF6        	mov a,246
 143  007A  0300     R  	add a,_Count_C2[0]
 143  007B  0080     E  	mov rd,a
 143  007C  0FFF        	mov a,255
 143  007D  1300     R  	adc a,_Count_C2[1]
 143  007E  0080     E  	mov re,a
 143  007F  0FFF        	mov a,255
 143  0080  1300     R  	adc a,_Count_C2[2]
 143  0081  0080     E  	mov rf,a
 143  0082  0FFF        	mov a,255
 143  0083  1300     R  	adc a,_Count_C2[3]
 143  0084  0080     E  	mov rg,a
 143  0085  1080     E  	sz rg
 143  0086  2800     R  	jmp _L22
 143  0087  1080     E  	sz rf
 143  0088  2800     R  	jmp _L22
 143  0089  0700     E  	mov a,rd
 143  008A  0200     R  	sub a,_Count_S2[0]
 143  008B  0700     E  	mov a,re
 143  008C  1200     R  	sbc a,_Count_S2[1]
 143  008D  3C0A        	sz c
 143  008E  2800     R  	jmp _L22
 145  008F              #line 145 "E:\hamed\touch2\touch-key-3-3\touch-key-3-3\3ch-3key.h"
 145  008F  1F00     R  	clr _Count_T2[0]
 145  0090  1F00     R  	clr _Count_T2[1]
 145  0091              _L22:
 147  0091              #line 147 "E:\hamed\touch2\touch-key-3-3\touch-key-3-3\3ch-3key.h"
 147  0091  0700     R  	mov a,_Count_T2[0]
 147  0092  0C50        	xor a,80
 147  0093  0500     R  	or a,_Count_T2[1]
"File: 3ch-3key.h    Assembler  Version HGASM0202      Page 9

 147  0094  390A        	snz z
 147  0095  2800     R  	jmp _L24
 150  0096              #line 150 "E:\hamed\touch2\touch-key-3-3\touch-key-3-3\3ch-3key.h"
 150  0096  3800     R  	snz _q1
 150  0097  2800     R  	jmp _L25
 150  0098  3400     R  	clr _q1
 150  0099  2800     R  	jmp _L26
 150  009A              _L25:
 151  009A              #line 151 "E:\hamed\touch2\touch-key-3-3\touch-key-3-3\3ch-3key.h"
 151  009A  3000     R  	set _q1
 151  009B              _L26:
 153  009B              #line 153 "E:\hamed\touch2\touch-key-3-3\touch-key-3-3\3ch-3key.h"
 153  009B  1F00     E  	clr ra
 153  009C  3C00     R  	sz _q1
 153  009D  3000     E  	set ra.0
 153  009E  1100     E  	swapa ra
 153  009F  0EF0        	and a,0f0h 
 153  00A0  0080     E  	mov ra,a
 153  00A1  3614        	clr [20].4
 153  00A2  0700     E  	mov a,ra
 153  00A3  0594        	orm a,[20]
 155  00A4              #line 155 "E:\hamed\touch2\touch-key-3-3\touch-key-3-3\3ch-3key.h"
 155  00A4  1F00     R  	clr _CalibrCount2[0]
 156  00A5              #line 156 "E:\hamed\touch2\touch-key-3-3\touch-key-3-3\3ch-3key.h"
 156  00A5  1F00     R  	clr _CalibrSample2[0]
 157  00A6              #line 157 "E:\hamed\touch2\touch-key-3-3\touch-key-3-3\3ch-3key.h"
 157  00A6  1F00     R  	clr _Count_C2_Backup[0]
 157  00A7  1F00     R  	clr _Count_C2_Backup[1]
 157  00A8  1F00     R  	clr _Count_C2_Backup[2]
 157  00A9  1F00     R  	clr _Count_C2_Backup[3]
 157  00AA              _L24:
 161  00AA              #line 161 "E:\hamed\touch2\touch-key-3-3\touch-key-3-3\3ch-3key.h"
 161  00AA  0FBA        	mov a,186
 161  00AB  0300     R  	add a,_Count_C3[0]
 161  00AC  0080     E  	mov rd,a
 161  00AD  0FFF        	mov a,255
 161  00AE  1300     R  	adc a,_Count_C3[1]
 161  00AF  0080     E  	mov re,a
 161  00B0  0FFF        	mov a,255
 161  00B1  1300     R  	adc a,_Count_C3[2]
 161  00B2  0080     E  	mov rf,a
 161  00B3  0FFF        	mov a,255
 161  00B4  1300     R  	adc a,_Count_C3[3]
 161  00B5  0080     E  	mov rg,a
 161  00B6  0700     R  	mov a,_Count_S3[0]
 161  00B7  0200     E  	sub a,rd
 161  00B8  0700     R  	mov a,_Count_S3[1]
 161  00B9  1200     E  	sbc a,re
 161  00BA  1F05        	clr acc
 161  00BB  1200     E  	sbc a,rf
 161  00BC  1F05        	clr acc
 161  00BD  1200     E  	sbc a,rg
 161  00BE  3C0A        	sz c
 161  00BF  2800     R  	jmp _L27
 163  00C0              #line 163 "E:\hamed\touch2\touch-key-3-3\touch-key-3-3\3ch-3key.h"
 163  00C0  1480     R  	inc _Count_T3[0]
 163  00C1  3D0A        	sz z
 163  00C2  1480     R  	inc _Count_T3[1]
 163  00C3  0FE8        	mov a,232
 163  00C4  0200     R  	sub a,_Count_T3[0]
"File: 3ch-3key.h    Assembler  Version HGASM0202      Page 10

 163  00C5  0F03        	mov a,3
 163  00C6  1200     R  	sbc a,_Count_T3[1]
 163  00C7  3C0A        	sz c
 163  00C8  2800     R  	jmp _L29
 163  00C9  0FE8        	mov a,-24
 163  00CA  0080     R  	mov _Count_T3[0],a
 163  00CB  0F03        	mov a,3
 163  00CC  0080     R  	mov _Count_T3[1],a
 163  00CD  2800     R  	jmp _L29
 163  00CE              _L27:
 165  00CE              #line 165 "E:\hamed\touch2\touch-key-3-3\touch-key-3-3\3ch-3key.h"
 165  00CE  0FF6        	mov a,246
 165  00CF  0300     R  	add a,_Count_C3[0]
 165  00D0  0080     E  	mov rd,a
 165  00D1  0FFF        	mov a,255
 165  00D2  1300     R  	adc a,_Count_C3[1]
 165  00D3  0080     E  	mov re,a
 165  00D4  0FFF        	mov a,255
 165  00D5  1300     R  	adc a,_Count_C3[2]
 165  00D6  0080     E  	mov rf,a
 165  00D7  0FFF        	mov a,255
 165  00D8  1300     R  	adc a,_Count_C3[3]
 165  00D9  0080     E  	mov rg,a
 165  00DA  1080     E  	sz rg
 165  00DB  2800     R  	jmp _L29
 165  00DC  1080     E  	sz rf
 165  00DD  2800     R  	jmp _L29
 165  00DE  0700     E  	mov a,rd
 165  00DF  0200     R  	sub a,_Count_S3[0]
 165  00E0  0700     E  	mov a,re
 165  00E1  1200     R  	sbc a,_Count_S3[1]
 165  00E2  3C0A        	sz c
 165  00E3  2800     R  	jmp _L29
 167  00E4              #line 167 "E:\hamed\touch2\touch-key-3-3\touch-key-3-3\3ch-3key.h"
 167  00E4  1F00     R  	clr _Count_T3[0]
 167  00E5  1F00     R  	clr _Count_T3[1]
 167  00E6              _L29:
 169  00E6              #line 169 "E:\hamed\touch2\touch-key-3-3\touch-key-3-3\3ch-3key.h"
 169  00E6  0700     R  	mov a,_Count_T3[0]
 169  00E7  0C50        	xor a,80
 169  00E8  0500     R  	or a,_Count_T3[1]
 169  00E9  390A        	snz z
 169  00EA  2800     R  	jmp _L12
 171  00EB              #line 171 "E:\hamed\touch2\touch-key-3-3\touch-key-3-3\3ch-3key.h"
 171  00EB  3800     R  	snz _q3
 171  00EC  2800     R  	jmp _L32
 171  00ED  3400     R  	clr _q3
 171  00EE  2800     R  	jmp _L33
 171  00EF              _L32:
 172  00EF              #line 172 "E:\hamed\touch2\touch-key-3-3\touch-key-3-3\3ch-3key.h"
 172  00EF  3000     R  	set _q3
 172  00F0              _L33:
 174  00F0              #line 174 "E:\hamed\touch2\touch-key-3-3\touch-key-3-3\3ch-3key.h"
 174  00F0  1F00     E  	clr ra
 174  00F1  3C00     R  	sz _q3
 174  00F2  3000     E  	set ra.0
 174  00F3  3414        	clr [20].0
 174  00F4  0700     E  	mov a,ra
 174  00F5  0594        	orm a,[20]
 176  00F6              #line 176 "E:\hamed\touch2\touch-key-3-3\touch-key-3-3\3ch-3key.h"
"File: 3ch-3key.h    Assembler  Version HGASM0202      Page 11

 176  00F6  1F00     R  	clr _CalibrCount3[0]
 177  00F7              #line 177 "E:\hamed\touch2\touch-key-3-3\touch-key-3-3\3ch-3key.h"
 177  00F7  1F00     R  	clr _CalibrSample3[0]
 178  00F8              #line 178 "E:\hamed\touch2\touch-key-3-3\touch-key-3-3\3ch-3key.h"
 178  00F8  1F00     R  	clr _Count_C3_Backup[0]
 178  00F9  1F00     R  	clr _Count_C3_Backup[1]
 178  00FA  1F00     R  	clr _Count_C3_Backup[2]
 178  00FB  1F00     R  	clr _Count_C3_Backup[3]
 178  00FC              _L12:
 178  00FC  0003        	ret
 178  00FD              _Key_Touch endp
 178  00FD              #line 178 "E:\hamed\touch2\touch-key-3-3\touch-key-3-3\3ch-3key.h"
 178  00FD              #pragma debug scope 1 1
 178  00FD              ___tkm016dh equ [73]
 178  00FD              ___tkm016dl equ [72]
 178  00FD              public _CalibrTuoch
 178  00FD              #pragma debug scope 7 1
 184  00FD              #line 184 "E:\hamed\touch2\touch-key-3-3\touch-key-3-3\3ch-3key.h"
 184  0000              _CalibrTuoch .section 'code'
 184  0000              _CalibrTuoch proc
 184  0000  0006[           local _CalibrTuoch_2 db 6 dup(?)	; 0,6
            00
            ]
 186  0006              #line 186 "E:\hamed\touch2\touch-key-3-3\touch-key-3-3\3ch-3key.h"
 186  0000  36C4        	clr [68].5
 187  0001              #line 187 "E:\hamed\touch2\touch-key-3-3\touch-key-3-3\3ch-3key.h"
 187  0001  37CC        	clr [76].7
 187  0002  374C        	clr [76].6
 187  0003  0FF4        	mov a,-12
 187  0004  0080     R  	mov _delay_10us_2[0],a
 187  0005  0F01        	mov a,1
 187  0006  0080     R  	mov _delay_10us_2[1],a
 187  0007  1F00     R  	clr _delay_10us_2[2]
 187  0008  1F00     R  	clr _delay_10us_2[3]
 187  0009  2000     R  	call _delay_10us
 188  000A              #line 188 "E:\hamed\touch2\touch-key-3-3\touch-key-3-3\3ch-3key.h"
 188  000A              ;# 188 "E:\hamed\touch2\touch-key-3-3\touch-key-3-3\3ch-3key.h" 1
 188  000A  0001        	clr wdt
 189  000B              #line 189 "E:\hamed\touch2\touch-key-3-3\touch-key-3-3\3ch-3key.h"
 189  000B  1F00     R  	clr _i[0]
 189  000C              _L35:
 189  000C              #line 189 "E:\hamed\touch2\touch-key-3-3\touch-key-3-3\3ch-3key.h"
 189  000C  0F13        	mov a,19
 189  000D  0200     R  	sub a,_i[0]
 189  000E  380A        	snz c
 189  000F  2800     R  	jmp _L47
 191  0010              #line 191 "E:\hamed\touch2\touch-key-3-3\touch-key-3-3\3ch-3key.h"
 191  0010  32CD        	set [77].5
 192  0011              #line 192 "E:\hamed\touch2\touch-key-3-3\touch-key-3-3\3ch-3key.h"
 192  0011  324D        	set [77].4
 193  0012              #line 193 "E:\hamed\touch2\touch-key-3-3\touch-key-3-3\3ch-3key.h"
 193  0012  32C4        	set [68].5
 195  0013              #line 195 "E:\hamed\touch2\touch-key-3-3\touch-key-3-3\3ch-3key.h"
 195  0013              ;# 195 "E:\hamed\touch2\touch-key-3-3\touch-key-3-3\3ch-3key.h" 1
 195  0013  0001        	clr wdt
 195  0014              _L37:
 196  0014              #line 196 "E:\hamed\touch2\touch-key-3-3\touch-key-3-3\3ch-3key.h"
 196  0014  3B44        	snz [68].6
 196  0015  2800     R  	jmp _L37
 197  0016              #line 197 "E:\hamed\touch2\touch-key-3-3\touch-key-3-3\3ch-3key.h"
"File: 3ch-3key.h    Assembler  Version HGASM0202      Page 12

 197  0016  0749        	mov a,[73]
 197  0017  0080     R  	mov _CalibrTuoch_2[1],a
 197  0018  1F00     R  	clr _CalibrTuoch_2[0]
 197  0019  0700     R  	mov a,_CalibrTuoch_2[1]
 197  001A  0080     R  	mov _Count_S1[1],a
 197  001B  0748        	mov a,[72]
 197  001C  0500     R  	or a,_CalibrTuoch_2[0]
 197  001D  0080     R  	mov _Count_S1[0],a
 198  001E              #line 198 "E:\hamed\touch2\touch-key-3-3\touch-key-3-3\3ch-3key.h"
 198  001E  0700     R  	mov a,_Count_S1[0]
 198  001F  0380     R  	addm a,_Count_C1[0]
 198  0020  0700     R  	mov a,_Count_S1[1]
 198  0021  1380     R  	adcm a,_Count_C1[1]
 198  0022  1F05        	clr acc
 198  0023  1380     R  	adcm a,_Count_C1[2]
 198  0024  1380     R  	adcm a,_Count_C1[3]
 199  0025              #line 199 "E:\hamed\touch2\touch-key-3-3\touch-key-3-3\3ch-3key.h"
 199  0025  3744        	clr [68].6
 200  0026              #line 200 "E:\hamed\touch2\touch-key-3-3\touch-key-3-3\3ch-3key.h"
 200  0026  36C4        	clr [68].5
 201  0027              #line 201 "E:\hamed\touch2\touch-key-3-3\touch-key-3-3\3ch-3key.h"
 201  0027              ;# 201 "E:\hamed\touch2\touch-key-3-3\touch-key-3-3\3ch-3key.h" 1
 201  0027  0001        	clr wdt
 202  0028              #line 202 "E:\hamed\touch2\touch-key-3-3\touch-key-3-3\3ch-3key.h"
 202  0028  0F05        	mov a,5
 202  0029  0080     R  	mov _delay_ms_2[0],a
 202  002A  1F00     R  	clr _delay_ms_2[1]
 202  002B  1F00     R  	clr _delay_ms_2[2]
 202  002C  1F00     R  	clr _delay_ms_2[3]
 202  002D  2000     R  	call _delay_ms
 189  002E              #line 189 "E:\hamed\touch2\touch-key-3-3\touch-key-3-3\3ch-3key.h"
 189  002E  1480     R  	inc _i[0]
 189  002F  2800     R  	jmp _L35
 189  0030              _L47:
 204  0030              #line 204 "E:\hamed\touch2\touch-key-3-3\touch-key-3-3\3ch-3key.h"
 204  0030  1F00     E  	clr _builtin_holtek_udivmodsi4_2[12]
 204  0031  0700     R  	mov a,_Count_C1[0]  
 204  0032  0080     E  	mov _builtin_holtek_udivmodsi4_2[0],a  
 204  0033  0700     R  	mov a,_Count_C1[1]  
 204  0034  0080     E  	mov _builtin_holtek_udivmodsi4_2[1],a
 204  0035  0700     R  	mov a,_Count_C1[2]  
 204  0036  0080     E  	mov _builtin_holtek_udivmodsi4_2[2],a  
 204  0037  0700     R  	mov a,_Count_C1[3]  
 204  0038  0080     E  	mov _builtin_holtek_udivmodsi4_2[3],a
 204  0039  0F14        	mov a,20  
 204  003A  0080     E  	mov _builtin_holtek_udivmodsi4_2[4],a  
 204  003B  0F00        	mov a,0  
 204  003C  0080     E  	mov _builtin_holtek_udivmodsi4_2[5],a
 204  003D  1F00     E  	clr _builtin_holtek_udivmodsi4_2[6]
 204  003E  1F00     E  	clr _builtin_holtek_udivmodsi4_2[7]
 204  003F  2000     E  	call _builtin_holtek_udivmodsi4
 204  0040  0700     E  	mov a,_builtin_holtek_udivmodsi4_2[0]  
 204  0041  0080     R  	mov _Count_C1[0],a  
 204  0042  0700     E  	mov a,_builtin_holtek_udivmodsi4_2[1]  
 204  0043  0080     R  	mov _Count_C1[1],a
 204  0044  0700     E  	mov a,_builtin_holtek_udivmodsi4_2[2]  
 204  0045  0080     R  	mov _Count_C1[2],a  
 204  0046  0700     E  	mov a,_builtin_holtek_udivmodsi4_2[3]  
 204  0047  0080     R  	mov _Count_C1[3],a
 207  0048              #line 207 "E:\hamed\touch2\touch-key-3-3\touch-key-3-3\3ch-3key.h"
"File: 3ch-3key.h    Assembler  Version HGASM0202      Page 13

 207  0048  36C4        	clr [68].5
 208  0049              #line 208 "E:\hamed\touch2\touch-key-3-3\touch-key-3-3\3ch-3key.h"
 208  0049  37CC        	clr [76].7
 208  004A  334C        	set [76].6
 208  004B  0FF4        	mov a,-12
 208  004C  0080     R  	mov _delay_10us_2[0],a
 208  004D  0F01        	mov a,1
 208  004E  0080     R  	mov _delay_10us_2[1],a
 208  004F  1F00     R  	clr _delay_10us_2[2]
 208  0050  1F00     R  	clr _delay_10us_2[3]
 208  0051  2000     R  	call _delay_10us
 209  0052              #line 209 "E:\hamed\touch2\touch-key-3-3\touch-key-3-3\3ch-3key.h"
 209  0052              ;# 209 "E:\hamed\touch2\touch-key-3-3\touch-key-3-3\3ch-3key.h" 1
 209  0052  0001        	clr wdt
 210  0053              #line 210 "E:\hamed\touch2\touch-key-3-3\touch-key-3-3\3ch-3key.h"
 210  0053  1F00     R  	clr _i[0]
 210  0054              _L39:
 210  0054  0F13        	mov a,19
 210  0055  0200     R  	sub a,_i[0]
 210  0056  380A        	snz c
 210  0057  2800     R  	jmp _L48
 212  0058              #line 212 "E:\hamed\touch2\touch-key-3-3\touch-key-3-3\3ch-3key.h"
 212  0058  32CD        	set [77].5
 213  0059              #line 213 "E:\hamed\touch2\touch-key-3-3\touch-key-3-3\3ch-3key.h"
 213  0059  324D        	set [77].4
 214  005A              #line 214 "E:\hamed\touch2\touch-key-3-3\touch-key-3-3\3ch-3key.h"
 214  005A  32C4        	set [68].5
 216  005B              #line 216 "E:\hamed\touch2\touch-key-3-3\touch-key-3-3\3ch-3key.h"
 216  005B              ;# 216 "E:\hamed\touch2\touch-key-3-3\touch-key-3-3\3ch-3key.h" 1
 216  005B  0001        	clr wdt
 216  005C              _L41:
 217  005C              #line 217 "E:\hamed\touch2\touch-key-3-3\touch-key-3-3\3ch-3key.h"
 217  005C  3B44        	snz [68].6
 217  005D  2800     R  	jmp _L41
 218  005E              #line 218 "E:\hamed\touch2\touch-key-3-3\touch-key-3-3\3ch-3key.h"
 218  005E  0749        	mov a,[73]
 218  005F  0080     R  	mov _CalibrTuoch_2[3],a
 218  0060  1F00     R  	clr _CalibrTuoch_2[2]
 218  0061  0700     R  	mov a,_CalibrTuoch_2[3]
 218  0062  0080     R  	mov _Count_S2[1],a
 218  0063  0748        	mov a,[72]
 218  0064  0500     R  	or a,_CalibrTuoch_2[2]
 218  0065  0080     R  	mov _Count_S2[0],a
 219  0066              #line 219 "E:\hamed\touch2\touch-key-3-3\touch-key-3-3\3ch-3key.h"
 219  0066  0700     R  	mov a,_Count_S2[0]
 219  0067  0380     R  	addm a,_Count_C2[0]
 219  0068  0700     R  	mov a,_Count_S2[1]
 219  0069  1380     R  	adcm a,_Count_C2[1]
 219  006A  1F05        	clr acc
 219  006B  1380     R  	adcm a,_Count_C2[2]
 219  006C  1380     R  	adcm a,_Count_C2[3]
 220  006D              #line 220 "E:\hamed\touch2\touch-key-3-3\touch-key-3-3\3ch-3key.h"
 220  006D  3744        	clr [68].6
 221  006E              #line 221 "E:\hamed\touch2\touch-key-3-3\touch-key-3-3\3ch-3key.h"
 221  006E  36C4        	clr [68].5
 222  006F              #line 222 "E:\hamed\touch2\touch-key-3-3\touch-key-3-3\3ch-3key.h"
 222  006F              ;# 222 "E:\hamed\touch2\touch-key-3-3\touch-key-3-3\3ch-3key.h" 1
 222  006F  0001        	clr wdt
 223  0070              #line 223 "E:\hamed\touch2\touch-key-3-3\touch-key-3-3\3ch-3key.h"
 223  0070  0F05        	mov a,5
"File: 3ch-3key.h    Assembler  Version HGASM0202      Page 14

 223  0071  0080     R  	mov _delay_ms_2[0],a
 223  0072  1F00     R  	clr _delay_ms_2[1]
 223  0073  1F00     R  	clr _delay_ms_2[2]
 223  0074  1F00     R  	clr _delay_ms_2[3]
 223  0075  2000     R  	call _delay_ms
 210  0076              #line 210 "E:\hamed\touch2\touch-key-3-3\touch-key-3-3\3ch-3key.h"
 210  0076  1480     R  	inc _i[0]
 210  0077  2800     R  	jmp _L39
 210  0078              _L48:
 225  0078              #line 225 "E:\hamed\touch2\touch-key-3-3\touch-key-3-3\3ch-3key.h"
 225  0078  1F00     E  	clr _builtin_holtek_udivmodsi4_2[12]
 225  0079  0700     R  	mov a,_Count_C2[0]  
 225  007A  0080     E  	mov _builtin_holtek_udivmodsi4_2[0],a  
 225  007B  0700     R  	mov a,_Count_C2[1]  
 225  007C  0080     E  	mov _builtin_holtek_udivmodsi4_2[1],a
 225  007D  0700     R  	mov a,_Count_C2[2]  
 225  007E  0080     E  	mov _builtin_holtek_udivmodsi4_2[2],a  
 225  007F  0700     R  	mov a,_Count_C2[3]  
 225  0080  0080     E  	mov _builtin_holtek_udivmodsi4_2[3],a
 225  0081  0F14        	mov a,20  
 225  0082  0080     E  	mov _builtin_holtek_udivmodsi4_2[4],a  
 225  0083  0F00        	mov a,0  
 225  0084  0080     E  	mov _builtin_holtek_udivmodsi4_2[5],a
 225  0085  1F00     E  	clr _builtin_holtek_udivmodsi4_2[6]
 225  0086  1F00     E  	clr _builtin_holtek_udivmodsi4_2[7]
 225  0087  2000     E  	call _builtin_holtek_udivmodsi4
 225  0088  0700     E  	mov a,_builtin_holtek_udivmodsi4_2[0]  
 225  0089  0080     R  	mov _Count_C2[0],a  
 225  008A  0700     E  	mov a,_builtin_holtek_udivmodsi4_2[1]  
 225  008B  0080     R  	mov _Count_C2[1],a
 225  008C  0700     E  	mov a,_builtin_holtek_udivmodsi4_2[2]  
 225  008D  0080     R  	mov _Count_C2[2],a  
 225  008E  0700     E  	mov a,_builtin_holtek_udivmodsi4_2[3]  
 225  008F  0080     R  	mov _Count_C2[3],a
 228  0090              #line 228 "E:\hamed\touch2\touch-key-3-3\touch-key-3-3\3ch-3key.h"
 228  0090  36C4        	clr [68].5
 229  0091              #line 229 "E:\hamed\touch2\touch-key-3-3\touch-key-3-3\3ch-3key.h"
 229  0091  33CC        	set [76].7
 229  0092  374C        	clr [76].6
 229  0093  0FF4        	mov a,-12
 229  0094  0080     R  	mov _delay_10us_2[0],a
 229  0095  0F01        	mov a,1
 229  0096  0080     R  	mov _delay_10us_2[1],a
 229  0097  1F00     R  	clr _delay_10us_2[2]
 229  0098  1F00     R  	clr _delay_10us_2[3]
 229  0099  2000     R  	call _delay_10us
 230  009A              #line 230 "E:\hamed\touch2\touch-key-3-3\touch-key-3-3\3ch-3key.h"
 230  009A              ;# 230 "E:\hamed\touch2\touch-key-3-3\touch-key-3-3\3ch-3key.h" 1
 230  009A  0001        	clr wdt
 231  009B              #line 231 "E:\hamed\touch2\touch-key-3-3\touch-key-3-3\3ch-3key.h"
 231  009B  1F00     R  	clr _i[0]
 231  009C              _L43:
 231  009C  0F13        	mov a,19
 231  009D  0200     R  	sub a,_i[0]
 231  009E  380A        	snz c
 231  009F  2800     R  	jmp _L49
 233  00A0              #line 233 "E:\hamed\touch2\touch-key-3-3\touch-key-3-3\3ch-3key.h"
 233  00A0  32CD        	set [77].5
 234  00A1              #line 234 "E:\hamed\touch2\touch-key-3-3\touch-key-3-3\3ch-3key.h"
 234  00A1  324D        	set [77].4
"File: 3ch-3key.h    Assembler  Version HGASM0202      Page 15

 235  00A2              #line 235 "E:\hamed\touch2\touch-key-3-3\touch-key-3-3\3ch-3key.h"
 235  00A2  32C4        	set [68].5
 237  00A3              #line 237 "E:\hamed\touch2\touch-key-3-3\touch-key-3-3\3ch-3key.h"
 237  00A3              ;# 237 "E:\hamed\touch2\touch-key-3-3\touch-key-3-3\3ch-3key.h" 1
 237  00A3  0001        	clr wdt
 237  00A4              _L45:
 238  00A4              #line 238 "E:\hamed\touch2\touch-key-3-3\touch-key-3-3\3ch-3key.h"
 238  00A4  3B44        	snz [68].6
 238  00A5  2800     R  	jmp _L45
 239  00A6              #line 239 "E:\hamed\touch2\touch-key-3-3\touch-key-3-3\3ch-3key.h"
 239  00A6  0749        	mov a,[73]
 239  00A7  0080     R  	mov _CalibrTuoch_2[5],a
 239  00A8  1F00     R  	clr _CalibrTuoch_2[4]
 239  00A9  0700     R  	mov a,_CalibrTuoch_2[5]
 239  00AA  0080     R  	mov _Count_S3[1],a
 239  00AB  0748        	mov a,[72]
 239  00AC  0500     R  	or a,_CalibrTuoch_2[4]
 239  00AD  0080     R  	mov _Count_S3[0],a
 240  00AE              #line 240 "E:\hamed\touch2\touch-key-3-3\touch-key-3-3\3ch-3key.h"
 240  00AE  0700     R  	mov a,_Count_S3[0]
 240  00AF  0380     R  	addm a,_Count_C3[0]
 240  00B0  0700     R  	mov a,_Count_S3[1]
 240  00B1  1380     R  	adcm a,_Count_C3[1]
 240  00B2  1F05        	clr acc
 240  00B3  1380     R  	adcm a,_Count_C3[2]
 240  00B4  1380     R  	adcm a,_Count_C3[3]
 241  00B5              #line 241 "E:\hamed\touch2\touch-key-3-3\touch-key-3-3\3ch-3key.h"
 241  00B5  3744        	clr [68].6
 242  00B6              #line 242 "E:\hamed\touch2\touch-key-3-3\touch-key-3-3\3ch-3key.h"
 242  00B6  36C4        	clr [68].5
 243  00B7              #line 243 "E:\hamed\touch2\touch-key-3-3\touch-key-3-3\3ch-3key.h"
 243  00B7              ;# 243 "E:\hamed\touch2\touch-key-3-3\touch-key-3-3\3ch-3key.h" 1
 243  00B7  0001        	clr wdt
 244  00B8              #line 244 "E:\hamed\touch2\touch-key-3-3\touch-key-3-3\3ch-3key.h"
 244  00B8  0F05        	mov a,5
 244  00B9  0080     R  	mov _delay_ms_2[0],a
 244  00BA  1F00     R  	clr _delay_ms_2[1]
 244  00BB  1F00     R  	clr _delay_ms_2[2]
 244  00BC  1F00     R  	clr _delay_ms_2[3]
 244  00BD  2000     R  	call _delay_ms
 231  00BE              #line 231 "E:\hamed\touch2\touch-key-3-3\touch-key-3-3\3ch-3key.h"
 231  00BE  1480     R  	inc _i[0]
 231  00BF  2800     R  	jmp _L43
 231  00C0              _L49:
 246  00C0              #line 246 "E:\hamed\touch2\touch-key-3-3\touch-key-3-3\3ch-3key.h"
 246  00C0  1F00     E  	clr _builtin_holtek_udivmodsi4_2[12]
 246  00C1  0700     R  	mov a,_Count_C3[0]  
 246  00C2  0080     E  	mov _builtin_holtek_udivmodsi4_2[0],a  
 246  00C3  0700     R  	mov a,_Count_C3[1]  
 246  00C4  0080     E  	mov _builtin_holtek_udivmodsi4_2[1],a
 246  00C5  0700     R  	mov a,_Count_C3[2]  
 246  00C6  0080     E  	mov _builtin_holtek_udivmodsi4_2[2],a  
 246  00C7  0700     R  	mov a,_Count_C3[3]  
 246  00C8  0080     E  	mov _builtin_holtek_udivmodsi4_2[3],a
 246  00C9  0F14        	mov a,20  
 246  00CA  0080     E  	mov _builtin_holtek_udivmodsi4_2[4],a  
 246  00CB  0F00        	mov a,0  
 246  00CC  0080     E  	mov _builtin_holtek_udivmodsi4_2[5],a
 246  00CD  1F00     E  	clr _builtin_holtek_udivmodsi4_2[6]
 246  00CE  1F00     E  	clr _builtin_holtek_udivmodsi4_2[7]
"File: 3ch-3key.h    Assembler  Version HGASM0202      Page 16

 246  00CF  2000     E  	call _builtin_holtek_udivmodsi4
 246  00D0  0700     E  	mov a,_builtin_holtek_udivmodsi4_2[0]  
 246  00D1  0080     R  	mov _Count_C3[0],a  
 246  00D2  0700     E  	mov a,_builtin_holtek_udivmodsi4_2[1]  
 246  00D3  0080     R  	mov _Count_C3[1],a
 246  00D4  0700     E  	mov a,_builtin_holtek_udivmodsi4_2[2]  
 246  00D5  0080     R  	mov _Count_C3[2],a  
 246  00D6  0700     E  	mov a,_builtin_holtek_udivmodsi4_2[3]  
 246  00D7  0080     R  	mov _Count_C3[3],a
 249  00D8              #line 249 "E:\hamed\touch2\touch-key-3-3\touch-key-3-3\3ch-3key.h"
 249  00D8              ;# 249 "E:\hamed\touch2\touch-key-3-3\touch-key-3-3\3ch-3key.h" 1
 249  00D8  0001        	clr wdt
 249  00D9  0003        	ret
 249  00DA              _CalibrTuoch endp
 249  00DA              #line 249 "E:\hamed\touch2\touch-key-3-3\touch-key-3-3\3ch-3key.h"
 249  00DA              #pragma debug scope 1 1
 249  00DA              public _Key_Select
 249  00DA              #pragma debug scope 8 1
 254  00DA              #line 254 "E:\hamed\touch2\touch-key-3-3\touch-key-3-3\3ch-3key.h"
 254  0000              _Key_Select .section 'code'
 254  0000              _Key_Select proc
 254  0000  00              local _Key_Select_2 db 1 dup(?)	; 0,1
 254  0000  0080     E  	mov ra,a
 254  0001  0080     R  	mov _Key_Select_2[0],a
 254  0002              #pragma debug variable 7 8 _Key_Select_2+0 "sel"
 256  0002              #line 256 "E:\hamed\touch2\touch-key-3-3\touch-key-3-3\3ch-3key.h"
 256  0002  1080     E  	sz ra
 256  0003  2800     R  	jmp _L51
 257  0004              #line 257 "E:\hamed\touch2\touch-key-3-3\touch-key-3-3\3ch-3key.h"
 257  0004  32CD        	set [77].5
 257  0005  324D        	set [77].4
 257  0006  32C4        	set [68].5
 257  0007  37CC        	clr [76].7
 257  0008  374C        	clr [76].6
 257  0009              _L52:
 259  0009              #line 259 "E:\hamed\touch2\touch-key-3-3\touch-key-3-3\3ch-3key.h"
 259  0009  3F44        	sz [68].6
 259  000A  2800     R  	jmp _L69
 259  000B              ;# 259 "E:\hamed\touch2\touch-key-3-3\touch-key-3-3\3ch-3key.h" 1
 259  000B  0000        	nop
 259  000C  2800     R  	jmp _L52
 259  000D              _L69:
 260  000D              #line 260 "E:\hamed\touch2\touch-key-3-3\touch-key-3-3\3ch-3key.h"
 260  000D  0749        	mov a,[73]
 260  000E  0080     E  	mov rc,a
 260  000F  1F00     E  	clr rb
 260  0010  0700     E  	mov a,rc
 260  0011  0080     R  	mov _Count_S1[1],a
 260  0012  0748        	mov a,[72]
 260  0013  0500     E  	or a,rb
 260  0014  0080     R  	mov _Count_S1[0],a
 261  0015              #line 261 "E:\hamed\touch2\touch-key-3-3\touch-key-3-3\3ch-3key.h"
 261  0015  1480     R  	inc _CalibrCount1[0]
 262  0016              #line 262 "E:\hamed\touch2\touch-key-3-3\touch-key-3-3\3ch-3key.h"
 262  0016  0F0A        	mov a,10
 262  0017  0200     R  	sub a,_CalibrCount1[0]
 262  0018  3C0A        	sz c
 262  0019  2800     R  	jmp _L67
 264  001A              #line 264 "E:\hamed\touch2\touch-key-3-3\touch-key-3-3\3ch-3key.h"
 264  001A  1F00     R  	clr _CalibrCount1[0]
"File: 3ch-3key.h    Assembler  Version HGASM0202      Page 17

 265  001B              #line 265 "E:\hamed\touch2\touch-key-3-3\touch-key-3-3\3ch-3key.h"
 265  001B  0700     R  	mov a,_Count_S1[0]
 265  001C  0380     R  	addm a,_Count_C1_Backup[0]
 265  001D  0700     R  	mov a,_Count_S1[1]
 265  001E  1380     R  	adcm a,_Count_C1_Backup[1]
 265  001F  1F05        	clr acc
 265  0020  1380     R  	adcm a,_Count_C1_Backup[2]
 265  0021  1380     R  	adcm a,_Count_C1_Backup[3]
 266  0022              #line 266 "E:\hamed\touch2\touch-key-3-3\touch-key-3-3\3ch-3key.h"
 266  0022  1480     R  	inc _CalibrSample1[0]
 267  0023              #line 267 "E:\hamed\touch2\touch-key-3-3\touch-key-3-3\3ch-3key.h"
 267  0023  0F13        	mov a,19
 267  0024  0200     R  	sub a,_CalibrSample1[0]
 267  0025  3C0A        	sz c
 267  0026  2800     R  	jmp _L67
 269  0027              #line 269 "E:\hamed\touch2\touch-key-3-3\touch-key-3-3\3ch-3key.h"
 269  0027  1F00     R  	clr _CalibrSample1[0]
 270  0028              #line 270 "E:\hamed\touch2\touch-key-3-3\touch-key-3-3\3ch-3key.h"
 270  0028  1F00     E  	clr _builtin_holtek_udivmodsi4_2[12]
 270  0029  0700     R  	mov a,_Count_C1_Backup[0]  
 270  002A  0080     E  	mov _builtin_holtek_udivmodsi4_2[0],a  
 270  002B  0700     R  	mov a,_Count_C1_Backup[1]  
 270  002C  0080     E  	mov _builtin_holtek_udivmodsi4_2[1],a
 270  002D  0700     R  	mov a,_Count_C1_Backup[2]  
 270  002E  0080     E  	mov _builtin_holtek_udivmodsi4_2[2],a  
 270  002F  0700     R  	mov a,_Count_C1_Backup[3]  
 270  0030  0080     E  	mov _builtin_holtek_udivmodsi4_2[3],a
 270  0031  0F14        	mov a,20  
 270  0032  0080     E  	mov _builtin_holtek_udivmodsi4_2[4],a  
 270  0033  0F00        	mov a,0  
 270  0034  0080     E  	mov _builtin_holtek_udivmodsi4_2[5],a
 270  0035  1F00     E  	clr _builtin_holtek_udivmodsi4_2[6]
 270  0036  1F00     E  	clr _builtin_holtek_udivmodsi4_2[7]
 270  0037  2000     E  	call _builtin_holtek_udivmodsi4
 270  0038  0700     E  	mov a,_builtin_holtek_udivmodsi4_2[0]  
 270  0039  0080     R  	mov _Count_C1[0],a  
 270  003A  0700     E  	mov a,_builtin_holtek_udivmodsi4_2[1]  
 270  003B  0080     R  	mov _Count_C1[1],a
 270  003C  0700     E  	mov a,_builtin_holtek_udivmodsi4_2[2]  
 270  003D  0080     R  	mov _Count_C1[2],a  
 270  003E  0700     E  	mov a,_builtin_holtek_udivmodsi4_2[3]  
 270  003F  0080     R  	mov _Count_C1[3],a
 271  0040              #line 271 "E:\hamed\touch2\touch-key-3-3\touch-key-3-3\3ch-3key.h"
 271  0040  1F00     R  	clr _Count_C1_Backup[0]
 271  0041  1F00     R  	clr _Count_C1_Backup[1]
 271  0042  1F00     R  	clr _Count_C1_Backup[2]
 271  0043  1F00     R  	clr _Count_C1_Backup[3]
 271  0044  2800     R  	jmp _L67
 271  0045              _L51:
 279  0045              #line 279 "E:\hamed\touch2\touch-key-3-3\touch-key-3-3\3ch-3key.h"
 279  0045  1700     R  	sdza _Key_Select_2[0]
 279  0046  2800     R  	jmp _L58
 280  0047              #line 280 "E:\hamed\touch2\touch-key-3-3\touch-key-3-3\3ch-3key.h"
 280  0047  32CD        	set [77].5
 280  0048  324D        	set [77].4
 280  0049  32C4        	set [68].5
 280  004A  37CC        	clr [76].7
 280  004B  334C        	set [76].6
 280  004C              _L59:
 282  004C              #line 282 "E:\hamed\touch2\touch-key-3-3\touch-key-3-3\3ch-3key.h"
"File: 3ch-3key.h    Assembler  Version HGASM0202      Page 18

 282  004C  3F44        	sz [68].6
 282  004D  2800     R  	jmp _L70
 282  004E              ;# 282 "E:\hamed\touch2\touch-key-3-3\touch-key-3-3\3ch-3key.h" 1
 282  004E  0000        	nop
 282  004F  2800     R  	jmp _L59
 282  0050              _L70:
 283  0050              #line 283 "E:\hamed\touch2\touch-key-3-3\touch-key-3-3\3ch-3key.h"
 283  0050  0749        	mov a,[73]
 283  0051  0080     E  	mov rc,a
 283  0052  1F00     E  	clr rb
 283  0053  0700     E  	mov a,rc
 283  0054  0080     R  	mov _Count_S2[1],a
 283  0055  0748        	mov a,[72]
 283  0056  0500     E  	or a,rb
 283  0057  0080     R  	mov _Count_S2[0],a
 284  0058              #line 284 "E:\hamed\touch2\touch-key-3-3\touch-key-3-3\3ch-3key.h"
 284  0058  1480     R  	inc _CalibrCount2[0]
 285  0059              #line 285 "E:\hamed\touch2\touch-key-3-3\touch-key-3-3\3ch-3key.h"
 285  0059  0F0A        	mov a,10
 285  005A  0200     R  	sub a,_CalibrCount2[0]
 285  005B  3C0A        	sz c
 285  005C  2800     R  	jmp _L67
 287  005D              #line 287 "E:\hamed\touch2\touch-key-3-3\touch-key-3-3\3ch-3key.h"
 287  005D  1F00     R  	clr _CalibrCount2[0]
 288  005E              #line 288 "E:\hamed\touch2\touch-key-3-3\touch-key-3-3\3ch-3key.h"
 288  005E  0700     R  	mov a,_Count_S2[0]
 288  005F  0380     R  	addm a,_Count_C2_Backup[0]
 288  0060  0700     R  	mov a,_Count_S2[1]
 288  0061  1380     R  	adcm a,_Count_C2_Backup[1]
 288  0062  1F05        	clr acc
 288  0063  1380     R  	adcm a,_Count_C2_Backup[2]
 288  0064  1380     R  	adcm a,_Count_C2_Backup[3]
 289  0065              #line 289 "E:\hamed\touch2\touch-key-3-3\touch-key-3-3\3ch-3key.h"
 289  0065  1480     R  	inc _CalibrSample2[0]
 290  0066              #line 290 "E:\hamed\touch2\touch-key-3-3\touch-key-3-3\3ch-3key.h"
 290  0066  0F13        	mov a,19
 290  0067  0200     R  	sub a,_CalibrSample2[0]
 290  0068  3C0A        	sz c
 290  0069  2800     R  	jmp _L67
 292  006A              #line 292 "E:\hamed\touch2\touch-key-3-3\touch-key-3-3\3ch-3key.h"
 292  006A  1F00     R  	clr _CalibrSample2[0]
 293  006B              #line 293 "E:\hamed\touch2\touch-key-3-3\touch-key-3-3\3ch-3key.h"
 293  006B  1F00     E  	clr _builtin_holtek_udivmodsi4_2[12]
 293  006C  0700     R  	mov a,_Count_C2_Backup[0]  
 293  006D  0080     E  	mov _builtin_holtek_udivmodsi4_2[0],a  
 293  006E  0700     R  	mov a,_Count_C2_Backup[1]  
 293  006F  0080     E  	mov _builtin_holtek_udivmodsi4_2[1],a
 293  0070  0700     R  	mov a,_Count_C2_Backup[2]  
 293  0071  0080     E  	mov _builtin_holtek_udivmodsi4_2[2],a  
 293  0072  0700     R  	mov a,_Count_C2_Backup[3]  
 293  0073  0080     E  	mov _builtin_holtek_udivmodsi4_2[3],a
 293  0074  0F14        	mov a,20  
 293  0075  0080     E  	mov _builtin_holtek_udivmodsi4_2[4],a  
 293  0076  0F00        	mov a,0  
 293  0077  0080     E  	mov _builtin_holtek_udivmodsi4_2[5],a
 293  0078  1F00     E  	clr _builtin_holtek_udivmodsi4_2[6]
 293  0079  1F00     E  	clr _builtin_holtek_udivmodsi4_2[7]
 293  007A  2000     E  	call _builtin_holtek_udivmodsi4
 293  007B  0700     E  	mov a,_builtin_holtek_udivmodsi4_2[0]  
 293  007C  0080     R  	mov _Count_C2[0],a  
"File: 3ch-3key.h    Assembler  Version HGASM0202      Page 19

 293  007D  0700     E  	mov a,_builtin_holtek_udivmodsi4_2[1]  
 293  007E  0080     R  	mov _Count_C2[1],a
 293  007F  0700     E  	mov a,_builtin_holtek_udivmodsi4_2[2]  
 293  0080  0080     R  	mov _Count_C2[2],a  
 293  0081  0700     E  	mov a,_builtin_holtek_udivmodsi4_2[3]  
 293  0082  0080     R  	mov _Count_C2[3],a
 294  0083              #line 294 "E:\hamed\touch2\touch-key-3-3\touch-key-3-3\3ch-3key.h"
 294  0083  1F00     R  	clr _Count_C2_Backup[0]
 294  0084  1F00     R  	clr _Count_C2_Backup[1]
 294  0085  1F00     R  	clr _Count_C2_Backup[2]
 294  0086  1F00     R  	clr _Count_C2_Backup[3]
 294  0087  2800     R  	jmp _L67
 294  0088              _L58:
 302  0088              #line 302 "E:\hamed\touch2\touch-key-3-3\touch-key-3-3\3ch-3key.h"
 302  0088  0700     R  	mov a,_Key_Select_2[0]
 302  0089  0A02        	sub a,2
 302  008A  390A        	snz z
 302  008B  2800     R  	jmp _L50
 303  008C              #line 303 "E:\hamed\touch2\touch-key-3-3\touch-key-3-3\3ch-3key.h"
 303  008C  32CD        	set [77].5
 303  008D  324D        	set [77].4
 303  008E  32C4        	set [68].5
 303  008F  33CC        	set [76].7
 303  0090  374C        	clr [76].6
 303  0091              _L64:
 305  0091              #line 305 "E:\hamed\touch2\touch-key-3-3\touch-key-3-3\3ch-3key.h"
 305  0091  3F44        	sz [68].6
 305  0092  2800     R  	jmp _L71
 305  0093              ;# 305 "E:\hamed\touch2\touch-key-3-3\touch-key-3-3\3ch-3key.h" 1
 305  0093  0000        	nop
 305  0094  2800     R  	jmp _L64
 305  0095              _L71:
 306  0095              #line 306 "E:\hamed\touch2\touch-key-3-3\touch-key-3-3\3ch-3key.h"
 306  0095  0749        	mov a,[73]
 306  0096  0080     E  	mov rc,a
 306  0097  1F00     E  	clr rb
 306  0098  0700     E  	mov a,rc
 306  0099  0080     R  	mov _Count_S3[1],a
 306  009A  0748        	mov a,[72]
 306  009B  0500     E  	or a,rb
 306  009C  0080     R  	mov _Count_S3[0],a
 307  009D              #line 307 "E:\hamed\touch2\touch-key-3-3\touch-key-3-3\3ch-3key.h"
 307  009D  1480     R  	inc _CalibrCount3[0]
 308  009E              #line 308 "E:\hamed\touch2\touch-key-3-3\touch-key-3-3\3ch-3key.h"
 308  009E  0F0A        	mov a,10
 308  009F  0200     R  	sub a,_CalibrCount3[0]
 308  00A0  3C0A        	sz c
 308  00A1  2800     R  	jmp _L67
 310  00A2              #line 310 "E:\hamed\touch2\touch-key-3-3\touch-key-3-3\3ch-3key.h"
 310  00A2  1F00     R  	clr _CalibrCount3[0]
 311  00A3              #line 311 "E:\hamed\touch2\touch-key-3-3\touch-key-3-3\3ch-3key.h"
 311  00A3  0700     R  	mov a,_Count_S3[0]
 311  00A4  0380     R  	addm a,_Count_C3_Backup[0]
 311  00A5  0700     R  	mov a,_Count_S3[1]
 311  00A6  1380     R  	adcm a,_Count_C3_Backup[1]
 311  00A7  1F05        	clr acc
 311  00A8  1380     R  	adcm a,_Count_C3_Backup[2]
 311  00A9  1380     R  	adcm a,_Count_C3_Backup[3]
 312  00AA              #line 312 "E:\hamed\touch2\touch-key-3-3\touch-key-3-3\3ch-3key.h"
 312  00AA  1480     R  	inc _CalibrSample3[0]
"File: 3ch-3key.h    Assembler  Version HGASM0202      Page 20

 313  00AB              #line 313 "E:\hamed\touch2\touch-key-3-3\touch-key-3-3\3ch-3key.h"
 313  00AB  0F13        	mov a,19
 313  00AC  0200     R  	sub a,_CalibrSample3[0]
 313  00AD  3C0A        	sz c
 313  00AE  2800     R  	jmp _L67
 315  00AF              #line 315 "E:\hamed\touch2\touch-key-3-3\touch-key-3-3\3ch-3key.h"
 315  00AF  1F00     R  	clr _CalibrSample3[0]
 316  00B0              #line 316 "E:\hamed\touch2\touch-key-3-3\touch-key-3-3\3ch-3key.h"
 316  00B0  1F00     E  	clr _builtin_holtek_udivmodsi4_2[12]
 316  00B1  0700     R  	mov a,_Count_C3_Backup[0]  
 316  00B2  0080     E  	mov _builtin_holtek_udivmodsi4_2[0],a  
 316  00B3  0700     R  	mov a,_Count_C3_Backup[1]  
 316  00B4  0080     E  	mov _builtin_holtek_udivmodsi4_2[1],a
 316  00B5  0700     R  	mov a,_Count_C3_Backup[2]  
 316  00B6  0080     E  	mov _builtin_holtek_udivmodsi4_2[2],a  
 316  00B7  0700     R  	mov a,_Count_C3_Backup[3]  
 316  00B8  0080     E  	mov _builtin_holtek_udivmodsi4_2[3],a
 316  00B9  0F14        	mov a,20  
 316  00BA  0080     E  	mov _builtin_holtek_udivmodsi4_2[4],a  
 316  00BB  0F00        	mov a,0  
 316  00BC  0080     E  	mov _builtin_holtek_udivmodsi4_2[5],a
 316  00BD  1F00     E  	clr _builtin_holtek_udivmodsi4_2[6]
 316  00BE  1F00     E  	clr _builtin_holtek_udivmodsi4_2[7]
 316  00BF  2000     E  	call _builtin_holtek_udivmodsi4
 316  00C0  0700     E  	mov a,_builtin_holtek_udivmodsi4_2[0]  
 316  00C1  0080     R  	mov _Count_C3[0],a  
 316  00C2  0700     E  	mov a,_builtin_holtek_udivmodsi4_2[1]  
 316  00C3  0080     R  	mov _Count_C3[1],a
 316  00C4  0700     E  	mov a,_builtin_holtek_udivmodsi4_2[2]  
 316  00C5  0080     R  	mov _Count_C3[2],a  
 316  00C6  0700     E  	mov a,_builtin_holtek_udivmodsi4_2[3]  
 316  00C7  0080     R  	mov _Count_C3[3],a
 317  00C8              #line 317 "E:\hamed\touch2\touch-key-3-3\touch-key-3-3\3ch-3key.h"
 317  00C8  1F00     R  	clr _Count_C3_Backup[0]
 317  00C9  1F00     R  	clr _Count_C3_Backup[1]
 317  00CA  1F00     R  	clr _Count_C3_Backup[2]
 317  00CB  1F00     R  	clr _Count_C3_Backup[3]
 317  00CC              _L67:
 321  00CC              #line 321 "E:\hamed\touch2\touch-key-3-3\touch-key-3-3\3ch-3key.h"
 321  00CC  3744        	clr [68].6
 322  00CD              #line 322 "E:\hamed\touch2\touch-key-3-3\touch-key-3-3\3ch-3key.h"
 322  00CD  36C4        	clr [68].5
 322  00CE              _L50:
 322  00CE  0003        	ret
 322  00CF              _Key_Select endp
 322  00CF              #line 322 "E:\hamed\touch2\touch-key-3-3\touch-key-3-3\3ch-3key.h"
 322  00CF              #pragma debug scope 1 1
 322  00CF              public _TOUCH_ISR
 322  00CF              #pragma debug scope 9 1
 329  00CF              #line 329 "E:\hamed\touch2\touch-key-3-3\touch-key-3-3\3ch-3key.h"
 329  0000              @TOUCH_ISR_code .section at 40 'code'
 329  0000              _TOUCH_ISR:
 329  0000  0004        	reti
 329  0001              #line 329 "E:\hamed\touch2\touch-key-3-3\touch-key-3-3\3ch-3key.h"
 329  0001              #pragma debug scope 1 1
 329  0001              public _timer
 329  0001              #pragma debug scope 10 1
 335  0001              #line 335 "E:\hamed\touch2\touch-key-3-3\touch-key-3-3\3ch-3key.h"
 335  0000              @timer_code .section at 12 'code'
 335  0000              _timer:
"File: 3ch-3key.h    Assembler  Version HGASM0202      Page 21

 335  0000  0004        	reti
 335  0001              #line 335 "E:\hamed\touch2\touch-key-3-3\touch-key-3-3\3ch-3key.h"
 335  0001              #pragma debug scope 1 1
 335  0001              ___tmrc equ [29]
 335  0001              ___smod equ [11]
 335  0001              ___pac equ [21]
 335  0001              public _main
 335  0001              #pragma debug scope 11 1

  16  0001              #line 16 "E:\hamed\touch2\touch-key-3-3\touch-key-3-3\touch-key-3-3.c"
  16  0001              IFDEF WITH_DEFAULT_STARTUP
  16  0001              extern _main_initial0:near
  16  0001              extern _main_startup:near
  16  0001              ENDIF
  16  0001              
  16  0001              ROMBANK 0 @start
  16  0000              @start .section com_l 'code'
  16  0000              _main_startup1:
  16  0000              @start .section com_e 'code'
  16  0000  2800     R  	jmp _main
  16  0001              
  16  0000              _main .section 'code'
  16  0000              _main proc
  22  0000              #line 22 "E:\hamed\touch2\touch-key-3-3\touch-key-3-3\touch-key-3-3.c"
  22  0000  369D        	clr [29].5
  23  0001              #line 23 "E:\hamed\touch2\touch-key-3-3\touch-key-3-3\touch-key-3-3.c"
  23  0001  321D        	set [29].4
  25  0002              #line 25 "E:\hamed\touch2\touch-key-3-3\touch-key-3-3\touch-key-3-3.c"
  25  0002  301D        	set [29].0
  26  0003              #line 26 "E:\hamed\touch2\touch-key-3-3\touch-key-3-3\touch-key-3-3.c"
  26  0003  349D        	clr [29].1
  27  0004              #line 27 "E:\hamed\touch2\touch-key-3-3\touch-key-3-3\touch-key-3-3.c"
  27  0004  351D        	clr [29].2
  30  0005              #line 30 "E:\hamed\touch2\touch-key-3-3\touch-key-3-3\touch-key-3-3.c"
  30  0005  300E        	set [14].0
  31  0006              #line 31 "E:\hamed\touch2\touch-key-3-3\touch-key-3-3\touch-key-3-3.c"
  31  0006  300B        	set [11].0
  33  0007              #line 33 "E:\hamed\touch2\touch-key-3-3\touch-key-3-3\touch-key-3-3.c"
  33  0007  330E        	set [14].6
  34  0008              #line 34 "E:\hamed\touch2\touch-key-3-3\touch-key-3-3\touch-key-3-3.c"
  34  0008  318E        	set [14].3
  36  0009              #line 36 "E:\hamed\touch2\touch-key-3-3\touch-key-3-3\touch-key-3-3.c"
  36  0009  3615        	clr [21].4
  36  000A  3515        	clr [21].2
  36  000B  3415        	clr [21].0
  37  000C              #line 37 "E:\hamed\touch2\touch-key-3-3\touch-key-3-3\touch-key-3-3.c"
  37  000C  0F01        	mov a,1
  37  000D  0080     R  	mov _delay_ms_2[0],a
  37  000E  1F00     R  	clr _delay_ms_2[1]
  37  000F  1F00     R  	clr _delay_ms_2[2]
  37  0010  1F00     R  	clr _delay_ms_2[3]
  37  0011  2000     R  	call _delay_ms
  38  0012              #line 38 "E:\hamed\touch2\touch-key-3-3\touch-key-3-3\touch-key-3-3.c"
  38  0012  2000     R  	call _TuochKeyInit
  39  0013              #line 39 "E:\hamed\touch2\touch-key-3-3\touch-key-3-3\touch-key-3-3.c"
  39  0013  0F01        	mov a,1
  39  0014  0080     R  	mov _delay_ms_2[0],a
  39  0015  1F00     R  	clr _delay_ms_2[1]
  39  0016  1F00     R  	clr _delay_ms_2[2]
  39  0017  1F00     R  	clr _delay_ms_2[3]
"File: touch-key-3-3.c  Assembler  Version HGASM0202      Page 22

  39  0018  2000     R  	call _delay_ms
  40  0019              #line 40 "E:\hamed\touch2\touch-key-3-3\touch-key-3-3\touch-key-3-3.c"
  40  0019  2000     R  	call _CalibrTuoch
  40  001A              _L76:
  47  001A              #line 47 "E:\hamed\touch2\touch-key-3-3\touch-key-3-3\touch-key-3-3.c"
  47  001A              ;# 47 "E:\hamed\touch2\touch-key-3-3\touch-key-3-3\touch-key-3-3.c" 1
  47  001A  0001        	clr wdt
  48  001B              #line 48 "E:\hamed\touch2\touch-key-3-3\touch-key-3-3\touch-key-3-3.c"
  48  001B  0700     R  	mov a,_i[0]
  48  001C  0080     E  	mov ra,a
  48  001D  0700     E  	mov a,ra
  48  001E  2000     R  	call _Key_Select
  49  001F              #line 49 "E:\hamed\touch2\touch-key-3-3\touch-key-3-3\touch-key-3-3.c"
  49  001F  1480     R  	inc _i[0]
  49  0020  0F02        	mov a,2
  49  0021  0200     R  	sub a,_i[0]
  49  0022  3C0A        	sz c
  49  0023  2800     R  	jmp _L75
  49  0024  1F00     R  	clr _i[0]
  49  0025              _L75:
  50  0025              #line 50 "E:\hamed\touch2\touch-key-3-3\touch-key-3-3\touch-key-3-3.c"
  50  0025  2000     R  	call _Key_Touch
  51  0026              #line 51 "E:\hamed\touch2\touch-key-3-3\touch-key-3-3\touch-key-3-3.c"
  51  0026  2800     R  	jmp _L76
  51  0027  2800     R  	jmp $
  51  0028              _main endp
  51  0028              
  51  0028              @dummy endp
  51  0028              
  51  0028              #line 51 "E:\hamed\touch2\touch-key-3-3\touch-key-3-3\touch-key-3-3.c"
  51  0028              #pragma debug scope 1 1
  51  0028              public _q3
  51  0000              @HCCINIT	.section 'data'

  16  0000              #line 16 "E:\hamed\touch2\touch-key-3-3\touch-key-3-3\3ch-3key.h"
  16  0000              @BITDATASEC .section 'data'
  16  0000  00          _q3	dbit 0
  16  0001              #pragma debug variable 2 1 _q3 "q3"
  16  0001              public _q2
  16  0001              #line 16 "E:\hamed\touch2\touch-key-3-3\touch-key-3-3\3ch-3key.h"
  16  0001              @BITDATASEC .section 'data'
  16  0000              _q2	dbit 0
  16  0001              #pragma debug variable 2 1 _q2 "q2"
  16  0001              public _q1
  16  0001              #line 16 "E:\hamed\touch2\touch-key-3-3\touch-key-3-3\3ch-3key.h"
  16  0001              @BITDATASEC .section 'data'
  16  0000              _q1	dbit 0
  16  0001              #pragma debug variable 2 1 _q1 "q1"
  16  0001              public _CalibrSample3
  14  0001              #line 14 "E:\hamed\touch2\touch-key-3-3\touch-key-3-3\3ch-3key.h"
  14  0000              @HCCINIT .section 'data'
  14  0000              _CalibrSample3 label byte
  14  0000              #pragma debug variable 8 1 _CalibrSample3 "CalibrSample3"
  14  0000              	db 0
  14  0000              @ROMDATA_BASE .section inpage 'code'
  14  0000              	db 0
  14  0001              @HCCINIT .section 'data'
  14  0001              public _CalibrCount3
  14  0001              #line 14 "E:\hamed\touch2\touch-key-3-3\touch-key-3-3\3ch-3key.h"
  14  0001              @HCCINIT .section 'data'
"File: 3ch-3key.h    Assembler  Version HGASM0202      Page 23

  14  0001              _CalibrCount3 label byte
  14  0001              #pragma debug variable 8 1 _CalibrCount3 "CalibrCount3"
  14  0001              	db 0
  14  0001              @ROMDATA_BASE .section inpage 'code'
  14  0001              	db 0
  14  0002              @HCCINIT .section 'data'
  14  0002              public _Count_T3
  13  0002              #line 13 "E:\hamed\touch2\touch-key-3-3\touch-key-3-3\3ch-3key.h"
  13  0002              @HCCINIT .section 'data'
  13  0002              _Count_T3 label byte
  13  0002              #pragma debug variable 12 1 _Count_T3 "Count_T3"
  13  0002              	db 0
  13  0001              @ROMDATA_BASE .section inpage 'code'
  13  0001              	db 0
  13  0003              @HCCINIT .section 'data'
  13  0003              	db 0
  13  0002              @ROMDATA_BASE .section inpage 'code'
  13  0002              	db 0
  13  0004              @HCCINIT .section 'data'
  13  0004              public _Count_S3
  12  0004              #line 12 "E:\hamed\touch2\touch-key-3-3\touch-key-3-3\3ch-3key.h"
  12  0004              @HCCINIT .section 'data'
  12  0004              _Count_S3 label byte
  12  0004              #pragma debug variable 12 1 _Count_S3 "Count_S3"
  12  0004              	db 0
  12  0002              @ROMDATA_BASE .section inpage 'code'
  12  0002              	db 0
  12  0005              @HCCINIT .section 'data'
  12  0005              	db 0
  12  0003              @ROMDATA_BASE .section inpage 'code'
  12  0003              	db 0
  12  0006              @HCCINIT .section 'data'
  12  0006              public _Count_C3_Backup
  11  0006              #line 11 "E:\hamed\touch2\touch-key-3-3\touch-key-3-3\3ch-3key.h"
  11  0006              @HCCINIT .section 'data'
  11  0006              _Count_C3_Backup label byte
  11  0006              #pragma debug variable 14 1 _Count_C3_Backup "Count_C3_Backup"
  11  0006              	db 0
  11  0003              @ROMDATA_BASE .section inpage 'code'
  11  0003              	db 0
  11  0007              @HCCINIT .section 'data'
  11  0007              	db 0
  11  0004              @ROMDATA_BASE .section inpage 'code'
  11  0004              	db 0
  11  0008              @HCCINIT .section 'data'
  11  0008              	db 0
  11  0004              @ROMDATA_BASE .section inpage 'code'
  11  0004              	db 0
  11  0009              @HCCINIT .section 'data'
  11  0009              	db 0
  11  0005              @ROMDATA_BASE .section inpage 'code'
  11  0005              	db 0
  11  000A              @HCCINIT .section 'data'
  11  000A              public _Count_C3
  11  000A              #line 11 "E:\hamed\touch2\touch-key-3-3\touch-key-3-3\3ch-3key.h"
  11  000A              @HCCINIT .section 'data'
  11  000A              _Count_C3 label byte
  11  000A              #pragma debug variable 14 1 _Count_C3 "Count_C3"
  11  000A              	db 0
  11  0005              @ROMDATA_BASE .section inpage 'code'
"File: 3ch-3key.h    Assembler  Version HGASM0202      Page 24

  11  0005              	db 0
  11  000B              @HCCINIT .section 'data'
  11  000B              	db 0
  11  0006              @ROMDATA_BASE .section inpage 'code'
  11  0006              	db 0
  11  000C              @HCCINIT .section 'data'
  11  000C              	db 0
  11  0006              @ROMDATA_BASE .section inpage 'code'
  11  0006              	db 0
  11  000D              @HCCINIT .section 'data'
  11  000D              	db 0
  11  0007              @ROMDATA_BASE .section inpage 'code'
  11  0007              	db 0
  11  000E              @HCCINIT .section 'data'
  11  000E              public _CalibrSample2
   9  000E              #line 9 "E:\hamed\touch2\touch-key-3-3\touch-key-3-3\3ch-3key.h"
   9  000E              @HCCINIT .section 'data'
   9  000E              _CalibrSample2 label byte
   9  000E              #pragma debug variable 8 1 _CalibrSample2 "CalibrSample2"
   9  000E              	db 0
   9  0007              @ROMDATA_BASE .section inpage 'code'
   9  0007              	db 0
   9  000F              @HCCINIT .section 'data'
   9  000F              public _CalibrCount2
   9  000F              #line 9 "E:\hamed\touch2\touch-key-3-3\touch-key-3-3\3ch-3key.h"
   9  000F              @HCCINIT .section 'data'
   9  000F              _CalibrCount2 label byte
   9  000F              #pragma debug variable 8 1 _CalibrCount2 "CalibrCount2"
   9  000F              	db 0
   9  0008              @ROMDATA_BASE .section inpage 'code'
   9  0008              	db 0
   9  0010              @HCCINIT .section 'data'
   9  0010              public _Count_T2
   8  0010              #line 8 "E:\hamed\touch2\touch-key-3-3\touch-key-3-3\3ch-3key.h"
   8  0010              @HCCINIT .section 'data'
   8  0010              _Count_T2 label byte
   8  0010              #pragma debug variable 12 1 _Count_T2 "Count_T2"
   8  0010              	db 0
   8  0008              @ROMDATA_BASE .section inpage 'code'
   8  0008              	db 0
   8  0011              @HCCINIT .section 'data'
   8  0011              	db 0
   8  0009              @ROMDATA_BASE .section inpage 'code'
   8  0009              	db 0
   8  0012              @HCCINIT .section 'data'
   8  0012              public _Count_S2
   7  0012              #line 7 "E:\hamed\touch2\touch-key-3-3\touch-key-3-3\3ch-3key.h"
   7  0012              @HCCINIT .section 'data'
   7  0012              _Count_S2 label byte
   7  0012              #pragma debug variable 12 1 _Count_S2 "Count_S2"
   7  0012              	db 0
   7  0009              @ROMDATA_BASE .section inpage 'code'
   7  0009              	db 0
   7  0013              @HCCINIT .section 'data'
   7  0013              	db 0
   7  000A              @ROMDATA_BASE .section inpage 'code'
   7  000A              	db 0
   7  0014              @HCCINIT .section 'data'
   7  0014              public _Count_C2_Backup
   6  0014              #line 6 "E:\hamed\touch2\touch-key-3-3\touch-key-3-3\3ch-3key.h"
"File: 3ch-3key.h    Assembler  Version HGASM0202      Page 25

   6  0014              @HCCINIT .section 'data'
   6  0014              _Count_C2_Backup label byte
   6  0014              #pragma debug variable 14 1 _Count_C2_Backup "Count_C2_Backup"
   6  0014              	db 0
   6  000A              @ROMDATA_BASE .section inpage 'code'
   6  000A              	db 0
   6  0015              @HCCINIT .section 'data'
   6  0015              	db 0
   6  000B              @ROMDATA_BASE .section inpage 'code'
   6  000B              	db 0
   6  0016              @HCCINIT .section 'data'
   6  0016              	db 0
   6  000B              @ROMDATA_BASE .section inpage 'code'
   6  000B              	db 0
   6  0017              @HCCINIT .section 'data'
   6  0017              	db 0
   6  000C              @ROMDATA_BASE .section inpage 'code'
   6  000C              	db 0
   6  0018              @HCCINIT .section 'data'
   6  0018              public _Count_C2
   6  0018              #line 6 "E:\hamed\touch2\touch-key-3-3\touch-key-3-3\3ch-3key.h"
   6  0018              @HCCINIT .section 'data'
   6  0018              _Count_C2 label byte
   6  0018              #pragma debug variable 14 1 _Count_C2 "Count_C2"
   6  0018              	db 0
   6  000C              @ROMDATA_BASE .section inpage 'code'
   6  000C              	db 0
   6  0019              @HCCINIT .section 'data'
   6  0019              	db 0
   6  000D              @ROMDATA_BASE .section inpage 'code'
   6  000D              	db 0
   6  001A              @HCCINIT .section 'data'
   6  001A              	db 0
   6  000D              @ROMDATA_BASE .section inpage 'code'
   6  000D              	db 0
   6  001B              @HCCINIT .section 'data'
   6  001B              	db 0
   6  000E              @ROMDATA_BASE .section inpage 'code'
   6  000E              	db 0
   6  001C              @HCCINIT .section 'data'
   6  001C              public _CalibrSample1
   4  001C              #line 4 "E:\hamed\touch2\touch-key-3-3\touch-key-3-3\3ch-3key.h"
   4  001C              @HCCINIT .section 'data'
   4  001C              _CalibrSample1 label byte
   4  001C              #pragma debug variable 8 1 _CalibrSample1 "CalibrSample1"
   4  001C              	db 0
   4  000E              @ROMDATA_BASE .section inpage 'code'
   4  000E              	db 0
   4  001D              @HCCINIT .section 'data'
   4  001D              public _CalibrCount1
   4  001D              #line 4 "E:\hamed\touch2\touch-key-3-3\touch-key-3-3\3ch-3key.h"
   4  001D              @HCCINIT .section 'data'
   4  001D              _CalibrCount1 label byte
   4  001D              #pragma debug variable 8 1 _CalibrCount1 "CalibrCount1"
   4  001D              	db 0
   4  000F              @ROMDATA_BASE .section inpage 'code'
   4  000F              	db 0
   4  001E              @HCCINIT .section 'data'
   4  001E              public _counter
   4  001E              #line 4 "E:\hamed\touch2\touch-key-3-3\touch-key-3-3\3ch-3key.h"
"File: 3ch-3key.h    Assembler  Version HGASM0202      Page 26

   4  001E              @HCCINIT .section 'data'
   4  001E              _counter label byte
   4  001E              #pragma debug variable 8 1 _counter "counter"
   4  001E              	db 0
   4  000F              @ROMDATA_BASE .section inpage 'code'
   4  000F              	db 0
   4  001F              @HCCINIT .section 'data'
   4  001F              public _i
   4  001F              #line 4 "E:\hamed\touch2\touch-key-3-3\touch-key-3-3\3ch-3key.h"
   4  001F              @HCCINIT .section 'data'
   4  001F              _i label byte
   4  001F              #pragma debug variable 8 1 _i "i"
   4  001F              	db 0
   4  0010              @ROMDATA_BASE .section inpage 'code'
   4  0010              	db 0
   4  0020              @HCCINIT .section 'data'
   4  0020              public _Count_T1
   3  0020              #line 3 "E:\hamed\touch2\touch-key-3-3\touch-key-3-3\3ch-3key.h"
   3  0020              @HCCINIT .section 'data'
   3  0020              _Count_T1 label byte
   3  0020              #pragma debug variable 12 1 _Count_T1 "Count_T1"
   3  0020              	db 0
   3  0010              @ROMDATA_BASE .section inpage 'code'
   3  0010              	db 0
   3  0021              @HCCINIT .section 'data'
   3  0021              	db 0
   3  0011              @ROMDATA_BASE .section inpage 'code'
   3  0011              	db 0
   3  0022              @HCCINIT .section 'data'
   3  0022              public _Count_S1
   2  0022              #line 2 "E:\hamed\touch2\touch-key-3-3\touch-key-3-3\3ch-3key.h"
   2  0022              @HCCINIT .section 'data'
   2  0022              _Count_S1 label byte
   2  0022              #pragma debug variable 12 1 _Count_S1 "Count_S1"
   2  0022              	db 0
   2  0011              @ROMDATA_BASE .section inpage 'code'
   2  0011              	db 0
   2  0023              @HCCINIT .section 'data'
   2  0023              	db 0
   2  0012              @ROMDATA_BASE .section inpage 'code'
   2  0012              	db 0
   2  0024              @HCCINIT .section 'data'
   2  0024              public _Count_C1_Backup
   1  0024              #line 1 "E:\hamed\touch2\touch-key-3-3\touch-key-3-3\3ch-3key.h"
   1  0024              @HCCINIT .section 'data'
   1  0024              _Count_C1_Backup label byte
   1  0024              #pragma debug variable 14 1 _Count_C1_Backup "Count_C1_Backup"
   1  0024              	db 0
   1  0012              @ROMDATA_BASE .section inpage 'code'
   1  0012              	db 0
   1  0025              @HCCINIT .section 'data'
   1  0025              	db 0
   1  0013              @ROMDATA_BASE .section inpage 'code'
   1  0013              	db 0
   1  0026              @HCCINIT .section 'data'
   1  0026              	db 0
   1  0013              @ROMDATA_BASE .section inpage 'code'
   1  0013              	db 0
   1  0027              @HCCINIT .section 'data'
   1  0027              	db 0
"File: 3ch-3key.h    Assembler  Version HGASM0202      Page 27

   1  0014              @ROMDATA_BASE .section inpage 'code'
   1  0014              	db 0
   1  0028              @HCCINIT .section 'data'
   1  0028              public _Count_C1
   1  0028              #line 1 "E:\hamed\touch2\touch-key-3-3\touch-key-3-3\3ch-3key.h"
   1  0028              @HCCINIT .section 'data'
   1  0028              _Count_C1 label byte
   1  0028              #pragma debug variable 14 1 _Count_C1 "Count_C1"
   1  0028              	db 0
   1  0014              @ROMDATA_BASE .section inpage 'code'
   1  0014              	db 0
   1  0029              @HCCINIT .section 'data'
   1  0029              	db 0
   1  0015              @ROMDATA_BASE .section inpage 'code'
   1  0015              	db 0
   1  002A              @HCCINIT .section 'data'
   1  002A              	db 0
   1  0015              @ROMDATA_BASE .section inpage 'code'
   1  0015              	db 0
   1  002B              @HCCINIT .section 'data'
   1  002B              	db 0
   1  0016              @ROMDATA_BASE .section inpage 'code'
   1  0016              	db 0
   1  002C              @HCCINIT .section 'data'
   1  002C              #pragma debug struct_end
   1  002C              #pragma debug struct_end
   1  002C              #pragma debug union_end
   1  002C              #pragma debug union_end
   1  002C              #pragma debug variable 43 1 ___smod "__smod" 1
   1  002C              #pragma debug struct_end
   1  002C              #pragma debug struct_end
   1  002C              #pragma debug union_end
   1  002C              #pragma debug union_end
   1  002C              #pragma debug variable 45 1 ___intc0 "__intc0" 1
   1  002C              #pragma debug struct_end
   1  002C              #pragma debug struct_end
   1  002C              #pragma debug union_end
   1  002C              #pragma debug union_end
   1  002C              #pragma debug variable 47 1 ___pa "__pa" 1
   1  002C              #pragma debug struct_end
   1  002C              #pragma debug struct_end
   1  002C              #pragma debug union_end
   1  002C              #pragma debug union_end
   1  002C              #pragma debug variable 49 1 ___pac "__pac" 1
   1  002C              #pragma debug struct_end
   1  002C              #pragma debug struct_end
   1  002C              #pragma debug union_end
   1  002C              #pragma debug union_end
   1  002C              #pragma debug variable 51 1 ___tmrc "__tmrc" 1
   1  002C              #pragma debug variable 8 1 ___tktmr "__tktmr" 1
   1  002C              #pragma debug struct_end
   1  002C              #pragma debug struct_end
   1  002C              #pragma debug union_end
   1  002C              #pragma debug union_end
   1  002C              #pragma debug variable 53 1 ___tkc0 "__tkc0" 1
   1  002C              #pragma debug struct_end
   1  002C              #pragma debug struct_end
   1  002C              #pragma debug union_end
   1  002C              #pragma debug union_end
   1  002C              #pragma debug variable 55 1 ___tkc1 "__tkc1" 1
"File: 3ch-3key.h    Assembler  Version HGASM0202      Page 28

   1  002C              #pragma debug variable 8 1 ___tkm016dl "__tkm016dl" 1
   1  002C              #pragma debug variable 8 1 ___tkm016dh "__tkm016dh" 1
   1  002C              #pragma debug variable 8 1 ___tkm0rol "__tkm0rol" 1
   1  002C              #pragma debug variable 8 1 ___tkm0roh "__tkm0roh" 1
   1  002C              #pragma debug struct_end
   1  002C              #pragma debug struct_end
   1  002C              #pragma debug union_end
   1  002C              #pragma debug union_end
   1  002C              #pragma debug variable 57 1 ___tkm0c0 "__tkm0c0" 1
   1  002C              #pragma debug struct_end
   1  002C              #pragma debug struct_end
   1  002C              #pragma debug union_end
   1  002C              #pragma debug union_end
   1  002C              #pragma debug variable 59 1 ___tkm0c1 "__tkm0c1" 1

  16  002C              #line 16 "E:\hamed\touch2\touch-key-3-3\touch-key-3-3\touch-key-3-3.c"
  16  0000              @code .section at 0 'code'
  16  0000  2800     R  	jmp _main_startup1
  16  0001              
  16  0001              extern _builtin_holtek_mulsi3_2:byte
  16  0001              extern _builtin_holtek_mulsi3:near
  16  0001              extern _builtin_holtek_udivmodsi4_2:byte
  16  0001              extern _builtin_holtek_udivmodsi4:near
  16  0001              
  16  0001              ; 
  16  0001              ; Generated by holtek-gcc v3.19, Thu Sep 05 10:48:06 2024
  16  0001              ; Rebuild 718
  16  0001              ; end of file


        0 Errors, 0