"File: touch-1ch-change.c  Assembler  Version HGASM0202      Page 1


   1  0000              ; Generated by holtek-gcc v3.19, Thu Mar 06 13:18:01 2025
   2  0000              ; 
   3  0000              ; Configuration:
   4  0000              ;       without long instruction
   5  0000              ;       Single ROM, Multi-RAM
   6  0000              ;       bits_per_rom_unit:16
   7  0000              ;       with mp1
   8  0000              ;       with tbhp, address(0x9)
   9  0000              ;          Use tabrd-const
  10  0000              ;       
  11  0000              ;       
  12  0000              ;       
  13  0000              ; use 'tabrdc' instead of 'tabrd'
  14  0000              ;       
  15  0000              
  16  0000              #pragma translator "holtek-gcc 4.6.4" "3.19" "build 20130711"
  17  0000              ; Rebuild 718
  18  0000              
  19  0000              ir equ [2]
  20  0000              mp equ [3]
  21  0000              sbp equ [1]
  22  0000              acc equ [5]
  23  0000              bp equ [4]
  24  0000              tblp equ [7]
  25  0000              tbhp equ [9]
  26  0000              status equ [10]
  27  0000              c equ [10].0
  28  0000              ac equ [10].1
  29  0000              z equ [10].2
  30  0000              ov equ [10].3
  31  0000              intc equ [11]
  32  0000              
  33  0000              extern ra:byte
  34  0000              extern rb:byte
  35  0000              extern rc:byte
  36  0000              extern rd:byte
  37  0000              extern re:byte
  38  0000              extern rf:byte
  39  0000              extern rg:byte
  40  0000              extern rh:byte
  41  0000              extern _Crom2Prom:near
  42  0000              extern _Crom2PromNext:near
  43  0000              
  44  0000              RAMBANK 0 @HCCINIT, @HCCINIT0
  45  0000              
  46  0000              RAMBANK 0 @BITDATASEC, @BITDATASEC1
  47  0000              @HCCINIT	.section 'data'
  48  0000              @HCCINIT0	.section 'data'
  49  0000              @BITDATASEC	 .section 'data'
  50  0000              @BITDATASEC1	 .section 'data'
  51  0000              
  52  0000              #pragma debug scope 1 1
  53  0000              	extern __DELAY3:near
  54  0000              	extern __DELAYX3:near
  55  0000              	extern __DELAYX6:near
  56  0000              	extern __DELAYY5:near
  57  0000              	extern __DELAYY3:near
  58  0000              	extern _builtin_holtek_delay_2:byte
  59  0000              public _delay_10us
"File: touch-1ch-change.ASM  Assembler  Version HGASM0202      Page 2

  60  0000              #pragma debug scope 2 1

  11  0000              #line 11 "E:\hamed\touch2\touch-1ch-change\touch-1ch-change - v3\DELAY.h"
  11  0000              _delay_10us .section 'code'
  11  0000              _delay_10us proc
  11  0000              public _delay_10us_2
  11  0000  0004[           local _delay_10us_2 db 4 dup(?)	; 4,0
            00
            ]
  11  0004              #pragma debug variable 14 2 _delay_10us_2+0 "count_u"
  15  0004              #line 15 "E:\hamed\touch2\touch-1ch-change\touch-1ch-change - v3\DELAY.h"
  15  0000  1F00     E  	clr rd
  15  0001  1F00     E  	clr re
  15  0002  1F00     E  	clr rf
  15  0003  1F00     E  	clr rg
  15  0004  2800     R  	jmp _L2
  15  0005              _L3:
  17  0005              #line 17 "E:\hamed\touch2\touch-1ch-change\touch-1ch-change - v3\DELAY.h"
  17  0005              ;# 17 "E:\hamed\touch2\touch-1ch-change\touch-1ch-change - v3\DELAY.h" 1
  17  0005  0001        	clr wdt
  18  0006              #line 18 "E:\hamed\touch2\touch-1ch-change\touch-1ch-change - v3\DELAY.h"
  18  0006              ;# 18 "E:\hamed\touch2\touch-1ch-change\touch-1ch-change - v3\DELAY.h" 1
  18  0006  0000        	nop
  19  0007              #line 19 "E:\hamed\touch2\touch-1ch-change\touch-1ch-change - v3\DELAY.h"
  19  0007              ;# 19 "E:\hamed\touch2\touch-1ch-change\touch-1ch-change - v3\DELAY.h" 1
  19  0007  0000        	nop
  20  0008              #line 20 "E:\hamed\touch2\touch-1ch-change\touch-1ch-change - v3\DELAY.h"
  20  0008              ;# 20 "E:\hamed\touch2\touch-1ch-change\touch-1ch-change - v3\DELAY.h" 1
  20  0008  0000        	nop
  21  0009              #line 21 "E:\hamed\touch2\touch-1ch-change\touch-1ch-change - v3\DELAY.h"
  21  0009              ;# 21 "E:\hamed\touch2\touch-1ch-change\touch-1ch-change - v3\DELAY.h" 1
  21  0009  0000        	nop
  15  000A              #line 15 "E:\hamed\touch2\touch-1ch-change\touch-1ch-change - v3\DELAY.h"
  15  000A  0F01        	mov a,1
  15  000B  0380     E  	addm a,rd
  15  000C  0F00        	mov a,0
  15  000D  1380     E  	adcm a,re
  15  000E  1380     E  	adcm a,rf
  15  000F  1380     E  	adcm a,rg
  15  0010              _L2:
  15  0010  0700     E  	mov a,rd
  15  0011  0400     R  	xor a,_delay_10us_2[0]
  15  0012  0700     E  	mov a,re
  15  0013  3D0A        	sz z
  15  0014  0400     R  	xor a,_delay_10us_2[1]
  15  0015  0700     E  	mov a,rf
  15  0016  3D0A        	sz z
  15  0017  0400     R  	xor a,_delay_10us_2[2]
  15  0018  0700     E  	mov a,rg
  15  0019  3D0A        	sz z
  15  001A  0400     R  	xor a,_delay_10us_2[3]
  15  001B  390A        	snz z
  15  001C  2800     R  	jmp _L3
  15  001D  0003        	ret
  15  001E              _delay_10us endp
  15  001E              #line 15 "E:\hamed\touch2\touch-1ch-change\touch-1ch-change - v3\DELAY.h"
  15  001E              #pragma debug scope 1 1
  15  001E              public _delay_us
  15  001E              #pragma debug scope 3 1
  28  001E              #line 28 "E:\hamed\touch2\touch-1ch-change\touch-1ch-change - v3\DELAY.h"
"File: DELAY.h       Assembler  Version HGASM0202      Page 3

  28  0000              _delay_us .section 'code'
  28  0000              _delay_us proc
  28  0000              public _delay_us_2
  28  0000  0004[           local _delay_us_2 db 4 dup(?)	; 4,0
            00
            ]
  28  0004              #pragma debug variable 14 3 _delay_us_2+0 "count_u"
  32  0004              #line 32 "E:\hamed\touch2\touch-1ch-change\touch-1ch-change - v3\DELAY.h"
  32  0000  1F00     E  	clr rd
  32  0001  1F00     E  	clr re
  32  0002  1F00     E  	clr rf
  32  0003  1F00     E  	clr rg
  32  0004  2800     R  	jmp _L6
  32  0005              _L7:
  34  0005              #line 34 "E:\hamed\touch2\touch-1ch-change\touch-1ch-change - v3\DELAY.h"
  34  0005              ;# 34 "E:\hamed\touch2\touch-1ch-change\touch-1ch-change - v3\DELAY.h" 1
  34  0005  0001        	clr wdt
  35  0006              #line 35 "E:\hamed\touch2\touch-1ch-change\touch-1ch-change - v3\DELAY.h"
  35  0006              ;# 35 "E:\hamed\touch2\touch-1ch-change\touch-1ch-change - v3\DELAY.h" 1
  35  0006  0000        	nop
  32  0007              #line 32 "E:\hamed\touch2\touch-1ch-change\touch-1ch-change - v3\DELAY.h"
  32  0007  0F01        	mov a,1
  32  0008  0380     E  	addm a,rd
  32  0009  0F00        	mov a,0
  32  000A  1380     E  	adcm a,re
  32  000B  1380     E  	adcm a,rf
  32  000C  1380     E  	adcm a,rg
  32  000D              _L6:
  32  000D  0700     E  	mov a,rd
  32  000E  0400     R  	xor a,_delay_us_2[0]
  32  000F  0700     E  	mov a,re
  32  0010  3D0A        	sz z
  32  0011  0400     R  	xor a,_delay_us_2[1]
  32  0012  0700     E  	mov a,rf
  32  0013  3D0A        	sz z
  32  0014  0400     R  	xor a,_delay_us_2[2]
  32  0015  0700     E  	mov a,rg
  32  0016  3D0A        	sz z
  32  0017  0400     R  	xor a,_delay_us_2[3]
  32  0018  390A        	snz z
  32  0019  2800     R  	jmp _L7
  32  001A  0003        	ret
  32  001B              _delay_us endp
  32  001B              #line 32 "E:\hamed\touch2\touch-1ch-change\touch-1ch-change - v3\DELAY.h"
  32  001B              #pragma debug scope 1 1
  32  001B              public _delay_ms
  32  001B              #pragma debug scope 4 1
  42  001B              #line 42 "E:\hamed\touch2\touch-1ch-change\touch-1ch-change - v3\DELAY.h"
  42  0000              _delay_ms .section 'code'
  42  0000              _delay_ms proc
  42  0000              public _delay_ms_2
  42  0000  0008[           local _delay_ms_2 db 8 dup(?)	; 4,4
            00
            ]
  42  0008              #pragma debug variable 14 4 _delay_ms_2+0 "count_m"
  44  0008              #line 44 "E:\hamed\touch2\touch-1ch-change\touch-1ch-change - v3\DELAY.h"
  44  0000  0700     R  	mov a,_delay_ms_2[0]
  44  0001  0080     E  	mov _builtin_holtek_mulsi3_2[0],a
  44  0002  0700     R  	mov a,_delay_ms_2[1]
  44  0003  0080     E  	mov _builtin_holtek_mulsi3_2[1],a
"File: DELAY.h       Assembler  Version HGASM0202      Page 4

  44  0004  0700     R  	mov a,_delay_ms_2[2]
  44  0005  0080     E  	mov _builtin_holtek_mulsi3_2[2],a
  44  0006  0700     R  	mov a,_delay_ms_2[3]
  44  0007  0080     E  	mov _builtin_holtek_mulsi3_2[3],a
  44  0008  0F64        	mov a,100
  44  0009  0080     E  	mov _builtin_holtek_mulsi3_2[4],a
  44  000A  0F00        	mov a,0
  44  000B  0080     E  	mov _builtin_holtek_mulsi3_2[5],a
  44  000C  0F00        	mov a,0
  44  000D  0080     E  	mov _builtin_holtek_mulsi3_2[6],a
  44  000E  0F00        	mov a,0
  44  000F  0080     E  	mov _builtin_holtek_mulsi3_2[7],a
  44  0010  2000     E  	call _builtin_holtek_mulsi3
  44  0011  0700     E  	mov a,_builtin_holtek_mulsi3_2[8]
  44  0012  0080     R  	mov _delay_ms_2[4],a
  44  0013  0700     E  	mov a,_builtin_holtek_mulsi3_2[9]
  44  0014  0080     R  	mov _delay_ms_2[5],a
  44  0015  0700     E  	mov a,_builtin_holtek_mulsi3_2[10]
  44  0016  0080     R  	mov _delay_ms_2[6],a
  44  0017  0700     E  	mov a,_builtin_holtek_mulsi3_2[11]
  44  0018  0080     R  	mov _delay_ms_2[7],a
  45  0019              #line 45 "E:\hamed\touch2\touch-1ch-change\touch-1ch-change - v3\DELAY.h"
  45  0019  1F00     E  	clr rd
  45  001A  1F00     E  	clr re
  45  001B  1F00     E  	clr rf
  45  001C  1F00     E  	clr rg
  45  001D  2800     R  	jmp _L9
  45  001E              _L10:
  47  001E              #line 47 "E:\hamed\touch2\touch-1ch-change\touch-1ch-change - v3\DELAY.h"
  47  001E              ;# 47 "E:\hamed\touch2\touch-1ch-change\touch-1ch-change - v3\DELAY.h" 1
  47  001E  0001        	clr wdt
  48  001F              #line 48 "E:\hamed\touch2\touch-1ch-change\touch-1ch-change - v3\DELAY.h"
  48  001F              ;# 48 "E:\hamed\touch2\touch-1ch-change\touch-1ch-change - v3\DELAY.h" 1
  48  001F  0000        	nop
  49  0020              #line 49 "E:\hamed\touch2\touch-1ch-change\touch-1ch-change - v3\DELAY.h"
  49  0020              ;# 49 "E:\hamed\touch2\touch-1ch-change\touch-1ch-change - v3\DELAY.h" 1
  49  0020  0000        	nop
  50  0021              #line 50 "E:\hamed\touch2\touch-1ch-change\touch-1ch-change - v3\DELAY.h"
  50  0021              ;# 50 "E:\hamed\touch2\touch-1ch-change\touch-1ch-change - v3\DELAY.h" 1
  50  0021  0000        	nop
  51  0022              #line 51 "E:\hamed\touch2\touch-1ch-change\touch-1ch-change - v3\DELAY.h"
  51  0022              ;# 51 "E:\hamed\touch2\touch-1ch-change\touch-1ch-change - v3\DELAY.h" 1
  51  0022  0000        	nop
  45  0023              #line 45 "E:\hamed\touch2\touch-1ch-change\touch-1ch-change - v3\DELAY.h"
  45  0023  0F01        	mov a,1
  45  0024  0380     E  	addm a,rd
  45  0025  0F00        	mov a,0
  45  0026  1380     E  	adcm a,re
  45  0027  1380     E  	adcm a,rf
  45  0028  1380     E  	adcm a,rg
  45  0029              _L9:
  45  0029  0700     E  	mov a,rd
  45  002A  0400     R  	xor a,_delay_ms_2[4]
  45  002B  0700     E  	mov a,re
  45  002C  3D0A        	sz z
  45  002D  0400     R  	xor a,_delay_ms_2[5]
  45  002E  0700     E  	mov a,rf
  45  002F  3D0A        	sz z
  45  0030  0400     R  	xor a,_delay_ms_2[6]
  45  0031  0700     E  	mov a,rg
"File: DELAY.h       Assembler  Version HGASM0202      Page 5

  45  0032  3D0A        	sz z
  45  0033  0400     R  	xor a,_delay_ms_2[7]
  45  0034  390A        	snz z
  45  0035  2800     R  	jmp _L10
  45  0036  0003        	ret
  45  0037              _delay_ms endp
  45  0037              #line 45 "E:\hamed\touch2\touch-1ch-change\touch-1ch-change - v3\DELAY.h"
  45  0037              #pragma debug scope 1 1
  45  0037              ___intc0 equ [14]
  45  0037              ___tktmr equ [67]
  45  0037              ___tkc0 equ [68]
  45  0037              ___tkc1 equ [71]
  45  0037              ___tkm0c1 equ [77]
  45  0037              ___tkm0rol equ [74]
  45  0037              ___tkm0roh equ [75]
  45  0037              ___tkm0c0 equ [76]
  45  0037              public _TuochKeyInit
  45  0037              #pragma debug scope 5 1

  87  0037              #line 87 "E:\hamed\touch2\touch-1ch-change\touch-1ch-change - v3\TOUCH.h"
  87  0000              _TuochKeyInit .section 'code'
  87  0000              _TuochKeyInit proc
  89  0000              #line 89 "E:\hamed\touch2\touch-1ch-change\touch-1ch-change - v3\TOUCH.h"
  89  0000  350E        	clr [14].2
  90  0001              #line 90 "E:\hamed\touch2\touch-1ch-change\touch-1ch-change - v3\TOUCH.h"
  90  0001  368E        	clr [14].5
  91  0002              #line 91 "E:\hamed\touch2\touch-1ch-change\touch-1ch-change - v3\TOUCH.h"
  91  0002  1F43        	clr [67]
  92  0003              #line 92 "E:\hamed\touch2\touch-1ch-change\touch-1ch-change - v3\TOUCH.h"
  92  0003  34C4        	clr [68].1
  92  0004  3444        	clr [68].0
  93  0005              #line 93 "E:\hamed\touch2\touch-1ch-change\touch-1ch-change - v3\TOUCH.h"
  93  0005  30C7        	set [71].1
  93  0006  3047        	set [71].0
  96  0007              #line 96 "E:\hamed\touch2\touch-1ch-change\touch-1ch-change - v3\TOUCH.h"
  96  0007  35CD        	clr [77].3
  96  0008  354D        	clr [77].2
  96  0009  34CD        	clr [77].1
  96  000A  304D        	set [77].0
  97  000B              #line 97 "E:\hamed\touch2\touch-1ch-change\touch-1ch-change - v3\TOUCH.h"
  97  000B  0FC8        	mov a,200
  97  000C  00CA        	mov [74],a
  97  000D  1F4B        	clr [75]
  98  000E              #line 98 "E:\hamed\touch2\touch-1ch-change\touch-1ch-change - v3\TOUCH.h"
  98  000E  32CC        	set [76].5
  99  000F              #line 99 "E:\hamed\touch2\touch-1ch-change\touch-1ch-change - v3\TOUCH.h"
  99  000F  324C        	set [76].4
 100  0010              #line 100 "E:\hamed\touch2\touch-1ch-change\touch-1ch-change - v3\TOUCH.h"
 100  0010  35CC        	clr [76].3
 101  0011              #line 101 "E:\hamed\touch2\touch-1ch-change\touch-1ch-change - v3\TOUCH.h"
 101  0011  314C        	set [76].2
 101  0012  30CC        	set [76].1
 101  0013  304C        	set [76].0
 102  0014              #line 102 "E:\hamed\touch2\touch-1ch-change\touch-1ch-change - v3\TOUCH.h"
 102  0014  37CD        	clr [77].7
 103  0015              #line 103 "E:\hamed\touch2\touch-1ch-change\touch-1ch-change - v3\TOUCH.h"
 103  0015  32CD        	set [77].5
 104  0016              #line 104 "E:\hamed\touch2\touch-1ch-change\touch-1ch-change - v3\TOUCH.h"
 104  0016  324D        	set [77].4
 104  0017  0003        	ret
"File: TOUCH.h       Assembler  Version HGASM0202      Page 6

 104  0018              _TuochKeyInit endp
 104  0018              #line 104 "E:\hamed\touch2\touch-1ch-change\touch-1ch-change - v3\TOUCH.h"
 104  0018              #pragma debug scope 1 1
 104  0018              ___pa equ [20]
 104  0018              public _Key_Touch
 104  0018              #pragma debug scope 6 1
 108  0018              #line 108 "E:\hamed\touch2\touch-1ch-change\touch-1ch-change - v3\TOUCH.h"
 108  0000              _Key_Touch .section 'code'
 108  0000              _Key_Touch proc
 110  0000              #line 110 "E:\hamed\touch2\touch-1ch-change\touch-1ch-change - v3\TOUCH.h"
 110  0000  0FCE        	mov a,206
 110  0001  0300     R  	add a,_Count_C1[0]
 110  0002  0080     E  	mov rd,a
 110  0003  0FFF        	mov a,255
 110  0004  1300     R  	adc a,_Count_C1[1]
 110  0005  0080     E  	mov re,a
 110  0006  0FFF        	mov a,255
 110  0007  1300     R  	adc a,_Count_C1[2]
 110  0008  0080     E  	mov rf,a
 110  0009  0FFF        	mov a,255
 110  000A  1300     R  	adc a,_Count_C1[3]
 110  000B  0080     E  	mov rg,a
 110  000C  0700     R  	mov a,_Count_S1[0]
 110  000D  0200     E  	sub a,rd
 110  000E  0700     R  	mov a,_Count_S1[1]
 110  000F  1200     E  	sbc a,re
 110  0010  1F05        	clr acc
 110  0011  1200     E  	sbc a,rf
 110  0012  1F05        	clr acc
 110  0013  1200     E  	sbc a,rg
 110  0014  3C0A        	sz c
 110  0015  2800     R  	jmp _L13
 112  0016              #line 112 "E:\hamed\touch2\touch-1ch-change\touch-1ch-change - v3\TOUCH.h"
 112  0016  1480     R  	inc _Count_T1[0]
 112  0017  3D0A        	sz z
 112  0018  1480     R  	inc _Count_T1[1]
 113  0019              #line 113 "E:\hamed\touch2\touch-1ch-change\touch-1ch-change - v3\TOUCH.h"
 113  0019  0FE8        	mov a,232
 113  001A  0200     R  	sub a,_Count_T1[0]
 113  001B  0F03        	mov a,3
 113  001C  1200     R  	sbc a,_Count_T1[1]
 113  001D  3C0A        	sz c
 113  001E  2800     R  	jmp _L14
 113  001F  0FE8        	mov a,-24
 113  0020  0080     R  	mov _Count_T1[0],a
 113  0021  0F03        	mov a,3
 113  0022  0080     R  	mov _Count_T1[1],a
 113  0023              _L14:
 115  0023              #line 115 "E:\hamed\touch2\touch-1ch-change\touch-1ch-change - v3\TOUCH.h"
 115  0023  3800     R  	snz _Set
 115  0024  2800     R  	jmp _L15
 117  0025              #line 117 "E:\hamed\touch2\touch-1ch-change\touch-1ch-change - v3\TOUCH.h"
 117  0025  0F2C        	mov a,44
 117  0026  0200     R  	sub a,_Count_T1[0]
 117  0027  0F01        	mov a,1
 117  0028  1200     R  	sbc a,_Count_T1[1]
 117  0029  3C0A        	sz c
 117  002A  2800     R  	jmp _L12
 117  002B  0700     R  	mov a,_lightchange[0]
 117  002C  0500     R  	or a,_lightchange[1]
"File: TOUCH.h       Assembler  Version HGASM0202      Page 7

 117  002D  390A        	snz z
 117  002E  2800     R  	jmp _L12
 117  002F  1080     R  	sz _Setinoff[0]
 117  0030  2800     R  	jmp _L12
 119  0031              #line 119 "E:\hamed\touch2\touch-1ch-change\touch-1ch-change - v3\TOUCH.h"
 119  0031  3800     R  	snz _UD
 119  0032  2800     R  	jmp _L19
 119  0033  3400     R  	clr _UD
 119  0034  2800     R  	jmp _L20
 119  0035              _L19:
 120  0035              #line 120 "E:\hamed\touch2\touch-1ch-change\touch-1ch-change - v3\TOUCH.h"
 120  0035  3000     R  	set _UD
 120  0036              _L20:
 122  0036              #line 122 "E:\hamed\touch2\touch-1ch-change\touch-1ch-change - v3\TOUCH.h"
 122  0036  0F01        	mov a,1
 122  0037  0080     R  	mov _lightchange[0],a
 122  0038  1F00     R  	clr _lightchange[1]
 123  0039              #line 123 "E:\hamed\touch2\touch-1ch-change\touch-1ch-change - v3\TOUCH.h"
 123  0039  0FE8        	mov a,-24
 123  003A  0080     R  	mov _Count_T1[0],a
 123  003B  0F03        	mov a,3
 123  003C  0080     R  	mov _Count_T1[1],a
 125  003D              #line 125 "E:\hamed\touch2\touch-1ch-change\touch-1ch-change - v3\TOUCH.h"
 125  003D  3614        	clr [20].4
 127  003E              #line 127 "E:\hamed\touch2\touch-1ch-change\touch-1ch-change - v3\TOUCH.h"
 127  003E  0F1E        	mov a,30
 127  003F  0080     R  	mov _counterrgb[0],a
 127  0040  1F00     R  	clr _counterrgb[1]
 127  0041  2800     R  	jmp _L12
 127  0042              _L15:
 132  0042              #line 132 "E:\hamed\touch2\touch-1ch-change\touch-1ch-change - v3\TOUCH.h"
 132  0042  0700     R  	mov a,_Count_T1[0]
 132  0043  0C64        	xor a,100
 132  0044  0500     R  	or a,_Count_T1[1]
 132  0045  390A        	snz z
 132  0046  2800     R  	jmp _L12
 134  0047              #line 134 "E:\hamed\touch2\touch-1ch-change\touch-1ch-change - v3\TOUCH.h"
 134  0047  3000     R  	set _Set
 136  0048              #line 136 "E:\hamed\touch2\touch-1ch-change\touch-1ch-change - v3\TOUCH.h"
 136  0048  0F01        	mov a,1
 136  0049  0080     R  	mov _Setinoff[0],a
 138  004A              #line 138 "E:\hamed\touch2\touch-1ch-change\touch-1ch-change - v3\TOUCH.h"
 138  004A  1F00     R  	clr _CalibrCount[0]
 139  004B              #line 139 "E:\hamed\touch2\touch-1ch-change\touch-1ch-change - v3\TOUCH.h"
 139  004B  1F00     R  	clr _CalibrSample[0]
 140  004C              #line 140 "E:\hamed\touch2\touch-1ch-change\touch-1ch-change - v3\TOUCH.h"
 140  004C  1F00     R  	clr _Count_C1_Backup[0]
 140  004D  1F00     R  	clr _Count_C1_Backup[1]
 140  004E  1F00     R  	clr _Count_C1_Backup[2]
 140  004F  1F00     R  	clr _Count_C1_Backup[3]
 140  0050  2800     R  	jmp _L12
 140  0051              _L13:
 152  0051              #line 152 "E:\hamed\touch2\touch-1ch-change\touch-1ch-change - v3\TOUCH.h"
 152  0051  0FF6        	mov a,246
 152  0052  0300     R  	add a,_Count_C1[0]
 152  0053  0080     E  	mov rd,a
 152  0054  0FFF        	mov a,255
 152  0055  1300     R  	adc a,_Count_C1[1]
 152  0056  0080     E  	mov re,a
 152  0057  0FFF        	mov a,255
"File: TOUCH.h       Assembler  Version HGASM0202      Page 8

 152  0058  1300     R  	adc a,_Count_C1[2]
 152  0059  0080     E  	mov rf,a
 152  005A  0FFF        	mov a,255
 152  005B  1300     R  	adc a,_Count_C1[3]
 152  005C  0080     E  	mov rg,a
 152  005D  1080     E  	sz rg
 152  005E  2800     R  	jmp _L12
 152  005F  1080     E  	sz rf
 152  0060  2800     R  	jmp _L12
 152  0061  0700     E  	mov a,rd
 152  0062  0200     R  	sub a,_Count_S1[0]
 152  0063  0700     E  	mov a,re
 152  0064  1200     R  	sbc a,_Count_S1[1]
 152  0065  3C0A        	sz c
 152  0066  2800     R  	jmp _L12
 152  0067  3800     R  	snz _Set
 152  0068  2800     R  	jmp _L12
 154  0069              #line 154 "E:\hamed\touch2\touch-1ch-change\touch-1ch-change - v3\TOUCH.h"
 154  0069  0F63        	mov a,99
 154  006A  0200     R  	sub a,_Count_T1[0]
 154  006B  0F00        	mov a,0
 154  006C  1200     R  	sbc a,_Count_T1[1]
 154  006D  3C0A        	sz c
 154  006E  2800     R  	jmp _L21
 154  006F  0F90        	mov a,144
 154  0070  0200     R  	sub a,_Count_T1[0]
 154  0071  0F01        	mov a,1
 154  0072  1200     R  	sbc a,_Count_T1[1]
 154  0073  380A        	snz c
 154  0074  2800     R  	jmp _L21
 154  0075  0700     R  	mov a,_lightchange[0]
 154  0076  0500     R  	or a,_lightchange[1]
 154  0077  390A        	snz z
 154  0078  2800     R  	jmp _L21
 154  0079  1080     R  	sz _Setinoff[0]
 154  007A  2800     R  	jmp _L21
 156  007B              #line 156 "E:\hamed\touch2\touch-1ch-change\touch-1ch-change - v3\TOUCH.h"
 156  007B  3400     R  	clr _Set
 158  007C              #line 158 "E:\hamed\touch2\touch-1ch-change\touch-1ch-change - v3\TOUCH.h"
 158  007C  1F00     R  	clr _CalibrCount[0]
 159  007D              #line 159 "E:\hamed\touch2\touch-1ch-change\touch-1ch-change - v3\TOUCH.h"
 159  007D  1F00     R  	clr _CalibrSample[0]
 160  007E              #line 160 "E:\hamed\touch2\touch-1ch-change\touch-1ch-change - v3\TOUCH.h"
 160  007E  1F00     R  	clr _Count_C1_Backup[0]
 160  007F  1F00     R  	clr _Count_C1_Backup[1]
 160  0080  1F00     R  	clr _Count_C1_Backup[2]
 160  0081  1F00     R  	clr _Count_C1_Backup[3]
 162  0082              #line 162 "E:\hamed\touch2\touch-1ch-change\touch-1ch-change - v3\TOUCH.h"
 162  0082  1F00     R  	clr _Count_T1[0]
 162  0083  1F00     R  	clr _Count_T1[1]
 162  0084  2800     R  	jmp _L22
 162  0085              _L21:
 169  0085              #line 169 "E:\hamed\touch2\touch-1ch-change\touch-1ch-change - v3\TOUCH.h"
 169  0085  1F00     R  	clr _Count_T1[0]
 169  0086  1F00     R  	clr _Count_T1[1]
 169  0087  1F00     R  	clr _Setinoff[0]
 169  0088              _L22:
 171  0088              #line 171 "E:\hamed\touch2\touch-1ch-change\touch-1ch-change - v3\TOUCH.h"
 171  0088  0F31        	mov a,49
 171  0089  0200     R  	sub a,_counterrgb[0]
"File: TOUCH.h       Assembler  Version HGASM0202      Page 9

 171  008A  0F00        	mov a,0
 171  008B  1200     R  	sbc a,_counterrgb[1]
 171  008C  1185        	swap acc
 171  008D  040A        	xor a,status
 171  008E  3985        	snz acc.3
 171  008F  2800     R  	jmp _L12
 171  0090  1F00     R  	clr _lightchange[0]
 171  0091  1F00     R  	clr _lightchange[1]
 171  0092              _L12:
 171  0092  0003        	ret
 171  0093              _Key_Touch endp
 171  0093              #line 171 "E:\hamed\touch2\touch-1ch-change\touch-1ch-change - v3\TOUCH.h"
 171  0093              #pragma debug scope 1 1
 171  0093              ___tkm016dh equ [73]
 171  0093              ___tkm016dl equ [72]
 171  0093              public _CalibrTuoch
 171  0093              #pragma debug scope 7 1
 179  0093              #line 179 "E:\hamed\touch2\touch-1ch-change\touch-1ch-change - v3\TOUCH.h"
 179  0000              _CalibrTuoch .section 'code'
 179  0000              _CalibrTuoch proc
 179  0000  0002[           local _CalibrTuoch_2 db 2 dup(?)	; 0,2
            00
            ]
 181  0002              #line 181 "E:\hamed\touch2\touch-1ch-change\touch-1ch-change - v3\TOUCH.h"
 181  0000  36C4        	clr [68].5
 182  0001              #line 182 "E:\hamed\touch2\touch-1ch-change\touch-1ch-change - v3\TOUCH.h"
 182  0001  37CC        	clr [76].7
 182  0002  374C        	clr [76].6
 182  0003  0FF4        	mov a,-12
 182  0004  0080     R  	mov _delay_10us_2[0],a
 182  0005  0F01        	mov a,1
 182  0006  0080     R  	mov _delay_10us_2[1],a
 182  0007  1F00     R  	clr _delay_10us_2[2]
 182  0008  1F00     R  	clr _delay_10us_2[3]
 182  0009  2000     R  	call _delay_10us
 183  000A              #line 183 "E:\hamed\touch2\touch-1ch-change\touch-1ch-change - v3\TOUCH.h"
 183  000A              ;# 183 "E:\hamed\touch2\touch-1ch-change\touch-1ch-change - v3\TOUCH.h" 1
 183  000A  0001        	clr wdt
 184  000B              #line 184 "E:\hamed\touch2\touch-1ch-change\touch-1ch-change - v3\TOUCH.h"
 184  000B  1F00     R  	clr _i[0]
 184  000C              _L24:
 184  000C              #line 184 "E:\hamed\touch2\touch-1ch-change\touch-1ch-change - v3\TOUCH.h"
 184  000C  0F13        	mov a,19
 184  000D  0200     R  	sub a,_i[0]
 184  000E  380A        	snz c
 184  000F  2800     R  	jmp _L28
 186  0010              #line 186 "E:\hamed\touch2\touch-1ch-change\touch-1ch-change - v3\TOUCH.h"
 186  0010  32CD        	set [77].5
 187  0011              #line 187 "E:\hamed\touch2\touch-1ch-change\touch-1ch-change - v3\TOUCH.h"
 187  0011  324D        	set [77].4
 188  0012              #line 188 "E:\hamed\touch2\touch-1ch-change\touch-1ch-change - v3\TOUCH.h"
 188  0012  32C4        	set [68].5
 190  0013              #line 190 "E:\hamed\touch2\touch-1ch-change\touch-1ch-change - v3\TOUCH.h"
 190  0013              ;# 190 "E:\hamed\touch2\touch-1ch-change\touch-1ch-change - v3\TOUCH.h" 1
 190  0013  0001        	clr wdt
 190  0014              _L26:
 191  0014              #line 191 "E:\hamed\touch2\touch-1ch-change\touch-1ch-change - v3\TOUCH.h"
 191  0014  3B44        	snz [68].6
 191  0015  2800     R  	jmp _L26
 192  0016              #line 192 "E:\hamed\touch2\touch-1ch-change\touch-1ch-change - v3\TOUCH.h"
"File: TOUCH.h       Assembler  Version HGASM0202      Page 10

 192  0016  0749        	mov a,[73]
 192  0017  0080     R  	mov _CalibrTuoch_2[1],a
 192  0018  1F00     R  	clr _CalibrTuoch_2[0]
 192  0019  0700     R  	mov a,_CalibrTuoch_2[1]
 192  001A  0080     R  	mov _Count_S1[1],a
 192  001B  0748        	mov a,[72]
 192  001C  0500     R  	or a,_CalibrTuoch_2[0]
 192  001D  0080     R  	mov _Count_S1[0],a
 193  001E              #line 193 "E:\hamed\touch2\touch-1ch-change\touch-1ch-change - v3\TOUCH.h"
 193  001E  0700     R  	mov a,_Count_S1[0]
 193  001F  0380     R  	addm a,_Count_C1[0]
 193  0020  0700     R  	mov a,_Count_S1[1]
 193  0021  1380     R  	adcm a,_Count_C1[1]
 193  0022  1F05        	clr acc
 193  0023  1380     R  	adcm a,_Count_C1[2]
 193  0024  1380     R  	adcm a,_Count_C1[3]
 194  0025              #line 194 "E:\hamed\touch2\touch-1ch-change\touch-1ch-change - v3\TOUCH.h"
 194  0025  3744        	clr [68].6
 195  0026              #line 195 "E:\hamed\touch2\touch-1ch-change\touch-1ch-change - v3\TOUCH.h"
 195  0026  36C4        	clr [68].5
 196  0027              #line 196 "E:\hamed\touch2\touch-1ch-change\touch-1ch-change - v3\TOUCH.h"
 196  0027              ;# 196 "E:\hamed\touch2\touch-1ch-change\touch-1ch-change - v3\TOUCH.h" 1
 196  0027  0001        	clr wdt
 197  0028              #line 197 "E:\hamed\touch2\touch-1ch-change\touch-1ch-change - v3\TOUCH.h"
 197  0028  0F05        	mov a,5
 197  0029  0080     R  	mov _delay_ms_2[0],a
 197  002A  1F00     R  	clr _delay_ms_2[1]
 197  002B  1F00     R  	clr _delay_ms_2[2]
 197  002C  1F00     R  	clr _delay_ms_2[3]
 197  002D  2000     R  	call _delay_ms
 184  002E              #line 184 "E:\hamed\touch2\touch-1ch-change\touch-1ch-change - v3\TOUCH.h"
 184  002E  1480     R  	inc _i[0]
 184  002F  2800     R  	jmp _L24
 184  0030              _L28:
 199  0030              #line 199 "E:\hamed\touch2\touch-1ch-change\touch-1ch-change - v3\TOUCH.h"
 199  0030  1F00     E  	clr _builtin_holtek_udivmodsi4_2[12]
 199  0031  0700     R  	mov a,_Count_C1[0]  
 199  0032  0080     E  	mov _builtin_holtek_udivmodsi4_2[0],a  
 199  0033  0700     R  	mov a,_Count_C1[1]  
 199  0034  0080     E  	mov _builtin_holtek_udivmodsi4_2[1],a
 199  0035  0700     R  	mov a,_Count_C1[2]  
 199  0036  0080     E  	mov _builtin_holtek_udivmodsi4_2[2],a  
 199  0037  0700     R  	mov a,_Count_C1[3]  
 199  0038  0080     E  	mov _builtin_holtek_udivmodsi4_2[3],a
 199  0039  0F14        	mov a,20  
 199  003A  0080     E  	mov _builtin_holtek_udivmodsi4_2[4],a  
 199  003B  0F00        	mov a,0  
 199  003C  0080     E  	mov _builtin_holtek_udivmodsi4_2[5],a
 199  003D  1F00     E  	clr _builtin_holtek_udivmodsi4_2[6]
 199  003E  1F00     E  	clr _builtin_holtek_udivmodsi4_2[7]
 199  003F  2000     E  	call _builtin_holtek_udivmodsi4
 199  0040  0700     E  	mov a,_builtin_holtek_udivmodsi4_2[0]  
 199  0041  0080     R  	mov _Count_C1[0],a  
 199  0042  0700     E  	mov a,_builtin_holtek_udivmodsi4_2[1]  
 199  0043  0080     R  	mov _Count_C1[1],a
 199  0044  0700     E  	mov a,_builtin_holtek_udivmodsi4_2[2]  
 199  0045  0080     R  	mov _Count_C1[2],a  
 199  0046  0700     E  	mov a,_builtin_holtek_udivmodsi4_2[3]  
 199  0047  0080     R  	mov _Count_C1[3],a
 200  0048              #line 200 "E:\hamed\touch2\touch-1ch-change\touch-1ch-change - v3\TOUCH.h"
"File: TOUCH.h       Assembler  Version HGASM0202      Page 11

 200  0048              ;# 200 "E:\hamed\touch2\touch-1ch-change\touch-1ch-change - v3\TOUCH.h" 1
 200  0048  0001        	clr wdt
 200  0049  0003        	ret
 200  004A              _CalibrTuoch endp
 200  004A              #line 200 "E:\hamed\touch2\touch-1ch-change\touch-1ch-change - v3\TOUCH.h"
 200  004A              #pragma debug scope 1 1
 200  004A              public _Key_Select
 200  004A              #pragma debug scope 8 1
 205  004A              #line 205 "E:\hamed\touch2\touch-1ch-change\touch-1ch-change - v3\TOUCH.h"
 205  0000              _Key_Select .section 'code'
 205  0000              _Key_Select proc
 206  0000              #line 206 "E:\hamed\touch2\touch-1ch-change\touch-1ch-change - v3\TOUCH.h"
 206  0000  32CD        	set [77].5
 207  0001              #line 207 "E:\hamed\touch2\touch-1ch-change\touch-1ch-change - v3\TOUCH.h"
 207  0001  324D        	set [77].4
 208  0002              #line 208 "E:\hamed\touch2\touch-1ch-change\touch-1ch-change - v3\TOUCH.h"
 208  0002  32C4        	set [68].5
 209  0003              #line 209 "E:\hamed\touch2\touch-1ch-change\touch-1ch-change - v3\TOUCH.h"
 209  0003  37CC        	clr [76].7
 209  0004  374C        	clr [76].6
 209  0005              _L30:
 210  0005              #line 210 "E:\hamed\touch2\touch-1ch-change\touch-1ch-change - v3\TOUCH.h"
 210  0005  3F44        	sz [68].6
 210  0006  2800     R  	jmp _L40
 210  0007              ;# 210 "E:\hamed\touch2\touch-1ch-change\touch-1ch-change - v3\TOUCH.h" 1
 210  0007  0000        	nop
 210  0008  2800     R  	jmp _L30
 210  0009              _L40:
 211  0009              #line 211 "E:\hamed\touch2\touch-1ch-change\touch-1ch-change - v3\TOUCH.h"
 211  0009  0749        	mov a,[73]
 211  000A  0080     E  	mov rc,a
 211  000B  1F00     E  	clr rb
 211  000C  0700     E  	mov a,rc
 211  000D  0080     R  	mov _Count_S1[1],a
 211  000E  0748        	mov a,[72]
 211  000F  0500     E  	or a,rb
 211  0010  0080     R  	mov _Count_S1[0],a
 212  0011              #line 212 "E:\hamed\touch2\touch-1ch-change\touch-1ch-change - v3\TOUCH.h"
 212  0011  0700     R  	mov a,_lightchange[0]
 212  0012  0500     R  	or a,_lightchange[1]
 212  0013  3D0A        	sz z
 212  0014  2800     R  	jmp _L32
 212  0015  0F57        	mov a,87
 212  0016  0200     R  	sub a,_counterrgb[0]
 212  0017  0F02        	mov a,2
 212  0018  1200     R  	sbc a,_counterrgb[1]
 212  0019  1185        	swap acc
 212  001A  040A        	xor a,status
 212  001B  3985        	snz acc.3
 212  001C  2800     R  	jmp _L33
 212  001D              _L32:
 212  001D  1480     R  	inc _CalibrCount[0]
 212  001E              _L33:
 213  001E              #line 213 "E:\hamed\touch2\touch-1ch-change\touch-1ch-change - v3\TOUCH.h"
 213  001E  0F64        	mov a,100
 213  001F  0200     R  	sub a,_CalibrCount[0]
 213  0020  3C0A        	sz c
 213  0021  2800     R  	jmp _L35
 215  0022              #line 215 "E:\hamed\touch2\touch-1ch-change\touch-1ch-change - v3\TOUCH.h"
 215  0022  1F00     R  	clr _CalibrCount[0]
"File: TOUCH.h       Assembler  Version HGASM0202      Page 12

 216  0023              #line 216 "E:\hamed\touch2\touch-1ch-change\touch-1ch-change - v3\TOUCH.h"
 216  0023  0700     R  	mov a,_Count_S1[0]
 216  0024  0380     R  	addm a,_Count_C1_Backup[0]
 216  0025  0700     R  	mov a,_Count_S1[1]
 216  0026  1380     R  	adcm a,_Count_C1_Backup[1]
 216  0027  1F05        	clr acc
 216  0028  1380     R  	adcm a,_Count_C1_Backup[2]
 216  0029  1380     R  	adcm a,_Count_C1_Backup[3]
 217  002A              #line 217 "E:\hamed\touch2\touch-1ch-change\touch-1ch-change - v3\TOUCH.h"
 217  002A  1480     R  	inc _CalibrSample[0]
 218  002B              #line 218 "E:\hamed\touch2\touch-1ch-change\touch-1ch-change - v3\TOUCH.h"
 218  002B  0F13        	mov a,19
 218  002C  0200     R  	sub a,_CalibrSample[0]
 218  002D  3C0A        	sz c
 218  002E  2800     R  	jmp _L35
 220  002F              #line 220 "E:\hamed\touch2\touch-1ch-change\touch-1ch-change - v3\TOUCH.h"
 220  002F  1F00     R  	clr _CalibrSample[0]
 221  0030              #line 221 "E:\hamed\touch2\touch-1ch-change\touch-1ch-change - v3\TOUCH.h"
 221  0030  1F00     E  	clr _builtin_holtek_udivmodsi4_2[12]
 221  0031  0700     R  	mov a,_Count_C1_Backup[0]  
 221  0032  0080     E  	mov _builtin_holtek_udivmodsi4_2[0],a  
 221  0033  0700     R  	mov a,_Count_C1_Backup[1]  
 221  0034  0080     E  	mov _builtin_holtek_udivmodsi4_2[1],a
 221  0035  0700     R  	mov a,_Count_C1_Backup[2]  
 221  0036  0080     E  	mov _builtin_holtek_udivmodsi4_2[2],a  
 221  0037  0700     R  	mov a,_Count_C1_Backup[3]  
 221  0038  0080     E  	mov _builtin_holtek_udivmodsi4_2[3],a
 221  0039  0F14        	mov a,20  
 221  003A  0080     E  	mov _builtin_holtek_udivmodsi4_2[4],a  
 221  003B  0F00        	mov a,0  
 221  003C  0080     E  	mov _builtin_holtek_udivmodsi4_2[5],a
 221  003D  1F00     E  	clr _builtin_holtek_udivmodsi4_2[6]
 221  003E  1F00     E  	clr _builtin_holtek_udivmodsi4_2[7]
 221  003F  2000     E  	call _builtin_holtek_udivmodsi4
 221  0040  0700     E  	mov a,_builtin_holtek_udivmodsi4_2[0]  
 221  0041  0080     R  	mov _Count_C1[0],a  
 221  0042  0700     E  	mov a,_builtin_holtek_udivmodsi4_2[1]  
 221  0043  0080     R  	mov _Count_C1[1],a
 221  0044  0700     E  	mov a,_builtin_holtek_udivmodsi4_2[2]  
 221  0045  0080     R  	mov _Count_C1[2],a  
 221  0046  0700     E  	mov a,_builtin_holtek_udivmodsi4_2[3]  
 221  0047  0080     R  	mov _Count_C1[3],a
 222  0048              #line 222 "E:\hamed\touch2\touch-1ch-change\touch-1ch-change - v3\TOUCH.h"
 222  0048  1F00     R  	clr _Count_C1_Backup[0]
 222  0049  1F00     R  	clr _Count_C1_Backup[1]
 222  004A  1F00     R  	clr _Count_C1_Backup[2]
 222  004B  1F00     R  	clr _Count_C1_Backup[3]
 222  004C              _L35:
 226  004C              #line 226 "E:\hamed\touch2\touch-1ch-change\touch-1ch-change - v3\TOUCH.h"
 226  004C  3744        	clr [68].6
 227  004D              #line 227 "E:\hamed\touch2\touch-1ch-change\touch-1ch-change - v3\TOUCH.h"
 227  004D  36C4        	clr [68].5
 227  004E  0003        	ret
 227  004F              _Key_Select endp
 227  004F              #line 227 "E:\hamed\touch2\touch-1ch-change\touch-1ch-change - v3\TOUCH.h"
 227  004F              #pragma debug scope 1 1
 227  004F              public _TOUCH_ISR
 227  004F              #pragma debug scope 9 1
 233  004F              #line 233 "E:\hamed\touch2\touch-1ch-change\touch-1ch-change - v3\TOUCH.h"
 233  0000              @TOUCH_ISR_code .section at 40 'code'
"File: TOUCH.h       Assembler  Version HGASM0202      Page 13

 233  0000              _TOUCH_ISR:
 233  0000  0004        	reti
 233  0001              #line 233 "E:\hamed\touch2\touch-1ch-change\touch-1ch-change - v3\TOUCH.h"
 233  0001              #pragma debug scope 1 1
 233  0001              public _int0
 233  0001              #pragma debug scope 10 1
 239  0001              #line 239 "E:\hamed\touch2\touch-1ch-change\touch-1ch-change - v3\TOUCH.h"
 239  0000              @int0_code .section at 4 'code'
 239  0000  0080     E  	mov r1,a
 239  0001  070A        	mov a,status
 239  0002  0080     E  	mov r2,a
 239  0003  2800     R  	jmp _int0
 239  0004              #pragma debug scope 1 1
 239  0004              @dummy4 endp
 239  0004              #pragma debug scope 11 1
 239  0000              _int0 .section 'code'
 239  0000              _int0 proc
 241  0000              #line 241 "E:\hamed\touch2\touch-1ch-change\touch-1ch-change - v3\TOUCH.h"
 241  0000  0700     R  	mov a,_lightchange[0]
 241  0001  0500     R  	or a,_lightchange[1]
 241  0002  3D0A        	sz z
 241  0003  2800     R  	jmp _L43
 241  0004              #line 241 "E:\hamed\touch2\touch-1ch-change\touch-1ch-change - v3\TOUCH.h"
 241  0004  1480     R  	inc _counterrgb[0]
 241  0005  3D0A        	sz z
 241  0006  1480     R  	inc _counterrgb[1]
 241  0007              _L43:
 242  0007              #line 242 "E:\hamed\touch2\touch-1ch-change\touch-1ch-change - v3\TOUCH.h"
 242  0007  0F1F        	mov a,31
 242  0008  0200     R  	sub a,_counterrgb[0]
 242  0009  0F4E        	mov a,78
 242  000A  1200     R  	sbc a,_counterrgb[1]
 242  000B  1185        	swap acc
 242  000C  040A        	xor a,status
 242  000D  3985        	snz acc.3
 242  000E  2800     R  	jmp _L44
 242  000F  0F20        	mov a,32
 242  0010  0080     R  	mov _counterrgb[0],a
 242  0011  0F4E        	mov a,78
 242  0012  0080     R  	mov _counterrgb[1],a
 242  0013              _L44:
 245  0013              #line 245 "E:\hamed\touch2\touch-1ch-change\touch-1ch-change - v3\TOUCH.h"
 245  0013  0F96        	mov a,150
 245  0014  0200     R  	sub a,_Counter[0]
 245  0015  0F00        	mov a,0
 245  0016  1200     R  	sbc a,_Counter[1]
 245  0017  1185        	swap acc
 245  0018  040A        	xor a,status
 245  0019  3985        	snz acc.3
 245  001A  2800     R  	jmp _L45
 247  001B              #line 247 "E:\hamed\touch2\touch-1ch-change\touch-1ch-change - v3\TOUCH.h"
 247  001B  1F00     R  	clr _Counter[0]
 247  001C  1F00     R  	clr _Counter[1]
 249  001D              #line 249 "E:\hamed\touch2\touch-1ch-change\touch-1ch-change - v3\TOUCH.h"
 249  001D  3614        	clr [20].4
 249  001E              _L45:
 253  001E              #line 253 "E:\hamed\touch2\touch-1ch-change\touch-1ch-change - v3\TOUCH.h"
 253  001E  3C00     R  	sz _UD
 253  001F  2800     R  	jmp _L46
 253  0020  0700     R  	mov a,_lightchange[0]
"File: TOUCH.h       Assembler  Version HGASM0202      Page 14

 253  0021  0500     R  	or a,_lightchange[1]
 253  0022  3D0A        	sz z
 253  0023  2800     R  	jmp _L46
 253  0024  0700     R  	mov a,_counterrgb[0]
 253  0025  0080     E  	mov _builtin_holtek_udivmodhi4_2[0],a
 253  0026  0700     R  	mov a,_counterrgb[1]
 253  0027  0080     E  	mov _builtin_holtek_udivmodhi4_2[1],a
 253  0028  0F06        	mov a,6
 253  0029  0080     E  	mov _builtin_holtek_udivmodhi4_2[2],a
 253  002A  0F00        	mov a,0
 253  002B  0080     E  	mov _builtin_holtek_udivmodhi4_2[3],a
 253  002C  2000     E  	call _builtin_holtek_divmodhi4
 253  002D  0700     E  	mov a,_builtin_holtek_udivmodhi4_2[4]
 253  002E  0080     E  	mov rb,a
 253  002F  0700     E  	mov a,_builtin_holtek_udivmodhi4_2[5]
 253  0030  0080     E  	mov rc,a
 253  0031  0700     E  	mov a,rb
 253  0032  0500     E  	or a,rc
 253  0033  390A        	snz z
 253  0034  2800     R  	jmp _L46
 253  0035  0F31        	mov a,49
 253  0036  0200     R  	sub a,_counterrgb[0]
 253  0037  0F00        	mov a,0
 253  0038  1200     R  	sbc a,_counterrgb[1]
 253  0039  1185        	swap acc
 253  003A  040A        	xor a,status
 253  003B  3985        	snz acc.3
 253  003C  2800     R  	jmp _L46
 253  003D  0F5E        	mov a,94
 253  003E  0200     R  	sub a,_Counter_On_set[0]
 253  003F  0F00        	mov a,0
 253  0040  1200     R  	sbc a,_Counter_On_set[1]
 253  0041  1185        	swap acc
 253  0042  040A        	xor a,status
 253  0043  3D85        	sz acc.3
 253  0044  2800     R  	jmp _L46
 254  0045              #line 254 "E:\hamed\touch2\touch-1ch-change\touch-1ch-change - v3\TOUCH.h"
 254  0045  0F3B        	mov a,59
 254  0046  0200     R  	sub a,_Counter_On_set[0]
 254  0047  0F00        	mov a,0
 254  0048  1200     R  	sbc a,_Counter_On_set[1]
 254  0049  1185        	swap acc
 254  004A  040A        	xor a,status
 254  004B  3D85        	sz acc.3
 254  004C  2800     R  	jmp _L47
 254  004D  0F46        	mov a,70
 254  004E  0080     R  	mov _Counter_On_set[0],a
 254  004F  1F00     R  	clr _Counter_On_set[1]
 254  0050              _L47:
 255  0050              #line 255 "E:\hamed\touch2\touch-1ch-change\touch-1ch-change - v3\TOUCH.h"
 255  0050  1480     R  	inc _Counter_On_set[0]
 255  0051  3D0A        	sz z
 255  0052  1480     R  	inc _Counter_On_set[1]
 255  0053              _L46:
 257  0053              #line 257 "E:\hamed\touch2\touch-1ch-change\touch-1ch-change - v3\TOUCH.h"
 257  0053  3800     R  	snz _UD
 257  0054  2800     R  	jmp _L48
 257  0055  0700     R  	mov a,_lightchange[0]
 257  0056  0500     R  	or a,_lightchange[1]
 257  0057  3D0A        	sz z
"File: TOUCH.h       Assembler  Version HGASM0202      Page 15

 257  0058  2800     R  	jmp _L48
 257  0059  0700     R  	mov a,_counterrgb[0]
 257  005A  0080     E  	mov _builtin_holtek_udivmodhi4_2[0],a
 257  005B  0700     R  	mov a,_counterrgb[1]
 257  005C  0080     E  	mov _builtin_holtek_udivmodhi4_2[1],a
 257  005D  0F06        	mov a,6
 257  005E  0080     E  	mov _builtin_holtek_udivmodhi4_2[2],a
 257  005F  0F00        	mov a,0
 257  0060  0080     E  	mov _builtin_holtek_udivmodhi4_2[3],a
 257  0061  2000     E  	call _builtin_holtek_divmodhi4
 257  0062  0700     E  	mov a,_builtin_holtek_udivmodhi4_2[4]
 257  0063  0080     E  	mov rb,a
 257  0064  0700     E  	mov a,_builtin_holtek_udivmodhi4_2[5]
 257  0065  0080     E  	mov rc,a
 257  0066  0700     E  	mov a,rb
 257  0067  0500     E  	or a,rc
 257  0068  390A        	snz z
 257  0069  2800     R  	jmp _L48
 257  006A  0F31        	mov a,49
 257  006B  0200     R  	sub a,_counterrgb[0]
 257  006C  0F00        	mov a,0
 257  006D  1200     R  	sbc a,_counterrgb[1]
 257  006E  1185        	swap acc
 257  006F  040A        	xor a,status
 257  0070  3985        	snz acc.3
 257  0071  2800     R  	jmp _L48
 257  0072  3C00     R  	sz _Counter_On_set[1].7
 257  0073  2800     R  	jmp _L48
 257  0074  0700     R  	mov a,_Counter_On_set[0]
 257  0075  0500     R  	or a,_Counter_On_set[1]
 257  0076  3D0A        	sz z
 257  0077  2800     R  	jmp _L48
 259  0078              #line 259 "E:\hamed\touch2\touch-1ch-change\touch-1ch-change - v3\TOUCH.h"
 259  0078  0FFF        	mov a,255
 259  0079  0380     R  	addm a,_Counter_On_set[0]
 259  007A  0FFF        	mov a,255
 259  007B  1380     R  	adcm a,_Counter_On_set[1]
 259  007C              _L48:
 265  007C              #line 265 "E:\hamed\touch2\touch-1ch-change\touch-1ch-change - v3\TOUCH.h"
 265  007C  3800     R  	snz _Set
 265  007D  2800     R  	jmp _L49
 265  007E  0F31        	mov a,49
 265  007F  0200     R  	sub a,_counterrgb[0]
 265  0080  0F00        	mov a,0
 265  0081  1200     R  	sbc a,_counterrgb[1]
 265  0082  1185        	swap acc
 265  0083  040A        	xor a,status
 265  0084  3985        	snz acc.3
 265  0085  2800     R  	jmp _L49
 266  0086              #line 266 "E:\hamed\touch2\touch-1ch-change\touch-1ch-change - v3\TOUCH.h"
 266  0086  0700     R  	mov a,_Counter_On_set[0]
 266  0087  0200     R  	sub a,_Counter_On[0]
 266  0088  0700     R  	mov a,_Counter_On_set[1]
 266  0089  1200     R  	sbc a,_Counter_On[1]
 266  008A  1185        	swap acc
 266  008B  040A        	xor a,status
 266  008C  3985        	snz acc.3
 266  008D  2800     R  	jmp _L50
 267  008E              #line 267 "E:\hamed\touch2\touch-1ch-change\touch-1ch-change - v3\TOUCH.h"
 267  008E  0FFE        	mov a,254
"File: TOUCH.h       Assembler  Version HGASM0202      Page 16

 267  008F  0380     R  	addm a,_Counter_On[0]
 267  0090  0FFF        	mov a,255
 267  0091  1380     R  	adcm a,_Counter_On[1]
 267  0092  2800     R  	jmp _L49
 267  0093              _L50:
 269  0093              #line 269 "E:\hamed\touch2\touch-1ch-change\touch-1ch-change - v3\TOUCH.h"
 269  0093  0700     R  	mov a,_Counter_On_set[0]
 269  0094  0080     R  	mov _Counter_On[0],a
 269  0095  0700     R  	mov a,_Counter_On_set[1]
 269  0096  0080     R  	mov _Counter_On[1],a
 269  0097              _L49:
 273  0097              #line 273 "E:\hamed\touch2\touch-1ch-change\touch-1ch-change - v3\TOUCH.h"
 273  0097  3C00     R  	sz _Set
 273  0098  2800     R  	jmp _L42
 273  0099  0FA0        	mov a,160
 273  009A  0200     R  	sub a,_Counter_On[0]
 273  009B  0F00        	mov a,0
 273  009C  1200     R  	sbc a,_Counter_On[1]
 273  009D  1185        	swap acc
 273  009E  040A        	xor a,status
 273  009F  3D85        	sz acc.3
 273  00A0  2800     R  	jmp _L42
 273  00A1  0F31        	mov a,49
 273  00A2  0200     R  	sub a,_counterrgb[0]
 273  00A3  0F00        	mov a,0
 273  00A4  1200     R  	sbc a,_counterrgb[1]
 273  00A5  1185        	swap acc
 273  00A6  040A        	xor a,status
 273  00A7  3985        	snz acc.3
 273  00A8  2800     R  	jmp _L42
 275  00A9              #line 275 "E:\hamed\touch2\touch-1ch-change\touch-1ch-change - v3\TOUCH.h"
 275  00A9  0F04        	mov a,4
 275  00AA  0380     R  	addm a,_Counter_On[0]
 275  00AB  0F00        	mov a,0
 275  00AC  1380     R  	adcm a,_Counter_On[1]
 275  00AD              _L42:
 275  00AD  0700     E  	mov a,r2
 275  00AE  008A        	mov status,a
 275  00AF  0700     E  	mov a,r1
 275  00B0  0004        	reti
 275  00B1              _int0 endp
 275  00B1              
 275  00B1              #line 275 "E:\hamed\touch2\touch-1ch-change\touch-1ch-change - v3\TOUCH.h"
 275  00B1              #pragma debug scope 1 1
 275  00B1              public _timer
 275  00B1              #pragma debug scope 12 1
 282  00B1              #line 282 "E:\hamed\touch2\touch-1ch-change\touch-1ch-change - v3\TOUCH.h"
 282  0000              @timer_code .section at 12 'code'
 282  0000  0080     E  	mov r1,a
 282  0001  070A        	mov a,status
 282  0002  0080     E  	mov r2,a
 282  0003  2800     R  	jmp _timer
 282  0004              #pragma debug scope 1 1
 282  0004              @dummy12 endp
 282  0004              #pragma debug scope 13 1
 282  0000              _timer .section 'code'
 282  0000              _timer proc
 283  0000              #line 283 "E:\hamed\touch2\touch-1ch-change\touch-1ch-change - v3\TOUCH.h"
 283  0000  1480     R  	inc _Counter[0]
 283  0001  3D0A        	sz z
"File: TOUCH.h       Assembler  Version HGASM0202      Page 17

 283  0002  1480     R  	inc _Counter[1]
 285  0003              #line 285 "E:\hamed\touch2\touch-1ch-change\touch-1ch-change - v3\TOUCH.h"
 285  0003  0700     R  	mov a,_Counter[0]
 285  0004  0200     R  	sub a,_Counter_On[0]
 285  0005  0700     R  	mov a,_Counter[1]
 285  0006  1200     R  	sbc a,_Counter_On[1]
 285  0007  1185        	swap acc
 285  0008  040A        	xor a,status
 285  0009  3D85        	sz acc.3
 285  000A  2800     R  	jmp _L61
 285  000B              #line 285 "E:\hamed\touch2\touch-1ch-change\touch-1ch-change - v3\TOUCH.h"
 285  000B  0F31        	mov a,49
 285  000C  0200     R  	sub a,_counterrgb[0]
 285  000D  0F00        	mov a,0
 285  000E  1200     R  	sbc a,_counterrgb[1]
 285  000F  1185        	swap acc
 285  0010  040A        	xor a,status
 285  0011  3985        	snz acc.3
 285  0012  2800     R  	jmp _L61
 287  0013              #line 287 "E:\hamed\touch2\touch-1ch-change\touch-1ch-change - v3\TOUCH.h"
 287  0013  3214        	set [20].4
 287  0014              _L61:
 287  0014  0700     E  	mov a,r2
 287  0015  008A        	mov status,a
 287  0016  0700     E  	mov a,r1
 287  0017  0004        	reti
 287  0018              _timer endp
 287  0018              
 287  0018              #line 287 "E:\hamed\touch2\touch-1ch-change\touch-1ch-change - v3\TOUCH.h"
 287  0018              #pragma debug scope 1 1
 287  0018              ___integ equ [13]
 287  0018              ___tmrc equ [29]
 287  0018              ___smod equ [11]
 287  0018              ___pac equ [21]
 287  0018              public _main
 287  0018              #pragma debug scope 14 1

  34  0018              #line 34 "E:\hamed\touch2\touch-1ch-change\touch-1ch-change - v3\touch-1ch-change.c"
  34  0018              IFDEF WITH_DEFAULT_STARTUP
  34  0018              extern _main_initial0:near
  34  0018              extern _main_startup:near
  34  0018              ENDIF
  34  0018              
  34  0018              ROMBANK 0 @start
  34  0000              @start .section com_l 'code'
  34  0000              _main_startup1:
  34  0000              @start .section com_e 'code'
  34  0000  2800     R  	jmp _main
  34  0001              
  34  0000              _main .section 'code'
  34  0000              _main proc
  41  0000              #line 41 "E:\hamed\touch2\touch-1ch-change\touch-1ch-change - v3\touch-1ch-change.c"
  41  0000  308D        	set [13].1
  42  0001              #line 42 "E:\hamed\touch2\touch-1ch-change\touch-1ch-change - v3\touch-1ch-change.c"
  42  0001  300D        	set [13].0
  43  0002              #line 43 "E:\hamed\touch2\touch-1ch-change\touch-1ch-change - v3\touch-1ch-change.c"
  43  0002  308E        	set [14].1
  50  0003              #line 50 "E:\hamed\touch2\touch-1ch-change\touch-1ch-change - v3\touch-1ch-change.c"
  50  0003  369D        	clr [29].5
  51  0004              #line 51 "E:\hamed\touch2\touch-1ch-change\touch-1ch-change - v3\touch-1ch-change.c"
"File: touch-1ch-change.c  Assembler  Version HGASM0202      Page 18

  51  0004  321D        	set [29].4
  53  0005              #line 53 "E:\hamed\touch2\touch-1ch-change\touch-1ch-change - v3\touch-1ch-change.c"
  53  0005  301D        	set [29].0
  54  0006              #line 54 "E:\hamed\touch2\touch-1ch-change\touch-1ch-change - v3\touch-1ch-change.c"
  54  0006  349D        	clr [29].1
  55  0007              #line 55 "E:\hamed\touch2\touch-1ch-change\touch-1ch-change - v3\touch-1ch-change.c"
  55  0007  351D        	clr [29].2
  58  0008              #line 58 "E:\hamed\touch2\touch-1ch-change\touch-1ch-change - v3\touch-1ch-change.c"
  58  0008  300E        	set [14].0
  59  0009              #line 59 "E:\hamed\touch2\touch-1ch-change\touch-1ch-change - v3\touch-1ch-change.c"
  59  0009  300B        	set [11].0
  61  000A              #line 61 "E:\hamed\touch2\touch-1ch-change\touch-1ch-change - v3\touch-1ch-change.c"
  61  000A  330E        	set [14].6
  62  000B              #line 62 "E:\hamed\touch2\touch-1ch-change\touch-1ch-change - v3\touch-1ch-change.c"
  62  000B  318E        	set [14].3
  66  000C              #line 66 "E:\hamed\touch2\touch-1ch-change\touch-1ch-change - v3\touch-1ch-change.c"
  66  000C  3615        	clr [21].4
  66  000D  3595        	clr [21].3
  66  000E  3515        	clr [21].2
  66  000F  3495        	clr [21].1
  67  0010              #line 67 "E:\hamed\touch2\touch-1ch-change\touch-1ch-change - v3\touch-1ch-change.c"
  67  0010  0F01        	mov a,1
  67  0011  0080     R  	mov _delay_ms_2[0],a
  67  0012  1F00     R  	clr _delay_ms_2[1]
  67  0013  1F00     R  	clr _delay_ms_2[2]
  67  0014  1F00     R  	clr _delay_ms_2[3]
  67  0015  2000     R  	call _delay_ms
  68  0016              #line 68 "E:\hamed\touch2\touch-1ch-change\touch-1ch-change - v3\touch-1ch-change.c"
  68  0016  2000     R  	call _TuochKeyInit
  69  0017              #line 69 "E:\hamed\touch2\touch-1ch-change\touch-1ch-change - v3\touch-1ch-change.c"
  69  0017  0F01        	mov a,1
  69  0018  0080     R  	mov _delay_ms_2[0],a
  69  0019  1F00     R  	clr _delay_ms_2[1]
  69  001A  1F00     R  	clr _delay_ms_2[2]
  69  001B  1F00     R  	clr _delay_ms_2[3]
  69  001C  2000     R  	call _delay_ms
  70  001D              #line 70 "E:\hamed\touch2\touch-1ch-change\touch-1ch-change - v3\touch-1ch-change.c"
  70  001D  2000     R  	call _CalibrTuoch
  72  001E              #line 72 "E:\hamed\touch2\touch-1ch-change\touch-1ch-change - v3\touch-1ch-change.c"
  72  001E  3000     R  	set _UD
  72  001F              _L64:
  76  001F              #line 76 "E:\hamed\touch2\touch-1ch-change\touch-1ch-change - v3\touch-1ch-change.c"
  76  001F              ;# 76 "E:\hamed\touch2\touch-1ch-change\touch-1ch-change - v3\touch-1ch-change.c" 1
  76  001F  0001        	clr wdt
  77  0020              #line 77 "E:\hamed\touch2\touch-1ch-change\touch-1ch-change - v3\touch-1ch-change.c"
  77  0020  2000     R  	call _Key_Select
  78  0021              #line 78 "E:\hamed\touch2\touch-1ch-change\touch-1ch-change - v3\touch-1ch-change.c"
  78  0021  2000     R  	call _Key_Touch
  78  0022  2800     R  	jmp _L64
  78  0023  2800     R  	jmp $
  78  0024              _main endp
  78  0024              
  78  0024              @dummy endp
  78  0024              
  78  0024              #line 78 "E:\hamed\touch2\touch-1ch-change\touch-1ch-change - v3\touch-1ch-change.c"
  78  0024              #pragma debug scope 1 1
  78  0024              public _Setinoff
  78  0000              @HCCINIT	.section 'data'

  12  0000              #line 12 "E:\hamed\touch2\touch-1ch-change\touch-1ch-change - v3\TOUCH.h"
"File: TOUCH.h       Assembler  Version HGASM0202      Page 19

  12  0000              @HCCINIT .section 'data'
  12  0000              _Setinoff label byte
  12  0000              #pragma debug variable 8 1 _Setinoff "Setinoff"
  12  0000              	db 0
  12  0000              @ROMDATA_BASE .section inpage 'code'
  12  0000              	db 0
  12  0001              @HCCINIT .section 'data'
  12  0001              public _UD
  11  0001              #line 11 "E:\hamed\touch2\touch-1ch-change\touch-1ch-change - v3\TOUCH.h"
  11  0000              @BITDATASEC1 .section 'data'
  11  0000  00          _UD	dbit 1
  11  0001              #pragma debug variable 2 1 _UD "UD"
  11  0001              public _Set
  11  0001              #line 11 "E:\hamed\touch2\touch-1ch-change\touch-1ch-change - v3\TOUCH.h"
  11  0000              @BITDATASEC .section 'data'
  11  0000  00          _Set	dbit 0
  11  0001              #pragma debug variable 2 1 _Set "Set"
  11  0001              public _Counter_On_set
  10  0001              #line 10 "E:\hamed\touch2\touch-1ch-change\touch-1ch-change - v3\TOUCH.h"
  10  0001              @HCCINIT .section 'data'
  10  0001              _Counter_On_set label byte
  10  0001              #pragma debug variable 11 1 _Counter_On_set "Counter_On_set"
  10  0001              	db 0
  10  0001              @ROMDATA_BASE .section inpage 'code'
  10  0001              	db 0
  10  0002              @HCCINIT .section 'data'
  10  0002              	db 0
  10  0001              @ROMDATA_BASE .section inpage 'code'
  10  0001              	db 0
  10  0003              @HCCINIT .section 'data'
  10  0003              public _Counter_On
   9  0003              #line 9 "E:\hamed\touch2\touch-1ch-change\touch-1ch-change - v3\TOUCH.h"
   9  0003              @HCCINIT .section 'data'
   9  0003              _Counter_On label byte
   9  0003              #pragma debug variable 11 1 _Counter_On "Counter_On"
   9  0003              	db 0
   9  0002              @ROMDATA_BASE .section inpage 'code'
   9  0002              	db 0
   9  0004              @HCCINIT .section 'data'
   9  0004              	db 0
   9  0002              @ROMDATA_BASE .section inpage 'code'
   9  0002              	db 0
   9  0005              @HCCINIT .section 'data'
   9  0005              public _Counter
   8  0005              #line 8 "E:\hamed\touch2\touch-1ch-change\touch-1ch-change - v3\TOUCH.h"
   8  0005              @HCCINIT .section 'data'
   8  0005              _Counter label byte
   8  0005              #pragma debug variable 11 1 _Counter "Counter"
   8  0005              	db 0
   8  0003              @ROMDATA_BASE .section inpage 'code'
   8  0003              	db 0
   8  0006              @HCCINIT .section 'data'
   8  0006              	db 0
   8  0003              @ROMDATA_BASE .section inpage 'code'
   8  0003              	db 0
   8  0007              @HCCINIT .section 'data'
   8  0007              public _ncount
   7  0007              #line 7 "E:\hamed\touch2\touch-1ch-change\touch-1ch-change - v3\TOUCH.h"
   7  0007              @HCCINIT .section 'data'
   7  0007              _ncount label byte
"File: TOUCH.h       Assembler  Version HGASM0202      Page 20

   7  0007              #pragma debug variable 11 1 _ncount "ncount"
   7  0007              	db 0
   7  0004              @ROMDATA_BASE .section inpage 'code'
   7  0004              	db 0
   7  0008              @HCCINIT .section 'data'
   7  0008              	db 0
   7  0004              @ROMDATA_BASE .section inpage 'code'
   7  0004              	db 0
   7  0009              @HCCINIT .section 'data'
   7  0009              public _counterrgb
   6  0009              #line 6 "E:\hamed\touch2\touch-1ch-change\touch-1ch-change - v3\TOUCH.h"
   6  0009              @HCCINIT .section 'data'
   6  0009              _counterrgb label byte
   6  0009              #pragma debug variable 11 1 _counterrgb "counterrgb"
   6  0009              	dw 15000
   6  0005              @ROMDATA_BASE .section inpage 'code'
   6  0005  3A98        	dc 15000
   6  000B              @HCCINIT .section 'data'
   6  000B              public _lightchange
   6  000B              #line 6 "E:\hamed\touch2\touch-1ch-change\touch-1ch-change - v3\TOUCH.h"
   6  000B              @HCCINIT .section 'data'
   6  000B              _lightchange label byte
   6  000B              #pragma debug variable 11 1 _lightchange "lightchange"
   6  000B              	db 0
   6  0006              @ROMDATA_BASE .section inpage 'code'
   6  0006              	db 0
   6  000C              @HCCINIT .section 'data'
   6  000C              	db 0
   6  0006              @ROMDATA_BASE .section inpage 'code'
   6  0006              	db 0
   6  000D              @HCCINIT .section 'data'
   6  000D              public _CalibrSample
   4  000D              #line 4 "E:\hamed\touch2\touch-1ch-change\touch-1ch-change - v3\TOUCH.h"
   4  000D              @HCCINIT .section 'data'
   4  000D              _CalibrSample label byte
   4  000D              #pragma debug variable 8 1 _CalibrSample "CalibrSample"
   4  000D              	db 0
   4  0007              @ROMDATA_BASE .section inpage 'code'
   4  0007              	db 0
   4  000E              @HCCINIT .section 'data'
   4  000E              public _CalibrCount
   4  000E              #line 4 "E:\hamed\touch2\touch-1ch-change\touch-1ch-change - v3\TOUCH.h"
   4  000E              @HCCINIT .section 'data'
   4  000E              _CalibrCount label byte
   4  000E              #pragma debug variable 8 1 _CalibrCount "CalibrCount"
   4  000E              	db 0
   4  0007              @ROMDATA_BASE .section inpage 'code'
   4  0007              	db 0
   4  000F              @HCCINIT .section 'data'
   4  000F              public _i
   4  000F              #line 4 "E:\hamed\touch2\touch-1ch-change\touch-1ch-change - v3\TOUCH.h"
   4  000F              @HCCINIT .section 'data'
   4  000F              _i label byte
   4  000F              #pragma debug variable 8 1 _i "i"
   4  000F              	db 0
   4  0008              @ROMDATA_BASE .section inpage 'code'
   4  0008              	db 0
   4  0010              @HCCINIT .section 'data'
   4  0010              public _Count_T1
   3  0010              #line 3 "E:\hamed\touch2\touch-1ch-change\touch-1ch-change - v3\TOUCH.h"
"File: TOUCH.h       Assembler  Version HGASM0202      Page 21

   3  0010              @HCCINIT .section 'data'
   3  0010              _Count_T1 label byte
   3  0010              #pragma debug variable 12 1 _Count_T1 "Count_T1"
   3  0010              	db 0
   3  0008              @ROMDATA_BASE .section inpage 'code'
   3  0008              	db 0
   3  0011              @HCCINIT .section 'data'
   3  0011              	db 0
   3  0009              @ROMDATA_BASE .section inpage 'code'
   3  0009              	db 0
   3  0012              @HCCINIT .section 'data'
   3  0012              public _Count_S1
   2  0012              #line 2 "E:\hamed\touch2\touch-1ch-change\touch-1ch-change - v3\TOUCH.h"
   2  0012              @HCCINIT .section 'data'
   2  0012              _Count_S1 label byte
   2  0012              #pragma debug variable 12 1 _Count_S1 "Count_S1"
   2  0012              	db 0
   2  0009              @ROMDATA_BASE .section inpage 'code'
   2  0009              	db 0
   2  0013              @HCCINIT .section 'data'
   2  0013              	db 0
   2  000A              @ROMDATA_BASE .section inpage 'code'
   2  000A              	db 0
   2  0014              @HCCINIT .section 'data'
   2  0014              public _Count_C1_Backup
   1  0014              #line 1 "E:\hamed\touch2\touch-1ch-change\touch-1ch-change - v3\TOUCH.h"
   1  0014              @HCCINIT .section 'data'
   1  0014              _Count_C1_Backup label byte
   1  0014              #pragma debug variable 14 1 _Count_C1_Backup "Count_C1_Backup"
   1  0014              	db 0
   1  000A              @ROMDATA_BASE .section inpage 'code'
   1  000A              	db 0
   1  0015              @HCCINIT .section 'data'
   1  0015              	db 0
   1  000B              @ROMDATA_BASE .section inpage 'code'
   1  000B              	db 0
   1  0016              @HCCINIT .section 'data'
   1  0016              	db 0
   1  000B              @ROMDATA_BASE .section inpage 'code'
   1  000B              	db 0
   1  0017              @HCCINIT .section 'data'
   1  0017              	db 0
   1  000C              @ROMDATA_BASE .section inpage 'code'
   1  000C              	db 0
   1  0018              @HCCINIT .section 'data'
   1  0018              public _Count_C1
   1  0018              #line 1 "E:\hamed\touch2\touch-1ch-change\touch-1ch-change - v3\TOUCH.h"
   1  0018              @HCCINIT .section 'data'
   1  0018              _Count_C1 label byte
   1  0018              #pragma debug variable 14 1 _Count_C1 "Count_C1"
   1  0018              	db 0
   1  000C              @ROMDATA_BASE .section inpage 'code'
   1  000C              	db 0
   1  0019              @HCCINIT .section 'data'
   1  0019              	db 0
   1  000D              @ROMDATA_BASE .section inpage 'code'
   1  000D              	db 0
   1  001A              @HCCINIT .section 'data'
   1  001A              	db 0
   1  000D              @ROMDATA_BASE .section inpage 'code'
"File: TOUCH.h       Assembler  Version HGASM0202      Page 22

   1  000D              	db 0
   1  001B              @HCCINIT .section 'data'
   1  001B              	db 0
   1  000E              @ROMDATA_BASE .section inpage 'code'
   1  000E              	db 0
   1  001C              @HCCINIT .section 'data'
   1  001C              #pragma debug struct_end
   1  001C              #pragma debug struct_end
   1  001C              #pragma debug union_end
   1  001C              #pragma debug union_end
   1  001C              #pragma debug variable 43 1 ___smod "__smod" 1
   1  001C              #pragma debug struct_end
   1  001C              #pragma debug struct_end
   1  001C              #pragma debug union_end
   1  001C              #pragma debug union_end
   1  001C              #pragma debug variable 45 1 ___integ "__integ" 1
   1  001C              #pragma debug struct_end
   1  001C              #pragma debug struct_end
   1  001C              #pragma debug union_end
   1  001C              #pragma debug union_end
   1  001C              #pragma debug variable 47 1 ___intc0 "__intc0" 1
   1  001C              #pragma debug struct_end
   1  001C              #pragma debug struct_end
   1  001C              #pragma debug union_end
   1  001C              #pragma debug union_end
   1  001C              #pragma debug variable 49 1 ___pa "__pa" 1
   1  001C              #pragma debug struct_end
   1  001C              #pragma debug struct_end
   1  001C              #pragma debug union_end
   1  001C              #pragma debug union_end
   1  001C              #pragma debug variable 51 1 ___pac "__pac" 1
   1  001C              #pragma debug struct_end
   1  001C              #pragma debug struct_end
   1  001C              #pragma debug union_end
   1  001C              #pragma debug union_end
   1  001C              #pragma debug variable 53 1 ___tmrc "__tmrc" 1
   1  001C              #pragma debug variable 8 1 ___tktmr "__tktmr" 1
   1  001C              #pragma debug struct_end
   1  001C              #pragma debug struct_end
   1  001C              #pragma debug union_end
   1  001C              #pragma debug union_end
   1  001C              #pragma debug variable 55 1 ___tkc0 "__tkc0" 1
   1  001C              #pragma debug struct_end
   1  001C              #pragma debug struct_end
   1  001C              #pragma debug union_end
   1  001C              #pragma debug union_end
   1  001C              #pragma debug variable 57 1 ___tkc1 "__tkc1" 1
   1  001C              #pragma debug variable 8 1 ___tkm016dl "__tkm016dl" 1
   1  001C              #pragma debug variable 8 1 ___tkm016dh "__tkm016dh" 1
   1  001C              #pragma debug variable 8 1 ___tkm0rol "__tkm0rol" 1
   1  001C              #pragma debug variable 8 1 ___tkm0roh "__tkm0roh" 1
   1  001C              #pragma debug struct_end
   1  001C              #pragma debug struct_end
   1  001C              #pragma debug union_end
   1  001C              #pragma debug union_end
   1  001C              #pragma debug variable 59 1 ___tkm0c0 "__tkm0c0" 1
   1  001C              #pragma debug struct_end
   1  001C              #pragma debug struct_end
   1  001C              #pragma debug union_end
   1  001C              #pragma debug union_end
"File: TOUCH.h       Assembler  Version HGASM0202      Page 23

   1  001C              #pragma debug variable 61 1 ___tkm0c1 "__tkm0c1" 1
   1  001C              extern r1:byte
   1  001C              extern r2:byte

  34  001C              #line 34 "E:\hamed\touch2\touch-1ch-change\touch-1ch-change - v3\touch-1ch-change.c"
  34  0000              @code .section at 0 'code'
  34  0000  2800     R  	jmp _main_startup1
  34  0001              
  34  0001              extern _builtin_holtek_mulsi3_2:byte
  34  0001              extern _builtin_holtek_mulsi3:near
  34  0001              extern _builtin_holtek_udivmodsi4_2:byte
  34  0001              extern _builtin_holtek_udivmodsi4:near
  34  0001              extern _builtin_holtek_divmodhi4:near
  34  0001              extern _builtin_holtek_udivmodhi4_2:byte
  34  0001              extern _builtin_holtek_udivmodhi4:near
  34  0001              
  34  0001              ; 
  34  0001              ; Generated by holtek-gcc v3.19, Thu Mar 06 13:18:01 2025
  34  0001              ; Rebuild 718
  34  0001              ; end of file


        0 Errors, 0