"File: 2ch-2key.c    Assembler  Version HGASM0202      Page 1


   1  0000              ; Generated by holtek-gcc v3.19, Thu Jun 20 17:35:19 2024
   2  0000              ; 
   3  0000              ; Configuration:
   4  0000              ;       without long instruction
   5  0000              ;       Single ROM, Multi-RAM
   6  0000              ;       bits_per_rom_unit:16
   7  0000              ;       with mp1
   8  0000              ;       with tbhp, address(0x9)
   9  0000              ;          Use tabrd-const
  10  0000              ;       
  11  0000              ;       
  12  0000              ;       
  13  0000              ; use 'tabrdc' instead of 'tabrd'
  14  0000              ;       
  15  0000              
  16  0000              #pragma translator "holtek-gcc 4.6.4" "3.19" "build 20130711"
  17  0000              ; Rebuild 718
  18  0000              
  19  0000              ir equ [2]
  20  0000              mp equ [3]
  21  0000              sbp equ [1]
  22  0000              acc equ [5]
  23  0000              bp equ [4]
  24  0000              tblp equ [7]
  25  0000              tbhp equ [9]
  26  0000              status equ [10]
  27  0000              c equ [10].0
  28  0000              ac equ [10].1
  29  0000              z equ [10].2
  30  0000              ov equ [10].3
  31  0000              intc equ [11]
  32  0000              
  33  0000              extern ra:byte
  34  0000              extern rb:byte
  35  0000              extern rc:byte
  36  0000              extern rd:byte
  37  0000              extern re:byte
  38  0000              extern rf:byte
  39  0000              extern rg:byte
  40  0000              extern rh:byte
  41  0000              extern _Crom2Prom:near
  42  0000              extern _Crom2PromNext:near
  43  0000              
  44  0000              RAMBANK 0 @HCCINIT, @HCCINIT0
  45  0000              
  46  0000              RAMBANK 0 @BITDATASEC, @BITDATASEC1
  47  0000              @HCCINIT	.section 'data'
  48  0000              @HCCINIT0	.section 'data'
  49  0000              @BITDATASEC	 .section 'data'
  50  0000              @BITDATASEC1	 .section 'data'
  51  0000              
  52  0000              #pragma debug scope 1 1
  53  0000              	extern __DELAY3:near
  54  0000              	extern __DELAYX3:near
  55  0000              	extern __DELAYX6:near
  56  0000              	extern __DELAYY5:near
  57  0000              	extern __DELAYY3:near
  58  0000              	extern _builtin_holtek_delay_2:byte
  59  0000              public _delay_10us
"File: 2ch-2key.ASM  Assembler  Version HGASM0202      Page 2

  60  0000              #pragma debug scope 2 1

  11  0000              #line 11 "E:\hamed\touch2\touch-2ch-2key\2ch-2key\DELAY.h"
  11  0000              _delay_10us .section 'code'
  11  0000              _delay_10us proc
  11  0000              public _delay_10us_2
  11  0000  0004[           local _delay_10us_2 db 4 dup(?)	; 4,0
            00
            ]
  11  0004              #pragma debug variable 14 2 _delay_10us_2+0 "count_u"
  15  0004              #line 15 "E:\hamed\touch2\touch-2ch-2key\2ch-2key\DELAY.h"
  15  0000  1F00     E  	clr rd
  15  0001  1F00     E  	clr re
  15  0002  1F00     E  	clr rf
  15  0003  1F00     E  	clr rg
  15  0004  2800     R  	jmp _L2
  15  0005              _L3:
  17  0005              #line 17 "E:\hamed\touch2\touch-2ch-2key\2ch-2key\DELAY.h"
  17  0005              ;# 17 "E:\hamed\touch2\touch-2ch-2key\2ch-2key\DELAY.h" 1
  17  0005  0001        	clr wdt
  18  0006              #line 18 "E:\hamed\touch2\touch-2ch-2key\2ch-2key\DELAY.h"
  18  0006              ;# 18 "E:\hamed\touch2\touch-2ch-2key\2ch-2key\DELAY.h" 1
  18  0006  0000        	nop
  19  0007              #line 19 "E:\hamed\touch2\touch-2ch-2key\2ch-2key\DELAY.h"
  19  0007              ;# 19 "E:\hamed\touch2\touch-2ch-2key\2ch-2key\DELAY.h" 1
  19  0007  0000        	nop
  20  0008              #line 20 "E:\hamed\touch2\touch-2ch-2key\2ch-2key\DELAY.h"
  20  0008              ;# 20 "E:\hamed\touch2\touch-2ch-2key\2ch-2key\DELAY.h" 1
  20  0008  0000        	nop
  21  0009              #line 21 "E:\hamed\touch2\touch-2ch-2key\2ch-2key\DELAY.h"
  21  0009              ;# 21 "E:\hamed\touch2\touch-2ch-2key\2ch-2key\DELAY.h" 1
  21  0009  0000        	nop
  15  000A              #line 15 "E:\hamed\touch2\touch-2ch-2key\2ch-2key\DELAY.h"
  15  000A  0F01        	mov a,1
  15  000B  0380     E  	addm a,rd
  15  000C  0F00        	mov a,0
  15  000D  1380     E  	adcm a,re
  15  000E  1380     E  	adcm a,rf
  15  000F  1380     E  	adcm a,rg
  15  0010              _L2:
  15  0010  0700     E  	mov a,rd
  15  0011  0400     R  	xor a,_delay_10us_2[0]
  15  0012  0700     E  	mov a,re
  15  0013  3D0A        	sz z
  15  0014  0400     R  	xor a,_delay_10us_2[1]
  15  0015  0700     E  	mov a,rf
  15  0016  3D0A        	sz z
  15  0017  0400     R  	xor a,_delay_10us_2[2]
  15  0018  0700     E  	mov a,rg
  15  0019  3D0A        	sz z
  15  001A  0400     R  	xor a,_delay_10us_2[3]
  15  001B  390A        	snz z
  15  001C  2800     R  	jmp _L3
  15  001D  0003        	ret
  15  001E              _delay_10us endp
  15  001E              #line 15 "E:\hamed\touch2\touch-2ch-2key\2ch-2key\DELAY.h"
  15  001E              #pragma debug scope 1 1
  15  001E              public _delay_us
  15  001E              #pragma debug scope 3 1
  28  001E              #line 28 "E:\hamed\touch2\touch-2ch-2key\2ch-2key\DELAY.h"
"File: DELAY.h       Assembler  Version HGASM0202      Page 3

  28  0000              _delay_us .section 'code'
  28  0000              _delay_us proc
  28  0000              public _delay_us_2
  28  0000  0004[           local _delay_us_2 db 4 dup(?)	; 4,0
            00
            ]
  28  0004              #pragma debug variable 14 3 _delay_us_2+0 "count_u"
  32  0004              #line 32 "E:\hamed\touch2\touch-2ch-2key\2ch-2key\DELAY.h"
  32  0000  1F00     E  	clr rd
  32  0001  1F00     E  	clr re
  32  0002  1F00     E  	clr rf
  32  0003  1F00     E  	clr rg
  32  0004  2800     R  	jmp _L6
  32  0005              _L7:
  34  0005              #line 34 "E:\hamed\touch2\touch-2ch-2key\2ch-2key\DELAY.h"
  34  0005              ;# 34 "E:\hamed\touch2\touch-2ch-2key\2ch-2key\DELAY.h" 1
  34  0005  0001        	clr wdt
  35  0006              #line 35 "E:\hamed\touch2\touch-2ch-2key\2ch-2key\DELAY.h"
  35  0006              ;# 35 "E:\hamed\touch2\touch-2ch-2key\2ch-2key\DELAY.h" 1
  35  0006  0000        	nop
  32  0007              #line 32 "E:\hamed\touch2\touch-2ch-2key\2ch-2key\DELAY.h"
  32  0007  0F01        	mov a,1
  32  0008  0380     E  	addm a,rd
  32  0009  0F00        	mov a,0
  32  000A  1380     E  	adcm a,re
  32  000B  1380     E  	adcm a,rf
  32  000C  1380     E  	adcm a,rg
  32  000D              _L6:
  32  000D  0700     E  	mov a,rd
  32  000E  0400     R  	xor a,_delay_us_2[0]
  32  000F  0700     E  	mov a,re
  32  0010  3D0A        	sz z
  32  0011  0400     R  	xor a,_delay_us_2[1]
  32  0012  0700     E  	mov a,rf
  32  0013  3D0A        	sz z
  32  0014  0400     R  	xor a,_delay_us_2[2]
  32  0015  0700     E  	mov a,rg
  32  0016  3D0A        	sz z
  32  0017  0400     R  	xor a,_delay_us_2[3]
  32  0018  390A        	snz z
  32  0019  2800     R  	jmp _L7
  32  001A  0003        	ret
  32  001B              _delay_us endp
  32  001B              #line 32 "E:\hamed\touch2\touch-2ch-2key\2ch-2key\DELAY.h"
  32  001B              #pragma debug scope 1 1
  32  001B              public _delay_ms
  32  001B              #pragma debug scope 4 1
  42  001B              #line 42 "E:\hamed\touch2\touch-2ch-2key\2ch-2key\DELAY.h"
  42  0000              _delay_ms .section 'code'
  42  0000              _delay_ms proc
  42  0000              public _delay_ms_2
  42  0000  0008[           local _delay_ms_2 db 8 dup(?)	; 4,4
            00
            ]
  42  0008              #pragma debug variable 14 4 _delay_ms_2+0 "count_m"
  44  0008              #line 44 "E:\hamed\touch2\touch-2ch-2key\2ch-2key\DELAY.h"
  44  0000  0700     R  	mov a,_delay_ms_2[0]
  44  0001  0080     E  	mov _builtin_holtek_mulsi3_2[0],a
  44  0002  0700     R  	mov a,_delay_ms_2[1]
  44  0003  0080     E  	mov _builtin_holtek_mulsi3_2[1],a
"File: DELAY.h       Assembler  Version HGASM0202      Page 4

  44  0004  0700     R  	mov a,_delay_ms_2[2]
  44  0005  0080     E  	mov _builtin_holtek_mulsi3_2[2],a
  44  0006  0700     R  	mov a,_delay_ms_2[3]
  44  0007  0080     E  	mov _builtin_holtek_mulsi3_2[3],a
  44  0008  0F64        	mov a,100
  44  0009  0080     E  	mov _builtin_holtek_mulsi3_2[4],a
  44  000A  0F00        	mov a,0
  44  000B  0080     E  	mov _builtin_holtek_mulsi3_2[5],a
  44  000C  0F00        	mov a,0
  44  000D  0080     E  	mov _builtin_holtek_mulsi3_2[6],a
  44  000E  0F00        	mov a,0
  44  000F  0080     E  	mov _builtin_holtek_mulsi3_2[7],a
  44  0010  2000     E  	call _builtin_holtek_mulsi3
  44  0011  0700     E  	mov a,_builtin_holtek_mulsi3_2[8]
  44  0012  0080     R  	mov _delay_ms_2[4],a
  44  0013  0700     E  	mov a,_builtin_holtek_mulsi3_2[9]
  44  0014  0080     R  	mov _delay_ms_2[5],a
  44  0015  0700     E  	mov a,_builtin_holtek_mulsi3_2[10]
  44  0016  0080     R  	mov _delay_ms_2[6],a
  44  0017  0700     E  	mov a,_builtin_holtek_mulsi3_2[11]
  44  0018  0080     R  	mov _delay_ms_2[7],a
  45  0019              #line 45 "E:\hamed\touch2\touch-2ch-2key\2ch-2key\DELAY.h"
  45  0019  1F00     E  	clr rd
  45  001A  1F00     E  	clr re
  45  001B  1F00     E  	clr rf
  45  001C  1F00     E  	clr rg
  45  001D  2800     R  	jmp _L9
  45  001E              _L10:
  47  001E              #line 47 "E:\hamed\touch2\touch-2ch-2key\2ch-2key\DELAY.h"
  47  001E              ;# 47 "E:\hamed\touch2\touch-2ch-2key\2ch-2key\DELAY.h" 1
  47  001E  0001        	clr wdt
  48  001F              #line 48 "E:\hamed\touch2\touch-2ch-2key\2ch-2key\DELAY.h"
  48  001F              ;# 48 "E:\hamed\touch2\touch-2ch-2key\2ch-2key\DELAY.h" 1
  48  001F  0000        	nop
  49  0020              #line 49 "E:\hamed\touch2\touch-2ch-2key\2ch-2key\DELAY.h"
  49  0020              ;# 49 "E:\hamed\touch2\touch-2ch-2key\2ch-2key\DELAY.h" 1
  49  0020  0000        	nop
  50  0021              #line 50 "E:\hamed\touch2\touch-2ch-2key\2ch-2key\DELAY.h"
  50  0021              ;# 50 "E:\hamed\touch2\touch-2ch-2key\2ch-2key\DELAY.h" 1
  50  0021  0000        	nop
  51  0022              #line 51 "E:\hamed\touch2\touch-2ch-2key\2ch-2key\DELAY.h"
  51  0022              ;# 51 "E:\hamed\touch2\touch-2ch-2key\2ch-2key\DELAY.h" 1
  51  0022  0000        	nop
  45  0023              #line 45 "E:\hamed\touch2\touch-2ch-2key\2ch-2key\DELAY.h"
  45  0023  0F01        	mov a,1
  45  0024  0380     E  	addm a,rd
  45  0025  0F00        	mov a,0
  45  0026  1380     E  	adcm a,re
  45  0027  1380     E  	adcm a,rf
  45  0028  1380     E  	adcm a,rg
  45  0029              _L9:
  45  0029  0700     E  	mov a,rd
  45  002A  0400     R  	xor a,_delay_ms_2[4]
  45  002B  0700     E  	mov a,re
  45  002C  3D0A        	sz z
  45  002D  0400     R  	xor a,_delay_ms_2[5]
  45  002E  0700     E  	mov a,rf
  45  002F  3D0A        	sz z
  45  0030  0400     R  	xor a,_delay_ms_2[6]
  45  0031  0700     E  	mov a,rg
"File: DELAY.h       Assembler  Version HGASM0202      Page 5

  45  0032  3D0A        	sz z
  45  0033  0400     R  	xor a,_delay_ms_2[7]
  45  0034  390A        	snz z
  45  0035  2800     R  	jmp _L10
  45  0036  0003        	ret
  45  0037              _delay_ms endp
  45  0037              #line 45 "E:\hamed\touch2\touch-2ch-2key\2ch-2key\DELAY.h"
  45  0037              #pragma debug scope 1 1
  45  0037              ___intc0 equ [14]
  45  0037              ___tktmr equ [67]
  45  0037              ___tkc0 equ [68]
  45  0037              ___tkc1 equ [71]
  45  0037              ___tkm0c1 equ [77]
  45  0037              ___tkm0rol equ [74]
  45  0037              ___tkm0roh equ [75]
  45  0037              ___tkm0c0 equ [76]
  45  0037              public _TuochKeyInit
  45  0037              #pragma debug scope 5 1

  92  0037              #line 92 "E:\hamed\touch2\touch-2ch-2key\2ch-2key\2ch-2key.h"
  92  0000              _TuochKeyInit .section 'code'
  92  0000              _TuochKeyInit proc
  94  0000              #line 94 "E:\hamed\touch2\touch-2ch-2key\2ch-2key\2ch-2key.h"
  94  0000  350E        	clr [14].2
  95  0001              #line 95 "E:\hamed\touch2\touch-2ch-2key\2ch-2key\2ch-2key.h"
  95  0001  368E        	clr [14].5
  96  0002              #line 96 "E:\hamed\touch2\touch-2ch-2key\2ch-2key\2ch-2key.h"
  96  0002  1F43        	clr [67]
  97  0003              #line 97 "E:\hamed\touch2\touch-2ch-2key\2ch-2key\2ch-2key.h"
  97  0003  34C4        	clr [68].1
  97  0004  3444        	clr [68].0
  98  0005              #line 98 "E:\hamed\touch2\touch-2ch-2key\2ch-2key\2ch-2key.h"
  98  0005  30C7        	set [71].1
  98  0006  3047        	set [71].0
 101  0007              #line 101 "E:\hamed\touch2\touch-2ch-2key\2ch-2key\2ch-2key.h"
 101  0007  35CD        	clr [77].3
 101  0008  354D        	clr [77].2
 101  0009  30CD        	set [77].1
 101  000A  304D        	set [77].0
 102  000B              #line 102 "E:\hamed\touch2\touch-2ch-2key\2ch-2key\2ch-2key.h"
 102  000B  0FC8        	mov a,200
 102  000C  00CA        	mov [74],a
 102  000D  1F4B        	clr [75]
 103  000E              #line 103 "E:\hamed\touch2\touch-2ch-2key\2ch-2key\2ch-2key.h"
 103  000E  32CC        	set [76].5
 104  000F              #line 104 "E:\hamed\touch2\touch-2ch-2key\2ch-2key\2ch-2key.h"
 104  000F  324C        	set [76].4
 105  0010              #line 105 "E:\hamed\touch2\touch-2ch-2key\2ch-2key\2ch-2key.h"
 105  0010  35CC        	clr [76].3
 106  0011              #line 106 "E:\hamed\touch2\touch-2ch-2key\2ch-2key\2ch-2key.h"
 106  0011  314C        	set [76].2
 106  0012  30CC        	set [76].1
 106  0013  304C        	set [76].0
 107  0014              #line 107 "E:\hamed\touch2\touch-2ch-2key\2ch-2key\2ch-2key.h"
 107  0014  37CD        	clr [77].7
 108  0015              #line 108 "E:\hamed\touch2\touch-2ch-2key\2ch-2key\2ch-2key.h"
 108  0015  32CD        	set [77].5
 109  0016              #line 109 "E:\hamed\touch2\touch-2ch-2key\2ch-2key\2ch-2key.h"
 109  0016  324D        	set [77].4
 109  0017  0003        	ret
"File: 2ch-2key.h    Assembler  Version HGASM0202      Page 6

 109  0018              _TuochKeyInit endp
 109  0018              #line 109 "E:\hamed\touch2\touch-2ch-2key\2ch-2key\2ch-2key.h"
 109  0018              #pragma debug scope 1 1
 109  0018              public _Key_Touch
 109  0018              #pragma debug scope 6 1
 113  0018              #line 113 "E:\hamed\touch2\touch-2ch-2key\2ch-2key\2ch-2key.h"
 113  0000              _Key_Touch .section 'code'
 113  0000              _Key_Touch proc
 115  0000              #line 115 "E:\hamed\touch2\touch-2ch-2key\2ch-2key\2ch-2key.h"
 115  0000  0FCE        	mov a,206
 115  0001  0300     R  	add a,_Count_C1[0]
 115  0002  0080     E  	mov rd,a
 115  0003  0FFF        	mov a,255
 115  0004  1300     R  	adc a,_Count_C1[1]
 115  0005  0080     E  	mov re,a
 115  0006  0FFF        	mov a,255
 115  0007  1300     R  	adc a,_Count_C1[2]
 115  0008  0080     E  	mov rf,a
 115  0009  0FFF        	mov a,255
 115  000A  1300     R  	adc a,_Count_C1[3]
 115  000B  0080     E  	mov rg,a
 115  000C  0700     R  	mov a,_Count_S1[0]
 115  000D  0200     E  	sub a,rd
 115  000E  0700     R  	mov a,_Count_S1[1]
 115  000F  1200     E  	sbc a,re
 115  0010  1F05        	clr acc
 115  0011  1200     E  	sbc a,rf
 115  0012  1F05        	clr acc
 115  0013  1200     E  	sbc a,rg
 115  0014  3C0A        	sz c
 115  0015  2800     R  	jmp _L13
 117  0016              #line 117 "E:\hamed\touch2\touch-2ch-2key\2ch-2key\2ch-2key.h"
 117  0016  1480     R  	inc _Count_T1[0]
 117  0017  3D0A        	sz z
 117  0018  1480     R  	inc _Count_T1[1]
 117  0019  0FE8        	mov a,232
 117  001A  0200     R  	sub a,_Count_T1[0]
 117  001B  0F03        	mov a,3
 117  001C  1200     R  	sbc a,_Count_T1[1]
 117  001D  3C0A        	sz c
 117  001E  2800     R  	jmp _L15
 117  001F  0FE8        	mov a,-24
 117  0020  0080     R  	mov _Count_T1[0],a
 117  0021  0F03        	mov a,3
 117  0022  0080     R  	mov _Count_T1[1],a
 117  0023  2800     R  	jmp _L15
 117  0024              _L13:
 119  0024              #line 119 "E:\hamed\touch2\touch-2ch-2key\2ch-2key\2ch-2key.h"
 119  0024  0FF6        	mov a,246
 119  0025  0300     R  	add a,_Count_C1[0]
 119  0026  0080     E  	mov rd,a
 119  0027  0FFF        	mov a,255
 119  0028  1300     R  	adc a,_Count_C1[1]
 119  0029  0080     E  	mov re,a
 119  002A  0FFF        	mov a,255
 119  002B  1300     R  	adc a,_Count_C1[2]
 119  002C  0080     E  	mov rf,a
 119  002D  0FFF        	mov a,255
 119  002E  1300     R  	adc a,_Count_C1[3]
 119  002F  0080     E  	mov rg,a
"File: 2ch-2key.h    Assembler  Version HGASM0202      Page 7

 119  0030  1080     E  	sz rg
 119  0031  2800     R  	jmp _L15
 119  0032  1080     E  	sz rf
 119  0033  2800     R  	jmp _L15
 119  0034  0700     E  	mov a,rd
 119  0035  0200     R  	sub a,_Count_S1[0]
 119  0036  0700     E  	mov a,re
 119  0037  1200     R  	sbc a,_Count_S1[1]
 119  0038  3C0A        	sz c
 119  0039  2800     R  	jmp _L15
 121  003A              #line 121 "E:\hamed\touch2\touch-2ch-2key\2ch-2key\2ch-2key.h"
 121  003A  1F00     R  	clr _Count_T1[0]
 121  003B  1F00     R  	clr _Count_T1[1]
 121  003C              _L15:
 123  003C              #line 123 "E:\hamed\touch2\touch-2ch-2key\2ch-2key\2ch-2key.h"
 123  003C  0700     R  	mov a,_Count_T1[0]
 123  003D  0C3C        	xor a,60
 123  003E  0500     R  	or a,_Count_T1[1]
 123  003F  390A        	snz z
 123  0040  2800     R  	jmp _L17
 125  0041              #line 125 "E:\hamed\touch2\touch-2ch-2key\2ch-2key\2ch-2key.h"
 125  0041  3800     R  	snz _q1
 125  0042  2800     R  	jmp _L18
 125  0043  3400     R  	clr _q1
 125  0044  2800     R  	jmp _L19
 125  0045              _L18:
 126  0045              #line 126 "E:\hamed\touch2\touch-2ch-2key\2ch-2key\2ch-2key.h"
 126  0045  3000     R  	set _q1
 126  0046              _L19:
 128  0046              #line 128 "E:\hamed\touch2\touch-2ch-2key\2ch-2key\2ch-2key.h"
 128  0046  1F00     R  	clr _CalibrCount1[0]
 129  0047              #line 129 "E:\hamed\touch2\touch-2ch-2key\2ch-2key\2ch-2key.h"
 129  0047  1F00     R  	clr _CalibrSample1[0]
 130  0048              #line 130 "E:\hamed\touch2\touch-2ch-2key\2ch-2key\2ch-2key.h"
 130  0048  1F00     R  	clr _Count_C1_Backup[0]
 130  0049  1F00     R  	clr _Count_C1_Backup[1]
 130  004A  1F00     R  	clr _Count_C1_Backup[2]
 130  004B  1F00     R  	clr _Count_C1_Backup[3]
 130  004C              _L17:
 134  004C              #line 134 "E:\hamed\touch2\touch-2ch-2key\2ch-2key\2ch-2key.h"
 134  004C  0FCE        	mov a,206
 134  004D  0300     R  	add a,_Count_C2[0]
 134  004E  0080     E  	mov rd,a
 134  004F  0FFF        	mov a,255
 134  0050  1300     R  	adc a,_Count_C2[1]
 134  0051  0080     E  	mov re,a
 134  0052  0FFF        	mov a,255
 134  0053  1300     R  	adc a,_Count_C2[2]
 134  0054  0080     E  	mov rf,a
 134  0055  0FFF        	mov a,255
 134  0056  1300     R  	adc a,_Count_C2[3]
 134  0057  0080     E  	mov rg,a
 134  0058  0700     R  	mov a,_Count_S2[0]
 134  0059  0200     E  	sub a,rd
 134  005A  0700     R  	mov a,_Count_S2[1]
 134  005B  1200     E  	sbc a,re
 134  005C  1F05        	clr acc
 134  005D  1200     E  	sbc a,rf
 134  005E  1F05        	clr acc
 134  005F  1200     E  	sbc a,rg
"File: 2ch-2key.h    Assembler  Version HGASM0202      Page 8

 134  0060  3C0A        	sz c
 134  0061  2800     R  	jmp _L20
 136  0062              #line 136 "E:\hamed\touch2\touch-2ch-2key\2ch-2key\2ch-2key.h"
 136  0062  1480     R  	inc _Count_T2[0]
 136  0063  3D0A        	sz z
 136  0064  1480     R  	inc _Count_T2[1]
 136  0065  0FE8        	mov a,232
 136  0066  0200     R  	sub a,_Count_T2[0]
 136  0067  0F03        	mov a,3
 136  0068  1200     R  	sbc a,_Count_T2[1]
 136  0069  3C0A        	sz c
 136  006A  2800     R  	jmp _L22
 136  006B  0FE8        	mov a,-24
 136  006C  0080     R  	mov _Count_T2[0],a
 136  006D  0F03        	mov a,3
 136  006E  0080     R  	mov _Count_T2[1],a
 136  006F  2800     R  	jmp _L22
 136  0070              _L20:
 138  0070              #line 138 "E:\hamed\touch2\touch-2ch-2key\2ch-2key\2ch-2key.h"
 138  0070  0FF6        	mov a,246
 138  0071  0300     R  	add a,_Count_C2[0]
 138  0072  0080     E  	mov rd,a
 138  0073  0FFF        	mov a,255
 138  0074  1300     R  	adc a,_Count_C2[1]
 138  0075  0080     E  	mov re,a
 138  0076  0FFF        	mov a,255
 138  0077  1300     R  	adc a,_Count_C2[2]
 138  0078  0080     E  	mov rf,a
 138  0079  0FFF        	mov a,255
 138  007A  1300     R  	adc a,_Count_C2[3]
 138  007B  0080     E  	mov rg,a
 138  007C  1080     E  	sz rg
 138  007D  2800     R  	jmp _L22
 138  007E  1080     E  	sz rf
 138  007F  2800     R  	jmp _L22
 138  0080  0700     E  	mov a,rd
 138  0081  0200     R  	sub a,_Count_S2[0]
 138  0082  0700     E  	mov a,re
 138  0083  1200     R  	sbc a,_Count_S2[1]
 138  0084  3C0A        	sz c
 138  0085  2800     R  	jmp _L22
 140  0086              #line 140 "E:\hamed\touch2\touch-2ch-2key\2ch-2key\2ch-2key.h"
 140  0086  1F00     R  	clr _Count_T2[0]
 140  0087  1F00     R  	clr _Count_T2[1]
 140  0088              _L22:
 142  0088              #line 142 "E:\hamed\touch2\touch-2ch-2key\2ch-2key\2ch-2key.h"
 142  0088  0700     R  	mov a,_Count_T2[0]
 142  0089  0C3C        	xor a,60
 142  008A  0500     R  	or a,_Count_T2[1]
 142  008B  390A        	snz z
 142  008C  2800     R  	jmp _L12
 144  008D              #line 144 "E:\hamed\touch2\touch-2ch-2key\2ch-2key\2ch-2key.h"
 144  008D  3800     R  	snz _q2
 144  008E  2800     R  	jmp _L25
 144  008F  3400     R  	clr _q2
 144  0090  2800     R  	jmp _L26
 144  0091              _L25:
 145  0091              #line 145 "E:\hamed\touch2\touch-2ch-2key\2ch-2key\2ch-2key.h"
 145  0091  3000     R  	set _q2
 145  0092              _L26:
"File: 2ch-2key.h    Assembler  Version HGASM0202      Page 9

 147  0092              #line 147 "E:\hamed\touch2\touch-2ch-2key\2ch-2key\2ch-2key.h"
 147  0092  1F00     R  	clr _CalibrCount2[0]
 148  0093              #line 148 "E:\hamed\touch2\touch-2ch-2key\2ch-2key\2ch-2key.h"
 148  0093  1F00     R  	clr _CalibrSample2[0]
 149  0094              #line 149 "E:\hamed\touch2\touch-2ch-2key\2ch-2key\2ch-2key.h"
 149  0094  1F00     R  	clr _Count_C2_Backup[0]
 149  0095  1F00     R  	clr _Count_C2_Backup[1]
 149  0096  1F00     R  	clr _Count_C2_Backup[2]
 149  0097  1F00     R  	clr _Count_C2_Backup[3]
 149  0098              _L12:
 149  0098  0003        	ret
 149  0099              _Key_Touch endp
 149  0099              #line 149 "E:\hamed\touch2\touch-2ch-2key\2ch-2key\2ch-2key.h"
 149  0099              #pragma debug scope 1 1
 149  0099              ___tkm016dh equ [73]
 149  0099              ___tkm016dl equ [72]
 149  0099              public _CalibrTuoch
 149  0099              #pragma debug scope 7 1
 155  0099              #line 155 "E:\hamed\touch2\touch-2ch-2key\2ch-2key\2ch-2key.h"
 155  0000              _CalibrTuoch .section 'code'
 155  0000              _CalibrTuoch proc
 155  0000  0004[           local _CalibrTuoch_2 db 4 dup(?)	; 0,4
            00
            ]
 157  0004              #line 157 "E:\hamed\touch2\touch-2ch-2key\2ch-2key\2ch-2key.h"
 157  0000  36C4        	clr [68].5
 158  0001              #line 158 "E:\hamed\touch2\touch-2ch-2key\2ch-2key\2ch-2key.h"
 158  0001  37CC        	clr [76].7
 158  0002  374C        	clr [76].6
 158  0003  0FF4        	mov a,-12
 158  0004  0080     R  	mov _delay_10us_2[0],a
 158  0005  0F01        	mov a,1
 158  0006  0080     R  	mov _delay_10us_2[1],a
 158  0007  1F00     R  	clr _delay_10us_2[2]
 158  0008  1F00     R  	clr _delay_10us_2[3]
 158  0009  2000     R  	call _delay_10us
 159  000A              #line 159 "E:\hamed\touch2\touch-2ch-2key\2ch-2key\2ch-2key.h"
 159  000A              ;# 159 "E:\hamed\touch2\touch-2ch-2key\2ch-2key\2ch-2key.h" 1
 159  000A  0001        	clr wdt
 160  000B              #line 160 "E:\hamed\touch2\touch-2ch-2key\2ch-2key\2ch-2key.h"
 160  000B  1F00     R  	clr _i[0]
 160  000C              _L28:
 160  000C              #line 160 "E:\hamed\touch2\touch-2ch-2key\2ch-2key\2ch-2key.h"
 160  000C  0F13        	mov a,19
 160  000D  0200     R  	sub a,_i[0]
 160  000E  380A        	snz c
 160  000F  2800     R  	jmp _L36
 162  0010              #line 162 "E:\hamed\touch2\touch-2ch-2key\2ch-2key\2ch-2key.h"
 162  0010  32CD        	set [77].5
 163  0011              #line 163 "E:\hamed\touch2\touch-2ch-2key\2ch-2key\2ch-2key.h"
 163  0011  324D        	set [77].4
 164  0012              #line 164 "E:\hamed\touch2\touch-2ch-2key\2ch-2key\2ch-2key.h"
 164  0012  32C4        	set [68].5
 166  0013              #line 166 "E:\hamed\touch2\touch-2ch-2key\2ch-2key\2ch-2key.h"
 166  0013              ;# 166 "E:\hamed\touch2\touch-2ch-2key\2ch-2key\2ch-2key.h" 1
 166  0013  0001        	clr wdt
 166  0014              _L30:
 167  0014              #line 167 "E:\hamed\touch2\touch-2ch-2key\2ch-2key\2ch-2key.h"
 167  0014  3B44        	snz [68].6
 167  0015  2800     R  	jmp _L30
"File: 2ch-2key.h    Assembler  Version HGASM0202      Page 10

 168  0016              #line 168 "E:\hamed\touch2\touch-2ch-2key\2ch-2key\2ch-2key.h"
 168  0016  0749        	mov a,[73]
 168  0017  0080     R  	mov _CalibrTuoch_2[1],a
 168  0018  1F00     R  	clr _CalibrTuoch_2[0]
 168  0019  0700     R  	mov a,_CalibrTuoch_2[1]
 168  001A  0080     R  	mov _Count_S1[1],a
 168  001B  0748        	mov a,[72]
 168  001C  0500     R  	or a,_CalibrTuoch_2[0]
 168  001D  0080     R  	mov _Count_S1[0],a
 169  001E              #line 169 "E:\hamed\touch2\touch-2ch-2key\2ch-2key\2ch-2key.h"
 169  001E  0700     R  	mov a,_Count_S1[0]
 169  001F  0380     R  	addm a,_Count_C1[0]
 169  0020  0700     R  	mov a,_Count_S1[1]
 169  0021  1380     R  	adcm a,_Count_C1[1]
 169  0022  1F05        	clr acc
 169  0023  1380     R  	adcm a,_Count_C1[2]
 169  0024  1380     R  	adcm a,_Count_C1[3]
 170  0025              #line 170 "E:\hamed\touch2\touch-2ch-2key\2ch-2key\2ch-2key.h"
 170  0025  3744        	clr [68].6
 171  0026              #line 171 "E:\hamed\touch2\touch-2ch-2key\2ch-2key\2ch-2key.h"
 171  0026  36C4        	clr [68].5
 172  0027              #line 172 "E:\hamed\touch2\touch-2ch-2key\2ch-2key\2ch-2key.h"
 172  0027              ;# 172 "E:\hamed\touch2\touch-2ch-2key\2ch-2key\2ch-2key.h" 1
 172  0027  0001        	clr wdt
 173  0028              #line 173 "E:\hamed\touch2\touch-2ch-2key\2ch-2key\2ch-2key.h"
 173  0028  0F05        	mov a,5
 173  0029  0080     R  	mov _delay_ms_2[0],a
 173  002A  1F00     R  	clr _delay_ms_2[1]
 173  002B  1F00     R  	clr _delay_ms_2[2]
 173  002C  1F00     R  	clr _delay_ms_2[3]
 173  002D  2000     R  	call _delay_ms
 160  002E              #line 160 "E:\hamed\touch2\touch-2ch-2key\2ch-2key\2ch-2key.h"
 160  002E  1480     R  	inc _i[0]
 160  002F  2800     R  	jmp _L28
 160  0030              _L36:
 175  0030              #line 175 "E:\hamed\touch2\touch-2ch-2key\2ch-2key\2ch-2key.h"
 175  0030  1F00     E  	clr _builtin_holtek_udivmodsi4_2[12]
 175  0031  0700     R  	mov a,_Count_C1[0]  
 175  0032  0080     E  	mov _builtin_holtek_udivmodsi4_2[0],a  
 175  0033  0700     R  	mov a,_Count_C1[1]  
 175  0034  0080     E  	mov _builtin_holtek_udivmodsi4_2[1],a
 175  0035  0700     R  	mov a,_Count_C1[2]  
 175  0036  0080     E  	mov _builtin_holtek_udivmodsi4_2[2],a  
 175  0037  0700     R  	mov a,_Count_C1[3]  
 175  0038  0080     E  	mov _builtin_holtek_udivmodsi4_2[3],a
 175  0039  0F14        	mov a,20  
 175  003A  0080     E  	mov _builtin_holtek_udivmodsi4_2[4],a  
 175  003B  0F00        	mov a,0  
 175  003C  0080     E  	mov _builtin_holtek_udivmodsi4_2[5],a
 175  003D  1F00     E  	clr _builtin_holtek_udivmodsi4_2[6]
 175  003E  1F00     E  	clr _builtin_holtek_udivmodsi4_2[7]
 175  003F  2000     E  	call _builtin_holtek_udivmodsi4
 175  0040  0700     E  	mov a,_builtin_holtek_udivmodsi4_2[0]  
 175  0041  0080     R  	mov _Count_C1[0],a  
 175  0042  0700     E  	mov a,_builtin_holtek_udivmodsi4_2[1]  
 175  0043  0080     R  	mov _Count_C1[1],a
 175  0044  0700     E  	mov a,_builtin_holtek_udivmodsi4_2[2]  
 175  0045  0080     R  	mov _Count_C1[2],a  
 175  0046  0700     E  	mov a,_builtin_holtek_udivmodsi4_2[3]  
 175  0047  0080     R  	mov _Count_C1[3],a
"File: 2ch-2key.h    Assembler  Version HGASM0202      Page 11

 178  0048              #line 178 "E:\hamed\touch2\touch-2ch-2key\2ch-2key\2ch-2key.h"
 178  0048  36C4        	clr [68].5
 179  0049              #line 179 "E:\hamed\touch2\touch-2ch-2key\2ch-2key\2ch-2key.h"
 179  0049  37CC        	clr [76].7
 179  004A  334C        	set [76].6
 179  004B  0FF4        	mov a,-12
 179  004C  0080     R  	mov _delay_10us_2[0],a
 179  004D  0F01        	mov a,1
 179  004E  0080     R  	mov _delay_10us_2[1],a
 179  004F  1F00     R  	clr _delay_10us_2[2]
 179  0050  1F00     R  	clr _delay_10us_2[3]
 179  0051  2000     R  	call _delay_10us
 180  0052              #line 180 "E:\hamed\touch2\touch-2ch-2key\2ch-2key\2ch-2key.h"
 180  0052              ;# 180 "E:\hamed\touch2\touch-2ch-2key\2ch-2key\2ch-2key.h" 1
 180  0052  0001        	clr wdt
 181  0053              #line 181 "E:\hamed\touch2\touch-2ch-2key\2ch-2key\2ch-2key.h"
 181  0053  1F00     R  	clr _i[0]
 181  0054              _L32:
 181  0054  0F13        	mov a,19
 181  0055  0200     R  	sub a,_i[0]
 181  0056  380A        	snz c
 181  0057  2800     R  	jmp _L37
 183  0058              #line 183 "E:\hamed\touch2\touch-2ch-2key\2ch-2key\2ch-2key.h"
 183  0058  32CD        	set [77].5
 184  0059              #line 184 "E:\hamed\touch2\touch-2ch-2key\2ch-2key\2ch-2key.h"
 184  0059  324D        	set [77].4
 185  005A              #line 185 "E:\hamed\touch2\touch-2ch-2key\2ch-2key\2ch-2key.h"
 185  005A  32C4        	set [68].5
 187  005B              #line 187 "E:\hamed\touch2\touch-2ch-2key\2ch-2key\2ch-2key.h"
 187  005B              ;# 187 "E:\hamed\touch2\touch-2ch-2key\2ch-2key\2ch-2key.h" 1
 187  005B  0001        	clr wdt
 187  005C              _L34:
 188  005C              #line 188 "E:\hamed\touch2\touch-2ch-2key\2ch-2key\2ch-2key.h"
 188  005C  3B44        	snz [68].6
 188  005D  2800     R  	jmp _L34
 189  005E              #line 189 "E:\hamed\touch2\touch-2ch-2key\2ch-2key\2ch-2key.h"
 189  005E  0749        	mov a,[73]
 189  005F  0080     R  	mov _CalibrTuoch_2[3],a
 189  0060  1F00     R  	clr _CalibrTuoch_2[2]
 189  0061  0700     R  	mov a,_CalibrTuoch_2[3]
 189  0062  0080     R  	mov _Count_S2[1],a
 189  0063  0748        	mov a,[72]
 189  0064  0500     R  	or a,_CalibrTuoch_2[2]
 189  0065  0080     R  	mov _Count_S2[0],a
 190  0066              #line 190 "E:\hamed\touch2\touch-2ch-2key\2ch-2key\2ch-2key.h"
 190  0066  0700     R  	mov a,_Count_S2[0]
 190  0067  0380     R  	addm a,_Count_C2[0]
 190  0068  0700     R  	mov a,_Count_S2[1]
 190  0069  1380     R  	adcm a,_Count_C2[1]
 190  006A  1F05        	clr acc
 190  006B  1380     R  	adcm a,_Count_C2[2]
 190  006C  1380     R  	adcm a,_Count_C2[3]
 191  006D              #line 191 "E:\hamed\touch2\touch-2ch-2key\2ch-2key\2ch-2key.h"
 191  006D  3744        	clr [68].6
 192  006E              #line 192 "E:\hamed\touch2\touch-2ch-2key\2ch-2key\2ch-2key.h"
 192  006E  36C4        	clr [68].5
 193  006F              #line 193 "E:\hamed\touch2\touch-2ch-2key\2ch-2key\2ch-2key.h"
 193  006F              ;# 193 "E:\hamed\touch2\touch-2ch-2key\2ch-2key\2ch-2key.h" 1
 193  006F  0001        	clr wdt
 194  0070              #line 194 "E:\hamed\touch2\touch-2ch-2key\2ch-2key\2ch-2key.h"
"File: 2ch-2key.h    Assembler  Version HGASM0202      Page 12

 194  0070  0F05        	mov a,5
 194  0071  0080     R  	mov _delay_ms_2[0],a
 194  0072  1F00     R  	clr _delay_ms_2[1]
 194  0073  1F00     R  	clr _delay_ms_2[2]
 194  0074  1F00     R  	clr _delay_ms_2[3]
 194  0075  2000     R  	call _delay_ms
 181  0076              #line 181 "E:\hamed\touch2\touch-2ch-2key\2ch-2key\2ch-2key.h"
 181  0076  1480     R  	inc _i[0]
 181  0077  2800     R  	jmp _L32
 181  0078              _L37:
 196  0078              #line 196 "E:\hamed\touch2\touch-2ch-2key\2ch-2key\2ch-2key.h"
 196  0078  1F00     E  	clr _builtin_holtek_udivmodsi4_2[12]
 196  0079  0700     R  	mov a,_Count_C2[0]  
 196  007A  0080     E  	mov _builtin_holtek_udivmodsi4_2[0],a  
 196  007B  0700     R  	mov a,_Count_C2[1]  
 196  007C  0080     E  	mov _builtin_holtek_udivmodsi4_2[1],a
 196  007D  0700     R  	mov a,_Count_C2[2]  
 196  007E  0080     E  	mov _builtin_holtek_udivmodsi4_2[2],a  
 196  007F  0700     R  	mov a,_Count_C2[3]  
 196  0080  0080     E  	mov _builtin_holtek_udivmodsi4_2[3],a
 196  0081  0F14        	mov a,20  
 196  0082  0080     E  	mov _builtin_holtek_udivmodsi4_2[4],a  
 196  0083  0F00        	mov a,0  
 196  0084  0080     E  	mov _builtin_holtek_udivmodsi4_2[5],a
 196  0085  1F00     E  	clr _builtin_holtek_udivmodsi4_2[6]
 196  0086  1F00     E  	clr _builtin_holtek_udivmodsi4_2[7]
 196  0087  2000     E  	call _builtin_holtek_udivmodsi4
 196  0088  0700     E  	mov a,_builtin_holtek_udivmodsi4_2[0]  
 196  0089  0080     R  	mov _Count_C2[0],a  
 196  008A  0700     E  	mov a,_builtin_holtek_udivmodsi4_2[1]  
 196  008B  0080     R  	mov _Count_C2[1],a
 196  008C  0700     E  	mov a,_builtin_holtek_udivmodsi4_2[2]  
 196  008D  0080     R  	mov _Count_C2[2],a  
 196  008E  0700     E  	mov a,_builtin_holtek_udivmodsi4_2[3]  
 196  008F  0080     R  	mov _Count_C2[3],a
 200  0090              #line 200 "E:\hamed\touch2\touch-2ch-2key\2ch-2key\2ch-2key.h"
 200  0090              ;# 200 "E:\hamed\touch2\touch-2ch-2key\2ch-2key\2ch-2key.h" 1
 200  0090  0001        	clr wdt
 200  0091  0003        	ret
 200  0092              _CalibrTuoch endp
 200  0092              #line 200 "E:\hamed\touch2\touch-2ch-2key\2ch-2key\2ch-2key.h"
 200  0092              #pragma debug scope 1 1
 200  0092              public _Key_Select
 200  0092              #pragma debug scope 8 1
 205  0092              #line 205 "E:\hamed\touch2\touch-2ch-2key\2ch-2key\2ch-2key.h"
 205  0000              _Key_Select .section 'code'
 205  0000              _Key_Select proc
 205  0000  00              local _Key_Select_2 db 1 dup(?)	; 0,1
 205  0000  0080     E  	mov ra,a
 205  0001  0080     R  	mov _Key_Select_2[0],a
 205  0002              #pragma debug variable 7 8 _Key_Select_2+0 "sel"
 207  0002              #line 207 "E:\hamed\touch2\touch-2ch-2key\2ch-2key\2ch-2key.h"
 207  0002  1080     E  	sz ra
 207  0003  2800     R  	jmp _L39
 208  0004              #line 208 "E:\hamed\touch2\touch-2ch-2key\2ch-2key\2ch-2key.h"
 208  0004  32CD        	set [77].5
 208  0005  324D        	set [77].4
 208  0006  32C4        	set [68].5
 208  0007  37CC        	clr [76].7
 208  0008  374C        	clr [76].6
"File: 2ch-2key.h    Assembler  Version HGASM0202      Page 13

 208  0009              _L40:
 210  0009              #line 210 "E:\hamed\touch2\touch-2ch-2key\2ch-2key\2ch-2key.h"
 210  0009  3F44        	sz [68].6
 210  000A  2800     R  	jmp _L51
 210  000B              ;# 210 "E:\hamed\touch2\touch-2ch-2key\2ch-2key\2ch-2key.h" 1
 210  000B  0000        	nop
 210  000C  2800     R  	jmp _L40
 210  000D              _L51:
 211  000D              #line 211 "E:\hamed\touch2\touch-2ch-2key\2ch-2key\2ch-2key.h"
 211  000D  0749        	mov a,[73]
 211  000E  0080     E  	mov rc,a
 211  000F  1F00     E  	clr rb
 211  0010  0700     E  	mov a,rc
 211  0011  0080     R  	mov _Count_S1[1],a
 211  0012  0748        	mov a,[72]
 211  0013  0500     E  	or a,rb
 211  0014  0080     R  	mov _Count_S1[0],a
 212  0015              #line 212 "E:\hamed\touch2\touch-2ch-2key\2ch-2key\2ch-2key.h"
 212  0015  1480     R  	inc _CalibrCount1[0]
 213  0016              #line 213 "E:\hamed\touch2\touch-2ch-2key\2ch-2key\2ch-2key.h"
 213  0016  0F64        	mov a,100
 213  0017  0200     R  	sub a,_CalibrCount1[0]
 213  0018  3C0A        	sz c
 213  0019  2800     R  	jmp _L49
 215  001A              #line 215 "E:\hamed\touch2\touch-2ch-2key\2ch-2key\2ch-2key.h"
 215  001A  1F00     R  	clr _CalibrCount1[0]
 216  001B              #line 216 "E:\hamed\touch2\touch-2ch-2key\2ch-2key\2ch-2key.h"
 216  001B  0700     R  	mov a,_Count_S1[0]
 216  001C  0380     R  	addm a,_Count_C1_Backup[0]
 216  001D  0700     R  	mov a,_Count_S1[1]
 216  001E  1380     R  	adcm a,_Count_C1_Backup[1]
 216  001F  1F05        	clr acc
 216  0020  1380     R  	adcm a,_Count_C1_Backup[2]
 216  0021  1380     R  	adcm a,_Count_C1_Backup[3]
 217  0022              #line 217 "E:\hamed\touch2\touch-2ch-2key\2ch-2key\2ch-2key.h"
 217  0022  1480     R  	inc _CalibrSample1[0]
 218  0023              #line 218 "E:\hamed\touch2\touch-2ch-2key\2ch-2key\2ch-2key.h"
 218  0023  0F13        	mov a,19
 218  0024  0200     R  	sub a,_CalibrSample1[0]
 218  0025  3C0A        	sz c
 218  0026  2800     R  	jmp _L49
 220  0027              #line 220 "E:\hamed\touch2\touch-2ch-2key\2ch-2key\2ch-2key.h"
 220  0027  1F00     R  	clr _CalibrSample1[0]
 221  0028              #line 221 "E:\hamed\touch2\touch-2ch-2key\2ch-2key\2ch-2key.h"
 221  0028  1F00     E  	clr _builtin_holtek_udivmodsi4_2[12]
 221  0029  0700     R  	mov a,_Count_C1_Backup[0]  
 221  002A  0080     E  	mov _builtin_holtek_udivmodsi4_2[0],a  
 221  002B  0700     R  	mov a,_Count_C1_Backup[1]  
 221  002C  0080     E  	mov _builtin_holtek_udivmodsi4_2[1],a
 221  002D  0700     R  	mov a,_Count_C1_Backup[2]  
 221  002E  0080     E  	mov _builtin_holtek_udivmodsi4_2[2],a  
 221  002F  0700     R  	mov a,_Count_C1_Backup[3]  
 221  0030  0080     E  	mov _builtin_holtek_udivmodsi4_2[3],a
 221  0031  0F14        	mov a,20  
 221  0032  0080     E  	mov _builtin_holtek_udivmodsi4_2[4],a  
 221  0033  0F00        	mov a,0  
 221  0034  0080     E  	mov _builtin_holtek_udivmodsi4_2[5],a
 221  0035  1F00     E  	clr _builtin_holtek_udivmodsi4_2[6]
 221  0036  1F00     E  	clr _builtin_holtek_udivmodsi4_2[7]
 221  0037  2000     E  	call _builtin_holtek_udivmodsi4
"File: 2ch-2key.h    Assembler  Version HGASM0202      Page 14

 221  0038  0700     E  	mov a,_builtin_holtek_udivmodsi4_2[0]  
 221  0039  0080     R  	mov _Count_C1[0],a  
 221  003A  0700     E  	mov a,_builtin_holtek_udivmodsi4_2[1]  
 221  003B  0080     R  	mov _Count_C1[1],a
 221  003C  0700     E  	mov a,_builtin_holtek_udivmodsi4_2[2]  
 221  003D  0080     R  	mov _Count_C1[2],a  
 221  003E  0700     E  	mov a,_builtin_holtek_udivmodsi4_2[3]  
 221  003F  0080     R  	mov _Count_C1[3],a
 222  0040              #line 222 "E:\hamed\touch2\touch-2ch-2key\2ch-2key\2ch-2key.h"
 222  0040  1F00     R  	clr _Count_C1_Backup[0]
 222  0041  1F00     R  	clr _Count_C1_Backup[1]
 222  0042  1F00     R  	clr _Count_C1_Backup[2]
 222  0043  1F00     R  	clr _Count_C1_Backup[3]
 222  0044  2800     R  	jmp _L49
 222  0045              _L39:
 230  0045              #line 230 "E:\hamed\touch2\touch-2ch-2key\2ch-2key\2ch-2key.h"
 230  0045  1700     R  	sdza _Key_Select_2[0]
 230  0046  2800     R  	jmp _L38
 231  0047              #line 231 "E:\hamed\touch2\touch-2ch-2key\2ch-2key\2ch-2key.h"
 231  0047  32CD        	set [77].5
 231  0048  324D        	set [77].4
 231  0049  32C4        	set [68].5
 231  004A  37CC        	clr [76].7
 231  004B  334C        	set [76].6
 231  004C              _L46:
 233  004C              #line 233 "E:\hamed\touch2\touch-2ch-2key\2ch-2key\2ch-2key.h"
 233  004C  3F44        	sz [68].6
 233  004D  2800     R  	jmp _L52
 233  004E              ;# 233 "E:\hamed\touch2\touch-2ch-2key\2ch-2key\2ch-2key.h" 1
 233  004E  0000        	nop
 233  004F  2800     R  	jmp _L46
 233  0050              _L52:
 234  0050              #line 234 "E:\hamed\touch2\touch-2ch-2key\2ch-2key\2ch-2key.h"
 234  0050  0749        	mov a,[73]
 234  0051  0080     E  	mov rc,a
 234  0052  1F00     E  	clr rb
 234  0053  0700     E  	mov a,rc
 234  0054  0080     R  	mov _Count_S2[1],a
 234  0055  0748        	mov a,[72]
 234  0056  0500     E  	or a,rb
 234  0057  0080     R  	mov _Count_S2[0],a
 235  0058              #line 235 "E:\hamed\touch2\touch-2ch-2key\2ch-2key\2ch-2key.h"
 235  0058  1480     R  	inc _CalibrCount2[0]
 236  0059              #line 236 "E:\hamed\touch2\touch-2ch-2key\2ch-2key\2ch-2key.h"
 236  0059  0F64        	mov a,100
 236  005A  0200     R  	sub a,_CalibrCount2[0]
 236  005B  3C0A        	sz c
 236  005C  2800     R  	jmp _L49
 238  005D              #line 238 "E:\hamed\touch2\touch-2ch-2key\2ch-2key\2ch-2key.h"
 238  005D  1F00     R  	clr _CalibrCount2[0]
 239  005E              #line 239 "E:\hamed\touch2\touch-2ch-2key\2ch-2key\2ch-2key.h"
 239  005E  0700     R  	mov a,_Count_S2[0]
 239  005F  0380     R  	addm a,_Count_C2_Backup[0]
 239  0060  0700     R  	mov a,_Count_S2[1]
 239  0061  1380     R  	adcm a,_Count_C2_Backup[1]
 239  0062  1F05        	clr acc
 239  0063  1380     R  	adcm a,_Count_C2_Backup[2]
 239  0064  1380     R  	adcm a,_Count_C2_Backup[3]
 240  0065              #line 240 "E:\hamed\touch2\touch-2ch-2key\2ch-2key\2ch-2key.h"
 240  0065  1480     R  	inc _CalibrSample2[0]
"File: 2ch-2key.h    Assembler  Version HGASM0202      Page 15

 241  0066              #line 241 "E:\hamed\touch2\touch-2ch-2key\2ch-2key\2ch-2key.h"
 241  0066  0F13        	mov a,19
 241  0067  0200     R  	sub a,_CalibrSample2[0]
 241  0068  3C0A        	sz c
 241  0069  2800     R  	jmp _L49
 243  006A              #line 243 "E:\hamed\touch2\touch-2ch-2key\2ch-2key\2ch-2key.h"
 243  006A  1F00     R  	clr _CalibrSample2[0]
 244  006B              #line 244 "E:\hamed\touch2\touch-2ch-2key\2ch-2key\2ch-2key.h"
 244  006B  1F00     E  	clr _builtin_holtek_udivmodsi4_2[12]
 244  006C  0700     R  	mov a,_Count_C2_Backup[0]  
 244  006D  0080     E  	mov _builtin_holtek_udivmodsi4_2[0],a  
 244  006E  0700     R  	mov a,_Count_C2_Backup[1]  
 244  006F  0080     E  	mov _builtin_holtek_udivmodsi4_2[1],a
 244  0070  0700     R  	mov a,_Count_C2_Backup[2]  
 244  0071  0080     E  	mov _builtin_holtek_udivmodsi4_2[2],a  
 244  0072  0700     R  	mov a,_Count_C2_Backup[3]  
 244  0073  0080     E  	mov _builtin_holtek_udivmodsi4_2[3],a
 244  0074  0F14        	mov a,20  
 244  0075  0080     E  	mov _builtin_holtek_udivmodsi4_2[4],a  
 244  0076  0F00        	mov a,0  
 244  0077  0080     E  	mov _builtin_holtek_udivmodsi4_2[5],a
 244  0078  1F00     E  	clr _builtin_holtek_udivmodsi4_2[6]
 244  0079  1F00     E  	clr _builtin_holtek_udivmodsi4_2[7]
 244  007A  2000     E  	call _builtin_holtek_udivmodsi4
 244  007B  0700     E  	mov a,_builtin_holtek_udivmodsi4_2[0]  
 244  007C  0080     R  	mov _Count_C2[0],a  
 244  007D  0700     E  	mov a,_builtin_holtek_udivmodsi4_2[1]  
 244  007E  0080     R  	mov _Count_C2[1],a
 244  007F  0700     E  	mov a,_builtin_holtek_udivmodsi4_2[2]  
 244  0080  0080     R  	mov _Count_C2[2],a  
 244  0081  0700     E  	mov a,_builtin_holtek_udivmodsi4_2[3]  
 244  0082  0080     R  	mov _Count_C2[3],a
 245  0083              #line 245 "E:\hamed\touch2\touch-2ch-2key\2ch-2key\2ch-2key.h"
 245  0083  1F00     R  	clr _Count_C2_Backup[0]
 245  0084  1F00     R  	clr _Count_C2_Backup[1]
 245  0085  1F00     R  	clr _Count_C2_Backup[2]
 245  0086  1F00     R  	clr _Count_C2_Backup[3]
 245  0087              _L49:
 249  0087              #line 249 "E:\hamed\touch2\touch-2ch-2key\2ch-2key\2ch-2key.h"
 249  0087  3744        	clr [68].6
 250  0088              #line 250 "E:\hamed\touch2\touch-2ch-2key\2ch-2key\2ch-2key.h"
 250  0088  36C4        	clr [68].5
 250  0089              _L38:
 250  0089  0003        	ret
 250  008A              _Key_Select endp
 250  008A              #line 250 "E:\hamed\touch2\touch-2ch-2key\2ch-2key\2ch-2key.h"
 250  008A              #pragma debug scope 1 1
 250  008A              public _TOUCH_ISR
 250  008A              #pragma debug scope 9 1
 257  008A              #line 257 "E:\hamed\touch2\touch-2ch-2key\2ch-2key\2ch-2key.h"
 257  0000              @TOUCH_ISR_code .section at 40 'code'
 257  0000              _TOUCH_ISR:
 257  0000  0004        	reti
 257  0001              #line 257 "E:\hamed\touch2\touch-2ch-2key\2ch-2key\2ch-2key.h"
 257  0001              #pragma debug scope 1 1
 257  0001              ___pa equ [20]
 257  0001              public _int0
 257  0001              #pragma debug scope 10 1
 263  0001              #line 263 "E:\hamed\touch2\touch-2ch-2key\2ch-2key\2ch-2key.h"
 263  0000              @int0_code .section at 4 'code'
"File: 2ch-2key.h    Assembler  Version HGASM0202      Page 16

 263  0000  0080     E  	mov r1,a
 263  0001  070A        	mov a,status
 263  0002  0080     E  	mov r2,a
 263  0003  2800     R  	jmp _int0
 263  0004              #pragma debug scope 1 1
 263  0004              @dummy4 endp
 263  0004              #pragma debug scope 11 1
 263  0000              _int0 .section 'code'
 263  0000              _int0 proc
 264  0000              #line 264 "E:\hamed\touch2\touch-2ch-2key\2ch-2key\2ch-2key.h"
 264  0000  0700     R  	mov a,_counter1[0]
 264  0001  0080     R  	mov _ncount[0],a
 264  0002  0700     R  	mov a,_counter1[1]
 264  0003  0080     R  	mov _ncount[1],a
 266  0004              #line 266 "E:\hamed\touch2\touch-2ch-2key\2ch-2key\2ch-2key.h"
 266  0004  1F00     R  	clr _counter1[0]
 266  0005  1F00     R  	clr _counter1[1]
 267  0006              #line 267 "E:\hamed\touch2\touch-2ch-2key\2ch-2key\2ch-2key.h"
 267  0006  1F00     R  	clr _counter12[0]
 267  0007  1F00     R  	clr _counter12[1]
 269  0008              #line 269 "E:\hamed\touch2\touch-2ch-2key\2ch-2key\2ch-2key.h"
 269  0008  3800     R  	snz _q1
 269  0009  2800     R  	jmp _L55
 271  000A              #line 271 "E:\hamed\touch2\touch-2ch-2key\2ch-2key\2ch-2key.h"
 271  000A  0FFE        	mov a,254
 271  000B  0380     R  	addm a,_counter3[0]
 271  000C  0FFF        	mov a,255
 271  000D  1380     R  	adcm a,_counter3[1]
 273  000E              #line 273 "E:\hamed\touch2\touch-2ch-2key\2ch-2key\2ch-2key.h"
 273  000E  3800     R  	snz _counter3[1].7
 273  000F  2800     R  	jmp _L56
 274  0010              #line 274 "E:\hamed\touch2\touch-2ch-2key\2ch-2key\2ch-2key.h"
 274  0010  1F80     R  	set _counter3[0]
 274  0011  1F80     R  	set _counter3[1]
 275  0012              #line 275 "E:\hamed\touch2\touch-2ch-2key\2ch-2key\2ch-2key.h"
 275  0012  3214        	set [20].4
 275  0013  2800     R  	jmp _L55
 275  0014              _L56:
 278  0014              #line 278 "E:\hamed\touch2\touch-2ch-2key\2ch-2key\2ch-2key.h"
 278  0014  3614        	clr [20].4
 278  0015              _L55:
 282  0015              #line 282 "E:\hamed\touch2\touch-2ch-2key\2ch-2key\2ch-2key.h"
 282  0015  3800     R  	snz _q2
 282  0016  2800     R  	jmp _L57
 284  0017              #line 284 "E:\hamed\touch2\touch-2ch-2key\2ch-2key\2ch-2key.h"
 284  0017  0FFE        	mov a,254
 284  0018  0380     R  	addm a,_counter32[0]
 284  0019  0FFF        	mov a,255
 284  001A  1380     R  	adcm a,_counter32[1]
 286  001B              #line 286 "E:\hamed\touch2\touch-2ch-2key\2ch-2key\2ch-2key.h"
 286  001B  3800     R  	snz _counter32[1].7
 286  001C  2800     R  	jmp _L58
 287  001D              #line 287 "E:\hamed\touch2\touch-2ch-2key\2ch-2key\2ch-2key.h"
 287  001D  1F80     R  	set _counter32[0]
 287  001E  1F80     R  	set _counter32[1]
 288  001F              #line 288 "E:\hamed\touch2\touch-2ch-2key\2ch-2key\2ch-2key.h"
 288  001F  3194        	set [20].3
 288  0020  2800     R  	jmp _L57
 288  0021              _L58:
 291  0021              #line 291 "E:\hamed\touch2\touch-2ch-2key\2ch-2key\2ch-2key.h"
"File: 2ch-2key.h    Assembler  Version HGASM0202      Page 17

 291  0021  3594        	clr [20].3
 291  0022              _L57:
 299  0022              #line 299 "E:\hamed\touch2\touch-2ch-2key\2ch-2key\2ch-2key.h"
 299  0022  3C00     R  	sz _q1
 299  0023  2800     R  	jmp _L59
 300  0024              #line 300 "E:\hamed\touch2\touch-2ch-2key\2ch-2key\2ch-2key.h"
 300  0024  3614        	clr [20].4
 301  0025              #line 301 "E:\hamed\touch2\touch-2ch-2key\2ch-2key\2ch-2key.h"
 301  0025  0FA0        	mov a,160
 301  0026  0200     R  	sub a,_counter2[0]
 301  0027  0F00        	mov a,0
 301  0028  1200     R  	sbc a,_counter2[1]
 301  0029  1185        	swap acc
 301  002A  040A        	xor a,status
 301  002B  3D85        	sz acc.3
 301  002C  2800     R  	jmp _L60
 302  002D              #line 302 "E:\hamed\touch2\touch-2ch-2key\2ch-2key\2ch-2key.h"
 302  002D  0F04        	mov a,4
 302  002E  0380     R  	addm a,_counter2[0]
 302  002F  0F00        	mov a,0
 302  0030  1380     R  	adcm a,_counter2[1]
 302  0031              _L60:
 304  0031              #line 304 "E:\hamed\touch2\touch-2ch-2key\2ch-2key\2ch-2key.h"
 304  0031  0700     R  	mov a,_counter2[0]
 304  0032  0080     E  	mov rb,a
 304  0033  0700     R  	mov a,_counter2[1]
 304  0034  0080     E  	mov rc,a
 304  0035              _L59:
 309  0035              #line 309 "E:\hamed\touch2\touch-2ch-2key\2ch-2key\2ch-2key.h"
 309  0035  3C00     R  	sz _q2
 309  0036  2800     R  	jmp _L54
 310  0037              #line 310 "E:\hamed\touch2\touch-2ch-2key\2ch-2key\2ch-2key.h"
 310  0037  3594        	clr [20].3
 311  0038              #line 311 "E:\hamed\touch2\touch-2ch-2key\2ch-2key\2ch-2key.h"
 311  0038  0FA0        	mov a,160
 311  0039  0200     R  	sub a,_counter22[0]
 311  003A  0F00        	mov a,0
 311  003B  1200     R  	sbc a,_counter22[1]
 311  003C  1185        	swap acc
 311  003D  040A        	xor a,status
 311  003E  3D85        	sz acc.3
 311  003F  2800     R  	jmp _L62
 312  0040              #line 312 "E:\hamed\touch2\touch-2ch-2key\2ch-2key\2ch-2key.h"
 312  0040  0F04        	mov a,4
 312  0041  0380     R  	addm a,_counter22[0]
 312  0042  0F00        	mov a,0
 312  0043  1380     R  	adcm a,_counter22[1]
 312  0044              _L62:
 314  0044              #line 314 "E:\hamed\touch2\touch-2ch-2key\2ch-2key\2ch-2key.h"
 314  0044  0700     R  	mov a,_counter22[0]
 314  0045  0080     E  	mov rb,a
 314  0046  0700     R  	mov a,_counter22[1]
 314  0047  0080     E  	mov rc,a
 314  0048              _L54:
 314  0048  0700     E  	mov a,r2
 314  0049  008A        	mov status,a
 314  004A  0700     E  	mov a,r1
 314  004B  0004        	reti
 314  004C              _int0 endp
 314  004C              
"File: 2ch-2key.h    Assembler  Version HGASM0202      Page 18

 314  004C              #line 314 "E:\hamed\touch2\touch-2ch-2key\2ch-2key\2ch-2key.h"
 314  004C              #pragma debug scope 1 1
 314  004C              public _timer
 314  004C              #pragma debug scope 12 1
 325  004C              #line 325 "E:\hamed\touch2\touch-2ch-2key\2ch-2key\2ch-2key.h"
 325  0000              @timer_code .section at 12 'code'
 325  0000  0080     E  	mov r1,a
 325  0001  070A        	mov a,status
 325  0002  0080     E  	mov r2,a
 325  0003  2800     R  	jmp _timer
 325  0004              #pragma debug scope 1 1
 325  0004              @dummy12 endp
 325  0004              #pragma debug scope 13 1
 325  0000              _timer .section 'code'
 325  0000              _timer proc
 327  0000              #line 327 "E:\hamed\touch2\touch-2ch-2key\2ch-2key\2ch-2key.h"
 327  0000  1480     R  	inc _counter1[0]
 327  0001  3D0A        	sz z
 327  0002  1480     R  	inc _counter1[1]
 328  0003              #line 328 "E:\hamed\touch2\touch-2ch-2key\2ch-2key\2ch-2key.h"
 328  0003  1480     R  	inc _counter12[0]
 328  0004  3D0A        	sz z
 328  0005  1480     R  	inc _counter12[1]
 330  0006              #line 330 "E:\hamed\touch2\touch-2ch-2key\2ch-2key\2ch-2key.h"
 330  0006  3800     R  	snz _q1
 330  0007  2800     R  	jmp _L64
 332  0008              #line 332 "E:\hamed\touch2\touch-2ch-2key\2ch-2key\2ch-2key.h"
 332  0008  0700     R  	mov a,_counter1[0]
 332  0009  0200     R  	sub a,_counter3[0]
 332  000A  0700     R  	mov a,_counter1[1]
 332  000B  1200     R  	sbc a,_counter3[1]
 332  000C  1185        	swap acc
 332  000D  040A        	xor a,status
 332  000E  3D85        	sz acc.3
 332  000F  2800     R  	jmp _L65
 333  0010              #line 333 "E:\hamed\touch2\touch-2ch-2key\2ch-2key\2ch-2key.h"
 333  0010  3214        	set [20].4
 333  0011              _L65:
 335  0011              #line 335 "E:\hamed\touch2\touch-2ch-2key\2ch-2key\2ch-2key.h"
 335  0011  0700     R  	mov a,_counter3[0]
 335  0012  0080     R  	mov _counter2[0],a
 335  0013  0700     R  	mov a,_counter3[1]
 335  0014  0080     R  	mov _counter2[1],a
 335  0015              _L64:
 338  0015              #line 338 "E:\hamed\touch2\touch-2ch-2key\2ch-2key\2ch-2key.h"
 338  0015  3C00     R  	sz _q1
 338  0016  2800     R  	jmp _L66
 340  0017              #line 340 "E:\hamed\touch2\touch-2ch-2key\2ch-2key\2ch-2key.h"
 340  0017  0700     R  	mov a,_counter1[0]
 340  0018  0400     R  	xor a,_counter2[0]
 340  0019  0700     R  	mov a,_counter1[1]
 340  001A  3D0A        	sz z
 340  001B  0400     R  	xor a,_counter2[1]
 340  001C  390A        	snz z
 340  001D  2800     R  	jmp _L67
 341  001E              #line 341 "E:\hamed\touch2\touch-2ch-2key\2ch-2key\2ch-2key.h"
 341  001E  3214        	set [20].4
 341  001F              _L67:
 343  001F              #line 343 "E:\hamed\touch2\touch-2ch-2key\2ch-2key\2ch-2key.h"
 343  001F  0700     R  	mov a,_ncount[0]
"File: 2ch-2key.h    Assembler  Version HGASM0202      Page 19

 343  0020  0080     R  	mov _counter3[0],a
 343  0021  0700     R  	mov a,_ncount[1]
 343  0022  0080     R  	mov _counter3[1],a
 343  0023              _L66:
 347  0023              #line 347 "E:\hamed\touch2\touch-2ch-2key\2ch-2key\2ch-2key.h"
 347  0023  3800     R  	snz _q2
 347  0024  2800     R  	jmp _L68
 349  0025              #line 349 "E:\hamed\touch2\touch-2ch-2key\2ch-2key\2ch-2key.h"
 349  0025  0700     R  	mov a,_counter12[0]
 349  0026  0200     R  	sub a,_counter32[0]
 349  0027  0700     R  	mov a,_counter12[1]
 349  0028  1200     R  	sbc a,_counter32[1]
 349  0029  1185        	swap acc
 349  002A  040A        	xor a,status
 349  002B  3D85        	sz acc.3
 349  002C  2800     R  	jmp _L69
 350  002D              #line 350 "E:\hamed\touch2\touch-2ch-2key\2ch-2key\2ch-2key.h"
 350  002D  3194        	set [20].3
 350  002E              _L69:
 352  002E              #line 352 "E:\hamed\touch2\touch-2ch-2key\2ch-2key\2ch-2key.h"
 352  002E  0700     R  	mov a,_counter32[0]
 352  002F  0080     R  	mov _counter22[0],a
 352  0030  0700     R  	mov a,_counter32[1]
 352  0031  0080     R  	mov _counter22[1],a
 352  0032              _L68:
 355  0032              #line 355 "E:\hamed\touch2\touch-2ch-2key\2ch-2key\2ch-2key.h"
 355  0032  3C00     R  	sz _q2
 355  0033  2800     R  	jmp _L63
 357  0034              #line 357 "E:\hamed\touch2\touch-2ch-2key\2ch-2key\2ch-2key.h"
 357  0034  0700     R  	mov a,_counter12[0]
 357  0035  0400     R  	xor a,_counter22[0]
 357  0036  0700     R  	mov a,_counter12[1]
 357  0037  3D0A        	sz z
 357  0038  0400     R  	xor a,_counter22[1]
 357  0039  390A        	snz z
 357  003A  2800     R  	jmp _L71
 358  003B              #line 358 "E:\hamed\touch2\touch-2ch-2key\2ch-2key\2ch-2key.h"
 358  003B  3194        	set [20].3
 358  003C              _L71:
 360  003C              #line 360 "E:\hamed\touch2\touch-2ch-2key\2ch-2key\2ch-2key.h"
 360  003C  0700     R  	mov a,_ncount[0]
 360  003D  0080     R  	mov _counter32[0],a
 360  003E  0700     R  	mov a,_ncount[1]
 360  003F  0080     R  	mov _counter32[1],a
 360  0040              _L63:
 360  0040  0700     E  	mov a,r2
 360  0041  008A        	mov status,a
 360  0042  0700     E  	mov a,r1
 360  0043  0004        	reti
 360  0044              _timer endp
 360  0044              
 360  0044              #line 360 "E:\hamed\touch2\touch-2ch-2key\2ch-2key\2ch-2key.h"
 360  0044              #pragma debug scope 1 1
 360  0044              ___integ equ [13]
 360  0044              ___tmrc equ [29]
 360  0044              ___smod equ [11]
 360  0044              ___pac equ [21]
 360  0044              public _main
 360  0044              #pragma debug scope 14 1

"File: 2ch-2key.c    Assembler  Version HGASM0202      Page 20

  31  0044              #line 31 "E:\hamed\touch2\touch-2ch-2key\2ch-2key\2ch-2key.c"
  31  0044              IFDEF WITH_DEFAULT_STARTUP
  31  0044              extern _main_initial0:near
  31  0044              extern _main_startup:near
  31  0044              ENDIF
  31  0044              
  31  0044              ROMBANK 0 @start
  31  0000              @start .section com_l 'code'
  31  0000              _main_startup1:
  31  0000              @start .section com_e 'code'
  31  0000  2800     R  	jmp _main
  31  0001              
  31  0000              _main .section 'code'
  31  0000              _main proc
  38  0000              #line 38 "E:\hamed\touch2\touch-2ch-2key\2ch-2key\2ch-2key.c"
  38  0000  308D        	set [13].1
  39  0001              #line 39 "E:\hamed\touch2\touch-2ch-2key\2ch-2key\2ch-2key.c"
  39  0001  300D        	set [13].0
  40  0002              #line 40 "E:\hamed\touch2\touch-2ch-2key\2ch-2key\2ch-2key.c"
  40  0002  308E        	set [14].1
  47  0003              #line 47 "E:\hamed\touch2\touch-2ch-2key\2ch-2key\2ch-2key.c"
  47  0003  369D        	clr [29].5
  48  0004              #line 48 "E:\hamed\touch2\touch-2ch-2key\2ch-2key\2ch-2key.c"
  48  0004  321D        	set [29].4
  50  0005              #line 50 "E:\hamed\touch2\touch-2ch-2key\2ch-2key\2ch-2key.c"
  50  0005  301D        	set [29].0
  51  0006              #line 51 "E:\hamed\touch2\touch-2ch-2key\2ch-2key\2ch-2key.c"
  51  0006  349D        	clr [29].1
  52  0007              #line 52 "E:\hamed\touch2\touch-2ch-2key\2ch-2key\2ch-2key.c"
  52  0007  351D        	clr [29].2
  55  0008              #line 55 "E:\hamed\touch2\touch-2ch-2key\2ch-2key\2ch-2key.c"
  55  0008  300E        	set [14].0
  56  0009              #line 56 "E:\hamed\touch2\touch-2ch-2key\2ch-2key\2ch-2key.c"
  56  0009  300B        	set [11].0
  58  000A              #line 58 "E:\hamed\touch2\touch-2ch-2key\2ch-2key\2ch-2key.c"
  58  000A  330E        	set [14].6
  59  000B              #line 59 "E:\hamed\touch2\touch-2ch-2key\2ch-2key\2ch-2key.c"
  59  000B  318E        	set [14].3
  63  000C              #line 63 "E:\hamed\touch2\touch-2ch-2key\2ch-2key\2ch-2key.c"
  63  000C  3615        	clr [21].4
  63  000D  3595        	clr [21].3
  63  000E  3515        	clr [21].2
  64  000F              #line 64 "E:\hamed\touch2\touch-2ch-2key\2ch-2key\2ch-2key.c"
  64  000F  0F01        	mov a,1
  64  0010  0080     R  	mov _delay_ms_2[0],a
  64  0011  1F00     R  	clr _delay_ms_2[1]
  64  0012  1F00     R  	clr _delay_ms_2[2]
  64  0013  1F00     R  	clr _delay_ms_2[3]
  64  0014  2000     R  	call _delay_ms
  65  0015              #line 65 "E:\hamed\touch2\touch-2ch-2key\2ch-2key\2ch-2key.c"
  65  0015  2000     R  	call _TuochKeyInit
  66  0016              #line 66 "E:\hamed\touch2\touch-2ch-2key\2ch-2key\2ch-2key.c"
  66  0016  0F01        	mov a,1
  66  0017  0080     R  	mov _delay_ms_2[0],a
  66  0018  1F00     R  	clr _delay_ms_2[1]
  66  0019  1F00     R  	clr _delay_ms_2[2]
  66  001A  1F00     R  	clr _delay_ms_2[3]
  66  001B  2000     R  	call _delay_ms
  67  001C              #line 67 "E:\hamed\touch2\touch-2ch-2key\2ch-2key\2ch-2key.c"
  67  001C  2000     R  	call _CalibrTuoch
"File: 2ch-2key.c    Assembler  Version HGASM0202      Page 21

  67  001D              _L74:
  71  001D              #line 71 "E:\hamed\touch2\touch-2ch-2key\2ch-2key\2ch-2key.c"
  71  001D              ;# 71 "E:\hamed\touch2\touch-2ch-2key\2ch-2key\2ch-2key.c" 1
  71  001D  0001        	clr wdt
  72  001E              #line 72 "E:\hamed\touch2\touch-2ch-2key\2ch-2key\2ch-2key.c"
  72  001E  0700     R  	mov a,_i[0]
  72  001F  0080     E  	mov ra,a
  72  0020  0700     E  	mov a,ra
  72  0021  2000     R  	call _Key_Select
  73  0022              #line 73 "E:\hamed\touch2\touch-2ch-2key\2ch-2key\2ch-2key.c"
  73  0022  1480     R  	inc _i[0]
  73  0023  0F01        	mov a,1
  73  0024  0200     R  	sub a,_i[0]
  73  0025  3C0A        	sz c
  73  0026  2800     R  	jmp _L73
  73  0027  1F00     R  	clr _i[0]
  73  0028              _L73:
  74  0028              #line 74 "E:\hamed\touch2\touch-2ch-2key\2ch-2key\2ch-2key.c"
  74  0028  2000     R  	call _Key_Touch
  75  0029              #line 75 "E:\hamed\touch2\touch-2ch-2key\2ch-2key\2ch-2key.c"
  75  0029  2800     R  	jmp _L74
  75  002A  2800     R  	jmp $
  75  002B              _main endp
  75  002B              
  75  002B              @dummy endp
  75  002B              
  75  002B              #line 75 "E:\hamed\touch2\touch-2ch-2key\2ch-2key\2ch-2key.c"
  75  002B              #pragma debug scope 1 1
  75  002B              public _q2
  75  0000              @HCCINIT	.section 'data'

  16  0000              #line 16 "E:\hamed\touch2\touch-2ch-2key\2ch-2key\2ch-2key.h"
  16  0000              @BITDATASEC .section 'data'
  16  0000  00          _q2	dbit 0
  16  0001              #pragma debug variable 2 1 _q2 "q2"
  16  0001              public _q1
  16  0001              #line 16 "E:\hamed\touch2\touch-2ch-2key\2ch-2key\2ch-2key.h"
  16  0001              @BITDATASEC .section 'data'
  16  0000              _q1	dbit 0
  16  0001              #pragma debug variable 2 1 _q1 "q1"
  16  0001              public _counter32
  15  0001              #line 15 "E:\hamed\touch2\touch-2ch-2key\2ch-2key\2ch-2key.h"
  15  0000              @HCCINIT .section 'data'
  15  0000              _counter32 label byte
  15  0000              #pragma debug variable 11 1 _counter32 "counter32"
  15  0000              	db 0
  15  0000              @ROMDATA_BASE .section inpage 'code'
  15  0000              	db 0
  15  0001              @HCCINIT .section 'data'
  15  0001              	db 0
  15  0001              @ROMDATA_BASE .section inpage 'code'
  15  0001              	db 0
  15  0002              @HCCINIT .section 'data'
  15  0002              public _counter3
  15  0002              #line 15 "E:\hamed\touch2\touch-2ch-2key\2ch-2key\2ch-2key.h"
  15  0002              @HCCINIT .section 'data'
  15  0002              _counter3 label byte
  15  0002              #pragma debug variable 11 1 _counter3 "counter3"
  15  0002              	db 0
  15  0001              @ROMDATA_BASE .section inpage 'code'
"File: 2ch-2key.h    Assembler  Version HGASM0202      Page 22

  15  0001              	db 0
  15  0003              @HCCINIT .section 'data'
  15  0003              	db 0
  15  0002              @ROMDATA_BASE .section inpage 'code'
  15  0002              	db 0
  15  0004              @HCCINIT .section 'data'
  15  0004              public _counter22
  14  0004              #line 14 "E:\hamed\touch2\touch-2ch-2key\2ch-2key\2ch-2key.h"
  14  0004              @HCCINIT .section 'data'
  14  0004              _counter22 label byte
  14  0004              #pragma debug variable 11 1 _counter22 "counter22"
  14  0004              	db 0
  14  0002              @ROMDATA_BASE .section inpage 'code'
  14  0002              	db 0
  14  0005              @HCCINIT .section 'data'
  14  0005              	db 0
  14  0003              @ROMDATA_BASE .section inpage 'code'
  14  0003              	db 0
  14  0006              @HCCINIT .section 'data'
  14  0006              public _counter2
  14  0006              #line 14 "E:\hamed\touch2\touch-2ch-2key\2ch-2key\2ch-2key.h"
  14  0006              @HCCINIT .section 'data'
  14  0006              _counter2 label byte
  14  0006              #pragma debug variable 11 1 _counter2 "counter2"
  14  0006              	db 0
  14  0003              @ROMDATA_BASE .section inpage 'code'
  14  0003              	db 0
  14  0007              @HCCINIT .section 'data'
  14  0007              	db 0
  14  0004              @ROMDATA_BASE .section inpage 'code'
  14  0004              	db 0
  14  0008              @HCCINIT .section 'data'
  14  0008              public _counter12
  13  0008              #line 13 "E:\hamed\touch2\touch-2ch-2key\2ch-2key\2ch-2key.h"
  13  0008              @HCCINIT .section 'data'
  13  0008              _counter12 label byte
  13  0008              #pragma debug variable 11 1 _counter12 "counter12"
  13  0008              	db 0
  13  0004              @ROMDATA_BASE .section inpage 'code'
  13  0004              	db 0
  13  0009              @HCCINIT .section 'data'
  13  0009              	db 0
  13  0005              @ROMDATA_BASE .section inpage 'code'
  13  0005              	db 0
  13  000A              @HCCINIT .section 'data'
  13  000A              public _counter1
  13  000A              #line 13 "E:\hamed\touch2\touch-2ch-2key\2ch-2key\2ch-2key.h"
  13  000A              @HCCINIT .section 'data'
  13  000A              _counter1 label byte
  13  000A              #pragma debug variable 11 1 _counter1 "counter1"
  13  000A              	db 0
  13  0005              @ROMDATA_BASE .section inpage 'code'
  13  0005              	db 0
  13  000B              @HCCINIT .section 'data'
  13  000B              	db 0
  13  0006              @ROMDATA_BASE .section inpage 'code'
  13  0006              	db 0
  13  000C              @HCCINIT .section 'data'
  13  000C              public _ncount
  12  000C              #line 12 "E:\hamed\touch2\touch-2ch-2key\2ch-2key\2ch-2key.h"
"File: 2ch-2key.h    Assembler  Version HGASM0202      Page 23

  12  000C              @HCCINIT .section 'data'
  12  000C              _ncount label byte
  12  000C              #pragma debug variable 11 1 _ncount "ncount"
  12  000C              	db 0
  12  0006              @ROMDATA_BASE .section inpage 'code'
  12  0006              	db 0
  12  000D              @HCCINIT .section 'data'
  12  000D              	db 0
  12  0007              @ROMDATA_BASE .section inpage 'code'
  12  0007              	db 0
  12  000E              @HCCINIT .section 'data'
  12  000E              public _CalibrSample2
   9  000E              #line 9 "E:\hamed\touch2\touch-2ch-2key\2ch-2key\2ch-2key.h"
   9  000E              @HCCINIT .section 'data'
   9  000E              _CalibrSample2 label byte
   9  000E              #pragma debug variable 8 1 _CalibrSample2 "CalibrSample2"
   9  000E              	db 0
   9  0007              @ROMDATA_BASE .section inpage 'code'
   9  0007              	db 0
   9  000F              @HCCINIT .section 'data'
   9  000F              public _CalibrCount2
   9  000F              #line 9 "E:\hamed\touch2\touch-2ch-2key\2ch-2key\2ch-2key.h"
   9  000F              @HCCINIT .section 'data'
   9  000F              _CalibrCount2 label byte
   9  000F              #pragma debug variable 8 1 _CalibrCount2 "CalibrCount2"
   9  000F              	db 0
   9  0008              @ROMDATA_BASE .section inpage 'code'
   9  0008              	db 0
   9  0010              @HCCINIT .section 'data'
   9  0010              public _Count_T2
   8  0010              #line 8 "E:\hamed\touch2\touch-2ch-2key\2ch-2key\2ch-2key.h"
   8  0010              @HCCINIT .section 'data'
   8  0010              _Count_T2 label byte
   8  0010              #pragma debug variable 12 1 _Count_T2 "Count_T2"
   8  0010              	db 0
   8  0008              @ROMDATA_BASE .section inpage 'code'
   8  0008              	db 0
   8  0011              @HCCINIT .section 'data'
   8  0011              	db 0
   8  0009              @ROMDATA_BASE .section inpage 'code'
   8  0009              	db 0
   8  0012              @HCCINIT .section 'data'
   8  0012              public _Count_S2
   7  0012              #line 7 "E:\hamed\touch2\touch-2ch-2key\2ch-2key\2ch-2key.h"
   7  0012              @HCCINIT .section 'data'
   7  0012              _Count_S2 label byte
   7  0012              #pragma debug variable 12 1 _Count_S2 "Count_S2"
   7  0012              	db 0
   7  0009              @ROMDATA_BASE .section inpage 'code'
   7  0009              	db 0
   7  0013              @HCCINIT .section 'data'
   7  0013              	db 0
   7  000A              @ROMDATA_BASE .section inpage 'code'
   7  000A              	db 0
   7  0014              @HCCINIT .section 'data'
   7  0014              public _Count_C2_Backup
   6  0014              #line 6 "E:\hamed\touch2\touch-2ch-2key\2ch-2key\2ch-2key.h"
   6  0014              @HCCINIT .section 'data'
   6  0014              _Count_C2_Backup label byte
   6  0014              #pragma debug variable 14 1 _Count_C2_Backup "Count_C2_Backup"
"File: 2ch-2key.h    Assembler  Version HGASM0202      Page 24

   6  0014              	db 0
   6  000A              @ROMDATA_BASE .section inpage 'code'
   6  000A              	db 0
   6  0015              @HCCINIT .section 'data'
   6  0015              	db 0
   6  000B              @ROMDATA_BASE .section inpage 'code'
   6  000B              	db 0
   6  0016              @HCCINIT .section 'data'
   6  0016              	db 0
   6  000B              @ROMDATA_BASE .section inpage 'code'
   6  000B              	db 0
   6  0017              @HCCINIT .section 'data'
   6  0017              	db 0
   6  000C              @ROMDATA_BASE .section inpage 'code'
   6  000C              	db 0
   6  0018              @HCCINIT .section 'data'
   6  0018              public _Count_C2
   6  0018              #line 6 "E:\hamed\touch2\touch-2ch-2key\2ch-2key\2ch-2key.h"
   6  0018              @HCCINIT .section 'data'
   6  0018              _Count_C2 label byte
   6  0018              #pragma debug variable 14 1 _Count_C2 "Count_C2"
   6  0018              	db 0
   6  000C              @ROMDATA_BASE .section inpage 'code'
   6  000C              	db 0
   6  0019              @HCCINIT .section 'data'
   6  0019              	db 0
   6  000D              @ROMDATA_BASE .section inpage 'code'
   6  000D              	db 0
   6  001A              @HCCINIT .section 'data'
   6  001A              	db 0
   6  000D              @ROMDATA_BASE .section inpage 'code'
   6  000D              	db 0
   6  001B              @HCCINIT .section 'data'
   6  001B              	db 0
   6  000E              @ROMDATA_BASE .section inpage 'code'
   6  000E              	db 0
   6  001C              @HCCINIT .section 'data'
   6  001C              public _CalibrSample1
   4  001C              #line 4 "E:\hamed\touch2\touch-2ch-2key\2ch-2key\2ch-2key.h"
   4  001C              @HCCINIT .section 'data'
   4  001C              _CalibrSample1 label byte
   4  001C              #pragma debug variable 8 1 _CalibrSample1 "CalibrSample1"
   4  001C              	db 0
   4  000E              @ROMDATA_BASE .section inpage 'code'
   4  000E              	db 0
   4  001D              @HCCINIT .section 'data'
   4  001D              public _CalibrCount1
   4  001D              #line 4 "E:\hamed\touch2\touch-2ch-2key\2ch-2key\2ch-2key.h"
   4  001D              @HCCINIT .section 'data'
   4  001D              _CalibrCount1 label byte
   4  001D              #pragma debug variable 8 1 _CalibrCount1 "CalibrCount1"
   4  001D              	db 0
   4  000F              @ROMDATA_BASE .section inpage 'code'
   4  000F              	db 0
   4  001E              @HCCINIT .section 'data'
   4  001E              public _counter
   4  001E              #line 4 "E:\hamed\touch2\touch-2ch-2key\2ch-2key\2ch-2key.h"
   4  001E              @HCCINIT .section 'data'
   4  001E              _counter label byte
   4  001E              #pragma debug variable 8 1 _counter "counter"
"File: 2ch-2key.h    Assembler  Version HGASM0202      Page 25

   4  001E              	db 0
   4  000F              @ROMDATA_BASE .section inpage 'code'
   4  000F              	db 0
   4  001F              @HCCINIT .section 'data'
   4  001F              public _i
   4  001F              #line 4 "E:\hamed\touch2\touch-2ch-2key\2ch-2key\2ch-2key.h"
   4  001F              @HCCINIT .section 'data'
   4  001F              _i label byte
   4  001F              #pragma debug variable 8 1 _i "i"
   4  001F              	db 0
   4  0010              @ROMDATA_BASE .section inpage 'code'
   4  0010              	db 0
   4  0020              @HCCINIT .section 'data'
   4  0020              public _Count_T1
   3  0020              #line 3 "E:\hamed\touch2\touch-2ch-2key\2ch-2key\2ch-2key.h"
   3  0020              @HCCINIT .section 'data'
   3  0020              _Count_T1 label byte
   3  0020              #pragma debug variable 12 1 _Count_T1 "Count_T1"
   3  0020              	db 0
   3  0010              @ROMDATA_BASE .section inpage 'code'
   3  0010              	db 0
   3  0021              @HCCINIT .section 'data'
   3  0021              	db 0
   3  0011              @ROMDATA_BASE .section inpage 'code'
   3  0011              	db 0
   3  0022              @HCCINIT .section 'data'
   3  0022              public _Count_S1
   2  0022              #line 2 "E:\hamed\touch2\touch-2ch-2key\2ch-2key\2ch-2key.h"
   2  0022              @HCCINIT .section 'data'
   2  0022              _Count_S1 label byte
   2  0022              #pragma debug variable 12 1 _Count_S1 "Count_S1"
   2  0022              	db 0
   2  0011              @ROMDATA_BASE .section inpage 'code'
   2  0011              	db 0
   2  0023              @HCCINIT .section 'data'
   2  0023              	db 0
   2  0012              @ROMDATA_BASE .section inpage 'code'
   2  0012              	db 0
   2  0024              @HCCINIT .section 'data'
   2  0024              public _Count_C1_Backup
   1  0024              #line 1 "E:\hamed\touch2\touch-2ch-2key\2ch-2key\2ch-2key.h"
   1  0024              @HCCINIT .section 'data'
   1  0024              _Count_C1_Backup label byte
   1  0024              #pragma debug variable 14 1 _Count_C1_Backup "Count_C1_Backup"
   1  0024              	db 0
   1  0012              @ROMDATA_BASE .section inpage 'code'
   1  0012              	db 0
   1  0025              @HCCINIT .section 'data'
   1  0025              	db 0
   1  0013              @ROMDATA_BASE .section inpage 'code'
   1  0013              	db 0
   1  0026              @HCCINIT .section 'data'
   1  0026              	db 0
   1  0013              @ROMDATA_BASE .section inpage 'code'
   1  0013              	db 0
   1  0027              @HCCINIT .section 'data'
   1  0027              	db 0
   1  0014              @ROMDATA_BASE .section inpage 'code'
   1  0014              	db 0
   1  0028              @HCCINIT .section 'data'
"File: 2ch-2key.h    Assembler  Version HGASM0202      Page 26

   1  0028              public _Count_C1
   1  0028              #line 1 "E:\hamed\touch2\touch-2ch-2key\2ch-2key\2ch-2key.h"
   1  0028              @HCCINIT .section 'data'
   1  0028              _Count_C1 label byte
   1  0028              #pragma debug variable 14 1 _Count_C1 "Count_C1"
   1  0028              	db 0
   1  0014              @ROMDATA_BASE .section inpage 'code'
   1  0014              	db 0
   1  0029              @HCCINIT .section 'data'
   1  0029              	db 0
   1  0015              @ROMDATA_BASE .section inpage 'code'
   1  0015              	db 0
   1  002A              @HCCINIT .section 'data'
   1  002A              	db 0
   1  0015              @ROMDATA_BASE .section inpage 'code'
   1  0015              	db 0
   1  002B              @HCCINIT .section 'data'
   1  002B              	db 0
   1  0016              @ROMDATA_BASE .section inpage 'code'
   1  0016              	db 0
   1  002C              @HCCINIT .section 'data'
   1  002C              #pragma debug struct_end
   1  002C              #pragma debug struct_end
   1  002C              #pragma debug union_end
   1  002C              #pragma debug union_end
   1  002C              #pragma debug variable 43 1 ___smod "__smod" 1
   1  002C              #pragma debug struct_end
   1  002C              #pragma debug struct_end
   1  002C              #pragma debug union_end
   1  002C              #pragma debug union_end
   1  002C              #pragma debug variable 45 1 ___integ "__integ" 1
   1  002C              #pragma debug struct_end
   1  002C              #pragma debug struct_end
   1  002C              #pragma debug union_end
   1  002C              #pragma debug union_end
   1  002C              #pragma debug variable 47 1 ___intc0 "__intc0" 1
   1  002C              #pragma debug struct_end
   1  002C              #pragma debug struct_end
   1  002C              #pragma debug union_end
   1  002C              #pragma debug union_end
   1  002C              #pragma debug variable 49 1 ___pa "__pa" 1
   1  002C              #pragma debug struct_end
   1  002C              #pragma debug struct_end
   1  002C              #pragma debug union_end
   1  002C              #pragma debug union_end
   1  002C              #pragma debug variable 51 1 ___pac "__pac" 1
   1  002C              #pragma debug struct_end
   1  002C              #pragma debug struct_end
   1  002C              #pragma debug union_end
   1  002C              #pragma debug union_end
   1  002C              #pragma debug variable 53 1 ___tmrc "__tmrc" 1
   1  002C              #pragma debug variable 8 1 ___tktmr "__tktmr" 1
   1  002C              #pragma debug struct_end
   1  002C              #pragma debug struct_end
   1  002C              #pragma debug union_end
   1  002C              #pragma debug union_end
   1  002C              #pragma debug variable 55 1 ___tkc0 "__tkc0" 1
   1  002C              #pragma debug struct_end
   1  002C              #pragma debug struct_end
   1  002C              #pragma debug union_end
"File: 2ch-2key.h    Assembler  Version HGASM0202      Page 27

   1  002C              #pragma debug union_end
   1  002C              #pragma debug variable 57 1 ___tkc1 "__tkc1" 1
   1  002C              #pragma debug variable 8 1 ___tkm016dl "__tkm016dl" 1
   1  002C              #pragma debug variable 8 1 ___tkm016dh "__tkm016dh" 1
   1  002C              #pragma debug variable 8 1 ___tkm0rol "__tkm0rol" 1
   1  002C              #pragma debug variable 8 1 ___tkm0roh "__tkm0roh" 1
   1  002C              #pragma debug struct_end
   1  002C              #pragma debug struct_end
   1  002C              #pragma debug union_end
   1  002C              #pragma debug union_end
   1  002C              #pragma debug variable 59 1 ___tkm0c0 "__tkm0c0" 1
   1  002C              #pragma debug struct_end
   1  002C              #pragma debug struct_end
   1  002C              #pragma debug union_end
   1  002C              #pragma debug union_end
   1  002C              #pragma debug variable 61 1 ___tkm0c1 "__tkm0c1" 1
   1  002C              extern r1:byte
   1  002C              extern r2:byte

  31  002C              #line 31 "E:\hamed\touch2\touch-2ch-2key\2ch-2key\2ch-2key.c"
  31  0000              @code .section at 0 'code'
  31  0000  2800     R  	jmp _main_startup1
  31  0001              
  31  0001              extern _builtin_holtek_mulsi3_2:byte
  31  0001              extern _builtin_holtek_mulsi3:near
  31  0001              extern _builtin_holtek_udivmodsi4_2:byte
  31  0001              extern _builtin_holtek_udivmodsi4:near
  31  0001              
  31  0001              ; 
  31  0001              ; Generated by holtek-gcc v3.19, Thu Jun 20 17:35:19 2024
  31  0001              ; Rebuild 718
  31  0001              ; end of file


        0 Errors, 0